
ai city_placement =======================================

5 - 0 SCRIPT_MARKER  
5 - 1 PARAM_DECL who (0) int
8 - 7 PUSH 0 (0) 
8 - 12 INIT_DECL new_city (0X1) anytype
11 - 18 PUSH city_build" (0X1) 
11 - 23 CALL_EXTERN (enable_trigger) 
11 - 28 POP  
13 - 29 JUMP_IF_BITSET city_build (0) 123
13 - 38 BIT_SET city_build (0) 
14 - 43 PUSH City State" (0X2) 
14 - 48 PUSH who (0) 
14 - 53 CALL_EXTERN (have_tech) 
14 - 58 PUSH 0 (0) 
14 - 63 >  
14 - 64 JUMP_IF_NOT 96 
15 - 69 PUSH who (0) 
15 - 74 CALL_EXTERN (place_city_with_cost) 
15 - 79 POP  
16 - 80 PUSH health_check" (0X3) 
16 - 85 CALL_EXTERN (enable_trigger) 
16 - 90 POP  
16 - 91 JUMP 123 
19 - 96 PUSH City State" (0X2) 
19 - 101 PUSH who (0) 
19 - 106 CALL_EXTERN (research_tech_with_cost) 
19 - 111 POP  
20 - 112 PUSH city_build" (0X1) 
20 - 117 CALL_EXTERN (enable_trigger) 
20 - 122 POP  
24 - 123 JUMP_IF_BITSET health_check (0X1) 236
24 - 132 BIT_SET health_check (0X1) 
25 - 137 PUSH Small City" (0X4) 
25 - 142 PUSH who (0) 
25 - 147 CALL_EXTERN (find_inactive_build) 
25 - 152 JUMP_IF_NOT 225 
26 - 157 PUSH Small City" (0X4) 
26 - 162 PUSH who (0) 
26 - 167 CALL_EXTERN (find_inactive_build) 
26 - 172 = new_city (0X1) 
26 - 177 POP  
27 - 178 PUSH new_city (0X1) 
27 - 183 PUSH who (0) 
27 - 188 CALL_EXTERN (building_started) 
27 - 193 JUMP_IF_NOT 209 
28 - 198 PUSH 1 (0X5) 
28 - 203 RETURN  
28 - 204 JUMP 220 
31 - 209 PUSH health_check" (0X3) 
31 - 214 CALL_EXTERN (enable_trigger) 
31 - 219 POP  
32 - 220 JUMP 236 
35 - 225 PUSH city_build" (0X1) 
35 - 230 CALL_EXTERN (enable_trigger) 
35 - 235 POP  
39 - 236 PUSH -1 (0X6) 
39 - 241 RETURN  

ai place_woodcutter =======================================

45 - 242 SCRIPT_MARKER  
45 - 243 PARAM_DECL who (0) int
48 - 249 PUSH 0 (0) 
48 - 254 INIT_DECL wood_camp_2 (0X1) int
49 - 260 PUSH 0 (0) 
49 - 265 INIT_DECL wood_camp_size_2 (0X2) int
50 - 271 PUSH 1 (0X5) 
50 - 276 PUSH who (0) 
50 - 281 CALL_EXTERN (find_city_with_num) 
50 - 286 INIT_DECL my_capital (0X3) anytype
51 - 292 PUSH 2 (0X7) 
51 - 297 PUSH who (0) 
51 - 302 CALL_EXTERN (find_city_with_num) 
51 - 307 INIT_DECL my_second_city (0X4) anytype
52 - 313 PUSH 0 (0) 
52 - 318 INIT_DECL done (0X5) int
53 - 324 PUSH 1 (0X5) 
53 - 329 INIT_DECL city_down (0X6) int
54 - 335 PUSH 3 (0X8) 
54 - 340 INIT_DECL num_check (0X7) int
56 - 346 PUSH who (0) 
56 - 351 CALL_EXTERN (num_cities) 
56 - 356 PUSH 1 (0X5) 
56 - 361 ==  
56 - 362 JUMP_IF_SC_FALSE 388 
56 - 367 PUSH Small City" (0X4) 
56 - 372 PUSH who (0) 
56 - 377 CALL_EXTERN (find_inactive_build) 
56 - 382 PUSH 0 (0) 
56 - 387 <  
56 - 388 CAST_BOOL  
56 - 389 JUMP_IF_NOT 555 
57 - 394 PUSH my_capital (0X3) 
57 - 399 PUSH Woodcutter's Camp" (0X9) 
57 - 404 PUSH who (0) 
57 - 409 CALL_EXTERN (place_building_with_cost) 
57 - 414 PUSH 0 (0) 
57 - 419 >  
57 - 420 JUMP_IF_NOT 550 
58 - 425 PUSH Woodcutter's Camp" (0X9) 
58 - 430 PUSH who (0) 
58 - 435 CALL_EXTERN (find_inactive_build) 
58 - 440 = wood_camp_2 (0X1) 
58 - 445 POP  
59 - 446 PUSH wood_camp_2 (0X1) 
59 - 451 PUSH who (0) 
59 - 456 CALL_EXTERN (max_workers_at_building) 
59 - 461 = wood_camp_size_2 (0X2) 
59 - 466 POP  
60 - 467 PUSH wood_camp_size_2 (0X2) 
60 - 472 PUSH 5 (0XA) 
60 - 477 PUSH done (0X5) 
60 - 482 -  
60 - 483 >  
60 - 484 JUMP_IF_SC_FALSE 500 
60 - 489 PUSH done (0X5) 
60 - 494 PUSH 3 (0X8) 
60 - 499 <  
60 - 500 CAST_BOOL  
60 - 501 JUMP_IF_NOT 544 
62 - 506 PUSH wood_camp_2 (0X1) 
62 - 511 PUSH who (0) 
62 - 516 CALL_EXTERN (destroy_building) 
62 - 521 POP  
63 - 522 PUSH done (0X5) 
63 - 527 PUSH 1 (0X5) 
63 - 532 +  
63 - 533 = done (0X5) 
63 - 538 POP  
63 - 539 JUMP 550 
66 - 544 PUSH wood_camp_size_2 (0X2) 
66 - 549 RETURN  
69 - 550 JUMP 1188 
70 - 555 PUSH Small City" (0X4) 
70 - 560 PUSH who (0) 
70 - 565 CALL_EXTERN (find_inactive_build) 
70 - 570 PUSH 0 (0) 
70 - 575 >  
70 - 576 JUMP_IF_NOT 924 
71 - 581 PUSH Small City" (0X4) 
71 - 586 PUSH who (0) 
71 - 591 CALL_EXTERN (find_inactive_build) 
71 - 596 INIT_DECL my_new_city (0X8) anytype
72 - 602 PUSH my_new_city (0X8) 
72 - 607 PUSH Woodcutter's Camp" (0X9) 
72 - 612 PUSH who (0) 
72 - 617 CALL_EXTERN (place_orphan_building_with_cost) 
72 - 622 PUSH 0 (0) 
72 - 627 >  
72 - 628 JUMP_IF_NOT 763 
73 - 633 PUSH Woodcutter's Camp" (0X9) 
73 - 638 PUSH who (0) 
73 - 643 CALL_EXTERN (find_inactive_build) 
73 - 648 = wood_camp_2 (0X1) 
73 - 653 POP  
74 - 654 PUSH wood_camp_2 (0X1) 
74 - 659 PUSH who (0) 
74 - 664 CALL_EXTERN (max_workers_at_building) 
74 - 669 = wood_camp_size_2 (0X2) 
74 - 674 POP  
75 - 675 PUSH wood_camp_size_2 (0X2) 
75 - 680 PUSH 5 (0XA) 
75 - 685 PUSH done (0X5) 
75 - 690 -  
75 - 691 >  
75 - 692 JUMP_IF_SC_FALSE 708 
75 - 697 PUSH done (0X5) 
75 - 702 PUSH 3 (0X8) 
75 - 707 <  
75 - 708 CAST_BOOL  
75 - 709 JUMP_IF_NOT 752 
77 - 714 PUSH wood_camp_2 (0X1) 
77 - 719 PUSH who (0) 
77 - 724 CALL_EXTERN (destroy_building) 
77 - 729 POP  
78 - 730 PUSH done (0X5) 
78 - 735 PUSH 1 (0X5) 
78 - 740 +  
78 - 741 = done (0X5) 
78 - 746 POP  
78 - 747 JUMP 758 
81 - 752 PUSH wood_camp_size_2 (0X2) 
81 - 757 RETURN  
82 - 758 JUMP 919 
84 - 763 PUSH my_capital (0X3) 
84 - 768 PUSH Woodcutter's Camp" (0X9) 
84 - 773 PUSH who (0) 
84 - 778 CALL_EXTERN (place_building_with_cost) 
84 - 783 PUSH 0 (0) 
84 - 788 >  
84 - 789 JUMP_IF_NOT 919 
85 - 794 PUSH Woodcutter's Camp" (0X9) 
85 - 799 PUSH who (0) 
85 - 804 CALL_EXTERN (find_inactive_build) 
85 - 809 = wood_camp_2 (0X1) 
85 - 814 POP  
86 - 815 PUSH wood_camp_2 (0X1) 
86 - 820 PUSH who (0) 
86 - 825 CALL_EXTERN (max_workers_at_building) 
86 - 830 = wood_camp_size_2 (0X2) 
86 - 835 POP  
87 - 836 PUSH wood_camp_size_2 (0X2) 
87 - 841 PUSH 5 (0XA) 
87 - 846 PUSH done (0X5) 
87 - 851 -  
87 - 852 >  
87 - 853 JUMP_IF_SC_FALSE 869 
87 - 858 PUSH done (0X5) 
87 - 863 PUSH 3 (0X8) 
87 - 868 <  
87 - 869 CAST_BOOL  
87 - 870 JUMP_IF_NOT 913 
89 - 875 PUSH wood_camp_2 (0X1) 
89 - 880 PUSH who (0) 
89 - 885 CALL_EXTERN (destroy_building) 
89 - 890 POP  
90 - 891 PUSH done (0X5) 
90 - 896 PUSH 1 (0X5) 
90 - 901 +  
90 - 902 = done (0X5) 
90 - 907 POP  
90 - 908 JUMP 919 
93 - 913 PUSH wood_camp_size_2 (0X2) 
93 - 918 RETURN  
96 - 919 JUMP 1188 
97 - 924 PUSH who (0) 
97 - 929 CALL_EXTERN (num_cities) 
97 - 934 PUSH 2 (0X7) 
97 - 939 ==  
97 - 940 JUMP_IF_NOT 1134 
99 - 945 PUSH 2 (0X7) 
99 - 950 PUSH who (0) 
99 - 955 CALL_EXTERN (find_city_with_num) 
99 - 960 = my_second_city (0X4) 
99 - 965 POP  
100 - 966 PUSH my_second_city (0X4) 
100 - 971 PUSH Woodcutter's Camp" (0X9) 
100 - 976 PUSH who (0) 
100 - 981 CALL_EXTERN (place_building_with_cost) 
100 - 986 PUSH 0 (0) 
100 - 991 >  
100 - 992 JUMP_IF_NOT 1050 
102 - 997 PUSH Woodcutter's Camp" (0X9) 
102 - 1002 PUSH who (0) 
102 - 1007 CALL_EXTERN (find_inactive_build) 
102 - 1012 = wood_camp_2 (0X1) 
102 - 1017 POP  
103 - 1018 PUSH wood_camp_2 (0X1) 
103 - 1023 PUSH who (0) 
103 - 1028 CALL_EXTERN (max_workers_at_building) 
103 - 1033 = wood_camp_size_2 (0X2) 
103 - 1038 POP  
104 - 1039 PUSH wood_camp_size_2 (0X2) 
104 - 1044 RETURN  
104 - 1045 JUMP 1129 
106 - 1050 PUSH my_capital (0X3) 
106 - 1055 PUSH Woodcutter's Camp" (0X9) 
106 - 1060 PUSH who (0) 
106 - 1065 CALL_EXTERN (place_building_with_cost) 
106 - 1070 PUSH 0 (0) 
106 - 1075 >  
106 - 1076 JUMP_IF_NOT 1129 
108 - 1081 PUSH Woodcutter's Camp" (0X9) 
108 - 1086 PUSH who (0) 
108 - 1091 CALL_EXTERN (find_inactive_build) 
108 - 1096 = wood_camp_2 (0X1) 
108 - 1101 POP  
109 - 1102 PUSH wood_camp_2 (0X1) 
109 - 1107 PUSH who (0) 
109 - 1112 CALL_EXTERN (max_workers_at_building) 
109 - 1117 = wood_camp_size_2 (0X2) 
109 - 1122 POP  
110 - 1123 PUSH wood_camp_size_2 (0X2) 
110 - 1128 RETURN  
112 - 1129 JUMP 1188 
113 - 1134 PUSH Woodcutter's Camp" (0X9) 
113 - 1139 PUSH who (0) 
113 - 1144 CALL_EXTERN (can_pay_cost) 
113 - 1149 PUSH 0 (0) 
113 - 1154 >  
113 - 1155 JUMP_IF_NOT 1182 
115 - 1160 PUSH woodCut" (0XB) 
115 - 1165 CALL_EXTERN (enable_trigger) 
115 - 1170 POP  
116 - 1171 PUSH -1 (0X6) 
116 - 1176 RETURN  
116 - 1177 JUMP 1188 
118 - 1182 PUSH -1 (0X6) 
118 - 1187 RETURN  
120 - 1188 PUSH 0 (0) 
120 - 1193 RETURN  

ai woodcutter_check =======================================

123 - 1194 SCRIPT_MARKER  
123 - 1195 PARAM_DECL who (0) int
123 - 1201 PARAM_DECL max_woodcutters (0X1) int
123 - 1207 PARAM_DECL needed_workers (0X2) int
126 - 1213 JUMP_IF_INITED wood_check_size (0X80000000) 1233
126 - 1222 PUSH 3 (0X8) 
126 - 1227 INIT_DECL wood_check_size (0X80000000) int
127 - 1233 JUMP_IF_INITED done (0X80000001) 1253
127 - 1242 PUSH 0 (0) 
127 - 1247 INIT_DECL done (0X80000001) int
129 - 1253 PUSH max_woodcutters (0X1) 
129 - 1258 PUSH wood_check_size (0X80000000) 
129 - 1263 ==  
129 - 1264 JUMP_IF_SC_FALSE 1280 
129 - 1269 PUSH done (0X80000001) 
129 - 1274 PUSH 0 (0) 
129 - 1279 ==  
129 - 1280 CAST_BOOL  
129 - 1281 JUMP_IF_NOT 1389 
131 - 1286 PUSH who (0) 
131 - 1291 CALL 1 
131 - 1296 INIT_DECL wood_camp_size_2 (0X3) anytype
132 - 1302 PUSH max_woodcutters (0X1) 
132 - 1307 PUSH wood_camp_size_2 (0X3) 
132 - 1312 +  
132 - 1313 = max_woodcutters (0X1) 
132 - 1318 POP  
133 - 1319 PUSH max_woodcutters (0X1) 
133 - 1324 PUSH Farm" (0XC) 
133 - 1329 PUSH who (0) 
133 - 1334 CALL_EXTERN (num_type_with_queued) 
133 - 1339 +  
133 - 1340 = needed_workers (0X2) 
133 - 1345 POP  
134 - 1346 PUSH Citizen" (0XD) 
134 - 1351 PUSH needed_workers (0X2) 
134 - 1356 PUSH who (0) 
134 - 1361 CALL 4 
134 - 1366 POP  
135 - 1367 PUSH 1 (0X5) 
135 - 1372 = done (0X80000001) 
135 - 1377 POP  
136 - 1378 PUSH max_woodcutters (0X1) 
136 - 1383 RETURN  
136 - 1384 JUMP 1428 
138 - 1389 PUSH done (0X80000001) 
138 - 1394 PUSH 1 (0X5) 
138 - 1399 ==  
138 - 1400 JUMP_IF_NOT 1416 
140 - 1405 PUSH -1 (0X6) 
140 - 1410 RETURN  
140 - 1411 JUMP 1428 
144 - 1416 ++ wood_check_size (0X80000000) 
144 - 1421 POP  
145 - 1422 PUSH 0 (0) 
145 - 1427 RETURN  
148 - 1428 PUSH 0 (0) 
148 - 1433 RETURN  

ai build_farms =======================================

151 - 1434 SCRIPT_MARKER  
151 - 1435 PARAM_DECL who (0) int
151 - 1441 PARAM_DECL where (0X1) string
151 - 1447 PARAM_DECL num_farms (0X2) int
153 - 1453 PUSH Farm" (0XC) 
153 - 1458 PUSH who (0) 
153 - 1463 CALL_EXTERN (num_type_with_queued) 
153 - 1468 INIT_DECL farms (0X3) int
154 - 1474 PUSH 0 (0) 
154 - 1479 INIT_DECL farm_count (0X4) int
156 - 1485 PUSH farms (0X3) 
156 - 1490 INIT_DECL f (0X5) anytype
156 - 1496 JUMP 1507 
156 - 1501 ++ f (0X5) 
156 - 1506 POP  
156 - 1507 PUSH f (0X5) 
156 - 1512 PUSH num_farms (0X2) 
156 - 1517 PUSH farms (0X3) 
156 - 1522 +  
156 - 1523 <  
156 - 1524 JUMP_IF_NOT 1561 
157 - 1529 PUSH where (0X1) 
157 - 1534 PUSH Farm" (0XC) 
157 - 1539 PUSH who (0) 
157 - 1544 CALL_EXTERN (place_building_with_cost) 
157 - 1549 POP  
158 - 1550 ++ farm_count (0X4) 
158 - 1555 POP  
159 - 1556 JUMP 1501 
160 - 1561 PUSH farm_count (0X4) 
160 - 1566 PUSH num_farms (0X2) 
160 - 1571 ==  
160 - 1572 JUMP_IF_NOT 1588 
161 - 1577 PUSH 1 (0X5) 
161 - 1582 RETURN  
161 - 1583 JUMP 1594 
163 - 1588 PUSH -1 (0X6) 
163 - 1593 RETURN  
165 - 1594 PUSH 0 (0) 
165 - 1599 RETURN  

ai train_unit_with_need =======================================

169 - 1600 SCRIPT_MARKER  
169 - 1601 PARAM_DECL who (0) int
169 - 1607 PARAM_DECL needed_workers (0X1) int
169 - 1613 PARAM_DECL what (0X2) string
172 - 1619 PUSH 0 (0) 
172 - 1624 INIT_DECL times (0X3) int
174 - 1630 PUSH what (0X2) 
174 - 1635 PUSH who (0) 
174 - 1640 CALL_EXTERN (num_type_with_queued) 
174 - 1645 INIT_DECL pop (0X4) anytype
174 - 1651 JUMP 1662 
174 - 1656 ++ pop (0X4) 
174 - 1661 POP  
174 - 1662 PUSH pop (0X4) 
174 - 1667 PUSH needed_workers (0X1) 
174 - 1672 <  
174 - 1673 JUMP_IF_NOT 1710 
175 - 1678 ++ times (0X3) 
175 - 1683 POP  
178 - 1684 PUSH what (0X2) 
178 - 1689 PUSH 1 (0X5) 
178 - 1694 PUSH who (0) 
178 - 1699 CALL_EXTERN (train_unit_with_cost) 
178 - 1704 POP  
179 - 1705 JUMP 1656 
180 - 1710 PUSH needed_workers (0X1) 
180 - 1715 PUSH what (0X2) 
180 - 1720 PUSH who (0) 
180 - 1725 CALL_EXTERN (num_type_with_queued) 
180 - 1730 <=  
180 - 1731 JUMP_IF_NOT 1747 
180 - 1736 PUSH 1 (0X5) 
180 - 1741 RETURN  
180 - 1742 JUMP 1753 
182 - 1747 PUSH -1 (0X6) 
182 - 1752 RETURN  
184 - 1753 PUSH 0 (0) 
184 - 1758 RETURN  

ai assign_idle =======================================

188 - 1759 SCRIPT_MARKER  
188 - 1760 PARAM_DECL who (0) int
191 - 1766 PUSH 1 (0X5) 
191 - 1771 PUSH who (0) 
191 - 1776 CALL_EXTERN (find_city_with_num) 
191 - 1781 INIT_DECL my_capital (0X1) anytype
192 - 1787 PUSH 2 (0X7) 
192 - 1792 PUSH who (0) 
192 - 1797 CALL_EXTERN (find_city_with_num) 
192 - 1802 INIT_DECL my_second_city (0X2) anytype
193 - 1808 PUSH 0 (0) 
193 - 1813 INIT_DECL wood_camp (0X3) int
194 - 1819 PUSH 0 (0) 
194 - 1824 INIT_DECL build_new_wood_camp (0X4) int
196 - 1830 PUSH who (0) 
196 - 1835 CALL_EXTERN (find_idle_citizen) 
196 - 1840 INIT_DECL idle (0X5) anytype
197 - 1846 PUSH idle (0X5) 
197 - 1851 PUSH 0 (0) 
197 - 1856 !=  
197 - 1857 JUMP_IF_NOT 2490 
199 - 1862 PUSH Woodcutter's Camp" (0X9) 
199 - 1867 PUSH who (0) 
199 - 1872 CALL_EXTERN (num_type) 
199 - 1877 INIT_DECL i (0X6) anytype
199 - 1883 JUMP 1894 
199 - 1888 -- i (0X6) 
199 - 1893 POP  
199 - 1894 PUSH i (0X6) 
199 - 1899 PUSH 0 (0) 
199 - 1904 >  
199 - 1905 JUMP_IF_NOT 2010 
200 - 1910 PUSH Woodcutter's Camp" (0X9) 
200 - 1915 PUSH who (0) 
200 - 1920 CALL_EXTERN (find_build) 
200 - 1925 = wood_camp (0X3) 
200 - 1930 POP  
201 - 1931 PUSH wood_camp (0X3) 
201 - 1936 PUSH who (0) 
201 - 1941 CALL_EXTERN (num_workers_at_building) 
201 - 1946 PUSH wood_camp (0X3) 
201 - 1951 PUSH who (0) 
201 - 1956 CALL_EXTERN (max_workers_at_building) 
201 - 1961 <  
201 - 1962 JUMP_IF_NOT 1994 
202 - 1967 PUSH 0 (0) 
202 - 1972 = build_new_wood_camp (0X4) 
202 - 1977 POP  
203 - 1978 PUSH 4 (0XE) 
203 - 1983 RETURN  
204 - 1984 JUMP 2010 
204 - 1989 JUMP 2005 
207 - 1994 PUSH 1 (0X5) 
207 - 1999 = build_new_wood_camp (0X4) 
207 - 2004 POP  
209 - 2005 JUMP 1888 
211 - 2010 PUSH build_new_wood_camp (0X4) 
211 - 2015 PUSH 1 (0X5) 
211 - 2020 ==  
211 - 2021 JUMP_IF_NOT 2348 
213 - 2026 PUSH who (0) 
213 - 2031 CALL_EXTERN (num_cities) 
213 - 2036 PUSH 2 (0X7) 
213 - 2041 >=  
213 - 2042 JUMP_IF_NOT 2242 
214 - 2047 PUSH 2 (0X7) 
214 - 2052 PUSH who (0) 
214 - 2057 CALL_EXTERN (find_city_with_num) 
214 - 2062 = my_second_city (0X2) 
214 - 2067 POP  
215 - 2068 PUSH my_second_city (0X2) 
215 - 2073 PUSH Woodcutter's Camp" (0X9) 
215 - 2078 PUSH who (0) 
215 - 2083 CALL_EXTERN (place_building_with_cost) 
215 - 2088 PUSH 0 (0) 
215 - 2093 >  
215 - 2094 JUMP_IF_NOT 2131 
216 - 2099 PUSH Woodcutter's Camp" (0X9) 
216 - 2104 PUSH who (0) 
216 - 2109 CALL_EXTERN (find_inactive_build) 
216 - 2114 = wood_camp (0X3) 
216 - 2119 POP  
217 - 2120 PUSH 2 (0X7) 
217 - 2125 RETURN  
217 - 2126 JUMP 2237 
219 - 2131 PUSH my_capital (0X1) 
219 - 2136 PUSH Woodcutter's Camp" (0X9) 
219 - 2141 PUSH who (0) 
219 - 2146 CALL_EXTERN (place_building_with_cost) 
219 - 2151 PUSH 0 (0) 
219 - 2156 >  
219 - 2157 JUMP_IF_NOT 2194 
220 - 2162 PUSH Woodcutter's Camp" (0X9) 
220 - 2167 PUSH who (0) 
220 - 2172 CALL_EXTERN (find_inactive_build) 
220 - 2177 = wood_camp (0X3) 
220 - 2182 POP  
221 - 2183 PUSH 1 (0X5) 
221 - 2188 RETURN  
221 - 2189 JUMP 2237 
223 - 2194 PUSH Woodcutter's Camp" (0X9) 
223 - 2199 PUSH who (0) 
223 - 2204 CALL_EXTERN (can_pay_cost) 
223 - 2209 PUSH 0 (0) 
223 - 2214 >  
223 - 2215 JUMP_IF_NOT 2237 
224 - 2220 PUSH -1 (0X6) 
224 - 2225 = wood_camp (0X3) 
224 - 2230 POP  
225 - 2231 PUSH 0 (0) 
225 - 2236 RETURN  
227 - 2237 JUMP 2348 
229 - 2242 PUSH my_capital (0X1) 
229 - 2247 PUSH Woodcutter's Camp" (0X9) 
229 - 2252 PUSH who (0) 
229 - 2257 CALL_EXTERN (place_building_with_cost) 
229 - 2262 PUSH 0 (0) 
229 - 2267 >  
229 - 2268 JUMP_IF_NOT 2305 
230 - 2273 PUSH Woodcutter's Camp" (0X9) 
230 - 2278 PUSH who (0) 
230 - 2283 CALL_EXTERN (find_inactive_build) 
230 - 2288 = wood_camp (0X3) 
230 - 2293 POP  
231 - 2294 PUSH 1 (0X5) 
231 - 2299 RETURN  
231 - 2300 JUMP 2348 
233 - 2305 PUSH Woodcutter's Camp" (0X9) 
233 - 2310 PUSH who (0) 
233 - 2315 CALL_EXTERN (can_pay_cost) 
233 - 2320 PUSH 0 (0) 
233 - 2325 >  
233 - 2326 JUMP_IF_NOT 2348 
234 - 2331 PUSH -1 (0X6) 
234 - 2336 = wood_camp (0X3) 
234 - 2341 POP  
235 - 2342 PUSH 0 (0) 
235 - 2347 RETURN  
240 - 2348 PUSH wood_camp (0X3) 
240 - 2353 PUSH 0 (0) 
240 - 2358 >=  
240 - 2359 JUMP_IF_NOT 2490 
241 - 2364 PUSH wood_camp (0X3) 
241 - 2369 PUSH who (0) 
241 - 2374 CALL_EXTERN (object_position_x) 
241 - 2379 INIT_DECL xpos (0X7) anytype
242 - 2385 PUSH wood_camp (0X3) 
242 - 2390 PUSH who (0) 
242 - 2395 CALL_EXTERN (object_position_y) 
242 - 2400 INIT_DECL ypos (0X8) anytype
244 - 2406 PUSH who (0) 
244 - 2411 CALL_EXTERN (find_idle_citizen) 
244 - 2416 = idle (0X5) 
244 - 2421 POP  
244 - 2422 JUMP 2443 
244 - 2427 PUSH who (0) 
244 - 2432 CALL_EXTERN (find_idle_citizen) 
244 - 2437 = idle (0X5) 
244 - 2442 POP  
244 - 2443 PUSH idle (0X5) 
244 - 2448 PUSH -1 (0X6) 
244 - 2453 >  
244 - 2454 JUMP_IF_NOT 2490 
245 - 2459 PUSH ypos (0X8) 
245 - 2464 PUSH xpos (0X7) 
245 - 2469 PUSH idle (0X5) 
245 - 2474 PUSH who (0) 
245 - 2479 CALL_EXTERN (unit_move_order) 
245 - 2484 POP  
246 - 2485 JUMP 2427 
249 - 2490 PUSH -1 (0X6) 
249 - 2495 RETURN  
251 - 2496 PUSH 0 (0) 
251 - 2501 RETURN  
