
ai do_boom =======================================

7 - 0 SCRIPT_MARKER  
7 - 1 PARAM_DECL who (0) int
7 - 7 PARAM_DECL step (0X1) int
9 - 13 PUSH step (0X1) 
13 - 18 CASE 1 (0) 60
16 - 27 CASE 2 (0X1) 98
20 - 36 CASE 3 (0X2) 136
22 - 45 CASE 4 (0X7) 196
21 - 54 POP  
21 - 55 JUMP 202 
11 - 60 PUSH City State" (0X3) 
11 - 65 PUSH who (0) 
11 - 70 CALL_EXTERN (research_tech_with_cost) 
11 - 75 PUSH 0 (0X4) 
11 - 80 >  
11 - 81 JUMP_IF_NOT 92 
11 - 86 ++ step (0X1) 
11 - 91 POP  
12 - 92 PUSH 1 (0) 
12 - 97 RETURN  
14 - 98 PUSH Barter" (0X5) 
14 - 103 PUSH who (0) 
14 - 108 CALL_EXTERN (research_tech_with_cost) 
14 - 113 PUSH 0 (0X4) 
14 - 118 >  
14 - 119 JUMP_IF_NOT 130 
14 - 124 ++ step (0X1) 
14 - 129 POP  
15 - 130 PUSH 2 (0X1) 
15 - 135 RETURN  
17 - 136 CALL_EXTERN (get_difficulty) 
17 - 141 PUSH 1 (0) 
17 - 146 <=  
17 - 147 JUMP_IF_NOT 158 
17 - 152 PUSH 3 (0X2) 
17 - 157 RETURN  
18 - 158 PUSH Classical Age" (0X6) 
18 - 163 PUSH who (0) 
18 - 168 CALL_EXTERN (research_tech_with_cost) 
18 - 173 PUSH 0 (0X4) 
18 - 178 >  
18 - 179 JUMP_IF_NOT 190 
18 - 184 ++ step (0X1) 
18 - 189 POP  
19 - 190 PUSH 2 (0X1) 
19 - 195 RETURN  
21 - 196 PUSH 3 (0X2) 
21 - 201 RETURN  
23 - 202 PUSH 2 (0X1) 
23 - 207 RETURN  

ai do_rush =======================================

26 - 208 SCRIPT_MARKER  
26 - 209 PARAM_DECL who (0) int
26 - 215 PARAM_DECL step (0X1) int
28 - 221 PUSH step (0X1) 
32 - 226 CASE 1 (0) 268
35 - 235 CASE 2 (0X1) 306
39 - 244 CASE 3 (0X2) 344
41 - 253 CASE 4 (0X7) 404
40 - 262 POP  
40 - 263 JUMP 410 
30 - 268 PUSH City State" (0X3) 
30 - 273 PUSH who (0) 
30 - 278 CALL_EXTERN (research_tech_with_cost) 
30 - 283 PUSH 0 (0X4) 
30 - 288 >  
30 - 289 JUMP_IF_NOT 300 
30 - 294 ++ step (0X1) 
30 - 299 POP  
31 - 300 PUSH 1 (0) 
31 - 305 RETURN  
33 - 306 PUSH The Art of War" (0X8) 
33 - 311 PUSH who (0) 
33 - 316 CALL_EXTERN (research_tech_with_cost) 
33 - 321 PUSH 0 (0X4) 
33 - 326 >  
33 - 327 JUMP_IF_NOT 338 
33 - 332 ++ step (0X1) 
33 - 337 POP  
34 - 338 PUSH 2 (0X1) 
34 - 343 RETURN  
36 - 344 CALL_EXTERN (get_difficulty) 
36 - 349 PUSH 1 (0) 
36 - 354 <=  
36 - 355 JUMP_IF_NOT 366 
36 - 360 PUSH 3 (0X2) 
36 - 365 RETURN  
37 - 366 PUSH Classical Age" (0X6) 
37 - 371 PUSH who (0) 
37 - 376 CALL_EXTERN (research_tech_with_cost) 
37 - 381 PUSH 0 (0X4) 
37 - 386 >  
37 - 387 JUMP_IF_NOT 398 
37 - 392 ++ step (0X1) 
37 - 397 POP  
38 - 398 PUSH 2 (0X1) 
38 - 403 RETURN  
40 - 404 PUSH 3 (0X2) 
40 - 409 RETURN  
42 - 410 PUSH 2 (0X1) 
42 - 415 RETURN  

ai do_normal =======================================

45 - 416 SCRIPT_MARKER  
45 - 417 PARAM_DECL who (0) int
45 - 423 PARAM_DECL step (0X1) int
47 - 429 PUSH step (0X1) 
51 - 434 CASE 1 (0) 476
54 - 443 CASE 2 (0X1) 514
58 - 452 CASE 3 (0X2) 552
60 - 461 CASE 4 (0X7) 612
59 - 470 POP  
59 - 471 JUMP 618 
49 - 476 PUSH City State" (0X3) 
49 - 481 PUSH who (0) 
49 - 486 CALL_EXTERN (research_tech_with_cost) 
49 - 491 PUSH 0 (0X4) 
49 - 496 >  
49 - 497 JUMP_IF_NOT 508 
49 - 502 ++ step (0X1) 
49 - 507 POP  
50 - 508 PUSH 1 (0) 
50 - 513 RETURN  
52 - 514 PUSH Written Word" (0X9) 
52 - 519 PUSH who (0) 
52 - 524 CALL_EXTERN (research_tech_with_cost) 
52 - 529 PUSH 0 (0X4) 
52 - 534 >  
52 - 535 JUMP_IF_NOT 546 
52 - 540 ++ step (0X1) 
52 - 545 POP  
53 - 546 PUSH 2 (0X1) 
53 - 551 RETURN  
55 - 552 CALL_EXTERN (get_difficulty) 
55 - 557 PUSH 1 (0) 
55 - 562 <=  
55 - 563 JUMP_IF_NOT 574 
55 - 568 PUSH 3 (0X2) 
55 - 573 RETURN  
56 - 574 PUSH Classical Age" (0X6) 
56 - 579 PUSH who (0) 
56 - 584 CALL_EXTERN (research_tech_with_cost) 
56 - 589 PUSH 0 (0X4) 
56 - 594 >  
56 - 595 JUMP_IF_NOT 606 
56 - 600 ++ step (0X1) 
56 - 605 POP  
57 - 606 PUSH 2 (0X1) 
57 - 611 RETURN  
59 - 612 PUSH 3 (0X2) 
59 - 617 RETURN  
61 - 618 PUSH 2 (0X1) 
61 - 623 RETURN  

ai process =======================================

66 - 624 SCRIPT_MARKER  
66 - 625 PARAM_DECL who (0) int
66 - 631 PARAM_DECL step (0X1) int
66 - 637 PARAM_DECL boom_vs_rush (0X2) int
66 - 643 PARAM_DECL num_loops (0X3) int
75 - 649 PUSH step (0X1) 
75 - 654 PUSH 1 (0) 
75 - 659 ==  
75 - 660 JUMP_IF_NOT 757 
76 - 665 CALL_EXTERN (get_starting_town_size) 
76 - 670 INIT_DECL size (0X4) anytype
77 - 676 PUSH size (0X4) 
77 - 681 PUSH 0 (0X4) 
77 - 686 ==  
77 - 687 JUMP_IF_NOT 703 
77 - 692 PUSH 1 (0) 
77 - 697 = step (0X1) 
77 - 702 POP  
78 - 703 PUSH size (0X4) 
78 - 708 PUSH 1 (0) 
78 - 713 ==  
78 - 714 JUMP_IF_NOT 730 
78 - 719 PUSH 2 (0X1) 
78 - 724 = step (0X1) 
78 - 729 POP  
79 - 730 PUSH size (0X4) 
79 - 735 PUSH 2 (0X1) 
79 - 740 >=  
79 - 741 JUMP_IF_NOT 757 
79 - 746 PUSH 6 (0XA) 
79 - 751 = step (0X1) 
79 - 756 POP  
82 - 757 PUSH 1 (0) 
82 - 762 INIT_DECL return_value (0X5) int
84 - 768 PUSH 0 (0X4) 
84 - 773 INIT_DECL i (0X6) anytype
84 - 779 JUMP 1688 
86 - 784 PUSH who (0) 
86 - 789 CALL_EXTERN (find_capital) 
86 - 794 INIT_DECL my_capital (0X7) anytype
88 - 800 PUSH step (0X1) 
93 - 805 CASE 1 (0) 883
97 - 814 CASE 2 (0X1) 926
105 - 823 CASE 3 (0X2) 979
113 - 832 CASE 4 (0X7) 1107
117 - 841 CASE 5 (0XF) 1235
125 - 850 CASE 6 (0XA) 1282
133 - 859 CASE 7 (0XE) 1410
134 - 868 CASE 8 (0X11) 1538
145 - 877 POP  
145 - 878 JUMP 1538 
90 - 883 PUSH who (0) 
90 - 888 CALL_EXTERN (place_city_with_cost) 
90 - 893 PUSH 0 (0X4) 
90 - 898 >  
90 - 899 JUMP_IF_NOT 910 
90 - 904 ++ step (0X1) 
90 - 909 POP  
91 - 910 PUSH 1 (0) 
91 - 915 = return_value (0X5) 
91 - 920 POP  
92 - 921 JUMP 1682 
94 - 926 PUSH my_capital (0X7) 
94 - 931 PUSH Woodcutter's Camp" (0XB) 
94 - 936 PUSH who (0) 
94 - 941 CALL_EXTERN (place_building_with_cost) 
94 - 946 PUSH 0 (0X4) 
94 - 951 >  
94 - 952 JUMP_IF_NOT 963 
94 - 957 ++ step (0X1) 
94 - 962 POP  
95 - 963 PUSH 1 (0) 
95 - 968 = return_value (0X5) 
95 - 973 POP  
96 - 974 JUMP 1682 
98 - 979 PUSH Farm" (0XC) 
98 - 984 PUSH who (0) 
98 - 989 CALL_EXTERN (num_type_with_queued) 
98 - 994 INIT_DECL farms (0X8) anytype
99 - 1000 PUSH farms (0X8) 
99 - 1005 INIT_DECL f (0X9) anytype
99 - 1011 JUMP 1043 
100 - 1016 PUSH my_capital (0X7) 
100 - 1021 PUSH Farm" (0XC) 
100 - 1026 PUSH who (0) 
100 - 1031 CALL_EXTERN (place_building_with_cost) 
100 - 1036 POP  
99 - 1037 ++ f (0X9) 
99 - 1042 POP  
99 - 1043 PUSH f (0X9) 
99 - 1048 PUSH 3 (0X2) 
99 - 1053 <  
99 - 1054 JUMP_IF 1016 
102 - 1059 PUSH Farm" (0XC) 
102 - 1064 PUSH who (0) 
102 - 1069 CALL_EXTERN (num_type_with_queued) 
102 - 1074 PUSH 3 (0X2) 
102 - 1079 >=  
102 - 1080 JUMP_IF_NOT 1091 
102 - 1085 ++ step (0X1) 
102 - 1090 POP  
103 - 1091 PUSH 1 (0) 
103 - 1096 = return_value (0X5) 
103 - 1101 POP  
104 - 1102 JUMP 1682 
106 - 1107 PUSH Citizen" (0XD) 
106 - 1112 PUSH who (0) 
106 - 1117 CALL_EXTERN (num_type_with_queued) 
106 - 1122 INIT_DECL peas (0XA) anytype
107 - 1128 PUSH peas (0XA) 
107 - 1133 INIT_DECL p (0XB) anytype
107 - 1139 JUMP 1171 
108 - 1144 PUSH Citizen" (0XD) 
108 - 1149 PUSH 1 (0) 
108 - 1154 PUSH who (0) 
108 - 1159 CALL_EXTERN (train_unit_with_cost) 
108 - 1164 POP  
107 - 1165 ++ p (0XB) 
107 - 1170 POP  
107 - 1171 PUSH p (0XB) 
107 - 1176 PUSH 7 (0XE) 
107 - 1181 <  
107 - 1182 JUMP_IF 1144 
110 - 1187 PUSH Citizen" (0XD) 
110 - 1192 PUSH who (0) 
110 - 1197 CALL_EXTERN (num_type_with_queued) 
110 - 1202 PUSH 7 (0XE) 
110 - 1207 >=  
110 - 1208 JUMP_IF_NOT 1219 
110 - 1213 ++ step (0X1) 
110 - 1218 POP  
111 - 1219 PUSH 1 (0) 
111 - 1224 = return_value (0X5) 
111 - 1229 POP  
112 - 1230 JUMP 1682 
114 - 1235 PUSH my_capital (0X7) 
114 - 1240 PUSH Library" (0X10) 
114 - 1245 PUSH who (0) 
114 - 1250 CALL_EXTERN (place_building_with_cost) 
114 - 1255 JUMP_IF_NOT 1266 
114 - 1260 ++ step (0X1) 
114 - 1265 POP  
115 - 1266 PUSH 1 (0) 
115 - 1271 = return_value (0X5) 
115 - 1276 POP  
116 - 1277 JUMP 1682 
118 - 1282 PUSH Farm" (0XC) 
118 - 1287 PUSH who (0) 
118 - 1292 CALL_EXTERN (num_type_with_queued) 
118 - 1297 = farms (0X8) 
118 - 1302 POP  
119 - 1303 PUSH farms (0X8) 
119 - 1308 = f (0X9) 
119 - 1313 POP  
119 - 1314 JUMP 1346 
120 - 1319 PUSH my_capital (0X7) 
120 - 1324 PUSH Farm" (0XC) 
120 - 1329 PUSH who (0) 
120 - 1334 CALL_EXTERN (place_building_with_cost) 
120 - 1339 POP  
119 - 1340 ++ f (0X9) 
119 - 1345 POP  
119 - 1346 PUSH f (0X9) 
119 - 1351 PUSH 5 (0XF) 
119 - 1356 <  
119 - 1357 JUMP_IF 1319 
122 - 1362 PUSH Farm" (0XC) 
122 - 1367 PUSH who (0) 
122 - 1372 CALL_EXTERN (num_type_with_queued) 
122 - 1377 PUSH 5 (0XF) 
122 - 1382 >=  
122 - 1383 JUMP_IF_NOT 1394 
122 - 1388 ++ step (0X1) 
122 - 1393 POP  
123 - 1394 PUSH 1 (0) 
123 - 1399 = return_value (0X5) 
123 - 1404 POP  
124 - 1405 JUMP 1682 
126 - 1410 PUSH Citizen" (0XD) 
126 - 1415 PUSH who (0) 
126 - 1420 CALL_EXTERN (num_type_with_queued) 
126 - 1425 = peas (0XA) 
126 - 1430 POP  
127 - 1431 PUSH peas (0XA) 
127 - 1436 = p (0XB) 
127 - 1441 POP  
127 - 1442 JUMP 1474 
128 - 1447 PUSH Citizen" (0XD) 
128 - 1452 PUSH 1 (0) 
128 - 1457 PUSH who (0) 
128 - 1462 CALL_EXTERN (train_unit_with_cost) 
128 - 1467 POP  
127 - 1468 ++ p (0XB) 
127 - 1473 POP  
127 - 1474 PUSH p (0XB) 
127 - 1479 PUSH 8 (0X11) 
127 - 1484 <  
127 - 1485 JUMP_IF 1447 
130 - 1490 PUSH Citizen" (0XD) 
130 - 1495 PUSH who (0) 
130 - 1500 CALL_EXTERN (num_type_with_queued) 
130 - 1505 PUSH 8 (0X11) 
130 - 1510 >=  
130 - 1511 JUMP_IF_NOT 1522 
130 - 1516 ++ step (0X1) 
130 - 1521 POP  
131 - 1522 PUSH 1 (0) 
131 - 1527 = return_value (0X5) 
131 - 1532 POP  
132 - 1533 JUMP 1682 
135 - 1538 PUSH step (0X1) 
135 - 1543 PUSH 7 (0XE) 
135 - 1548 -  
135 - 1549 = step (0X1) 
135 - 1554 POP  
136 - 1555 PUSH boom_vs_rush (0X2) 
136 - 1560 PUSH 1 (0) 
136 - 1565 ==  
136 - 1566 JUMP_IF_NOT 1597 
137 - 1571 PUSH step (0X1) 
137 - 1576 PUSH who (0) 
137 - 1581 CALL 0 
137 - 1586 = return_value (0X5) 
137 - 1591 POP  
137 - 1592 JUMP 1660 
138 - 1597 PUSH boom_vs_rush (0X2) 
138 - 1602 PUSH 3 (0X2) 
138 - 1607 ==  
138 - 1608 JUMP_IF_NOT 1639 
139 - 1613 PUSH step (0X1) 
139 - 1618 PUSH who (0) 
139 - 1623 CALL 1 
139 - 1628 = return_value (0X5) 
139 - 1633 POP  
139 - 1634 JUMP 1660 
141 - 1639 PUSH step (0X1) 
141 - 1644 PUSH who (0) 
141 - 1649 CALL 2 
141 - 1654 = return_value (0X5) 
141 - 1659 POP  
143 - 1660 PUSH step (0X1) 
143 - 1665 PUSH 7 (0XE) 
143 - 1670 +  
143 - 1671 = step (0X1) 
143 - 1676 POP  
144 - 1677 JUMP 1682 
84 - 1682 ++ i (0X6) 
84 - 1687 POP  
84 - 1688 PUSH i (0X6) 
84 - 1693 PUSH num_loops (0X3) 
84 - 1698 <  
84 - 1699 JUMP_IF 784 
148 - 1704 PUSH return_value (0X5) 
148 - 1709 RETURN  
