
ai defensive =======================================

12 - 0 SCRIPT_MARKER  
12 - 1 PARAM_DECL who (0) int
12 - 7 PARAM_DECL step (0X1) int
12 - 13 PARAM_DECL boom_vs_rush (0X2) int
12 - 19 PARAM_DECL num_loops (0X3) int
15 - 25 PUSH 1 (0) 
15 - 30 INIT_DECL return_value (0X4) int
16 - 36 PUSH 0 (0X1C) 
16 - 41 INIT_DECL old_step (0X5) int
17 - 47 PUSH who (0) 
17 - 52 CALL_EXTERN (find_nation) 
17 - 57 INIT_DECL who_nation (0X6) anytype
18 - 63 JUMP_IF_INITED needed_techs (0X80000000) 88
18 - 72 PUSH who (0) 
18 - 77 CALL_EXTERN (get_techs_per_age) 
18 - 82 INIT_DECL needed_techs (0X80000000) int
19 - 88 PUSH who (0) 
19 - 93 CALL_EXTERN (age) 
19 - 98 INIT_DECL player_age (0X7) int
20 - 104 JUMP_IF_INITED wood_camp_1 (0X80000001) 124
20 - 113 PUSH 0 (0X1C) 
20 - 118 INIT_DECL wood_camp_1 (0X80000001) int
21 - 124 JUMP_IF_INITED wood_camp_size_2 (0X80000002) 144
21 - 133 PUSH 0 (0X1C) 
21 - 138 INIT_DECL wood_camp_size_2 (0X80000002) int
22 - 144 JUMP_IF_INITED max_woodcutters (0X80000003) 164
22 - 153 PUSH 0 (0X1C) 
22 - 158 INIT_DECL max_woodcutters (0X80000003) int
23 - 164 PUSH 1 (0) 
23 - 169 PUSH who (0) 
23 - 174 CALL_EXTERN (find_city_with_num) 
23 - 179 INIT_DECL my_capital (0X8) anytype
24 - 185 JUMP_IF_INITED needed_workers (0X80000004) 205
24 - 194 PUSH 0 (0X1C) 
24 - 199 INIT_DECL needed_workers (0X80000004) int
25 - 205 JUMP_IF_INITED unbuilt_citizen (0X80000005) 225
25 - 214 PUSH 0 (0X1C) 
25 - 219 INIT_DECL unbuilt_citizen (0X80000005) int
26 - 225 JUMP_IF_INITED wood_camp_build (0X80000006) 245
26 - 234 PUSH 0 (0X1C) 
26 - 239 INIT_DECL wood_camp_build (0X80000006) int
27 - 245 JUMP_IF_INITED farm_non_place (0X80000007) 265
27 - 254 PUSH 0 (0X1C) 
27 - 259 INIT_DECL farm_non_place (0X80000007) int
29 - 265 PUSH step (0X1) 
29 - 270 PUSH 1 (0) 
29 - 275 ==  
29 - 276 JUMP_IF_NOT 521 
30 - 281 PUSH who (0) 
30 - 286 CALL_EXTERN (get_starting_resources) 
30 - 291 PUSH 7 (0X3) 
30 - 296 ==  
30 - 297 JUMP_IF_NOT 313 
31 - 302 PUSH 3 (0X2) 
31 - 307 = return_value (0X4) 
31 - 312 POP  
33 - 313 PUSH who (0) 
33 - 318 CALL_EXTERN (get_starting_town_size) 
33 - 323 INIT_DECL size (0X9) anytype
34 - 329 PUSH size (0X9) 
34 - 334 PUSH 0 (0X1C) 
34 - 339 ==  
34 - 340 JUMP_IF_NOT 356 
34 - 345 PUSH 1 (0) 
34 - 350 = step (0X1) 
34 - 355 POP  
35 - 356 PUSH size (0X9) 
35 - 361 PUSH 1 (0) 
35 - 366 ==  
35 - 367 JUMP_IF_NOT 383 
35 - 372 PUSH 2 (0X1) 
35 - 377 = step (0X1) 
35 - 382 POP  
36 - 383 PUSH size (0X9) 
36 - 388 PUSH 2 (0X1) 
36 - 393 ==  
36 - 394 JUMP_IF_NOT 452 
37 - 399 PUSH 6 (0X4) 
37 - 404 = step (0X1) 
37 - 409 POP  
38 - 410 PUSH Woodcutter's Camp" (0X25) 
38 - 415 PUSH who (0) 
38 - 420 CALL_EXTERN (find_build) 
38 - 425 = wood_camp_1 (0X80000001) 
38 - 430 POP  
39 - 431 PUSH wood_camp_1 (0X80000001) 
39 - 436 PUSH who (0) 
39 - 441 CALL_EXTERN (max_workers_at_building) 
39 - 446 = max_woodcutters (0X80000003) 
39 - 451 POP  
41 - 452 PUSH size (0X9) 
41 - 457 PUSH 3 (0X2) 
41 - 462 >=  
41 - 463 JUMP_IF_NOT 521 
42 - 468 PUSH 7 (0X3) 
42 - 473 = step (0X1) 
42 - 478 POP  
43 - 479 PUSH Woodcutter's Camp" (0X25) 
43 - 484 PUSH who (0) 
43 - 489 CALL_EXTERN (find_build) 
43 - 494 = wood_camp_1 (0X80000001) 
43 - 499 POP  
44 - 500 PUSH wood_camp_1 (0X80000001) 
44 - 505 PUSH who (0) 
44 - 510 CALL_EXTERN (max_workers_at_building) 
44 - 515 = max_woodcutters (0X80000003) 
44 - 520 POP  
48 - 521 PUSH 0 (0X1C) 
48 - 526 INIT_DECL i (0XA) anytype
48 - 532 JUMP 543 
48 - 537 ++ i (0XA) 
48 - 542 POP  
48 - 543 PUSH i (0XA) 
48 - 548 PUSH num_loops (0X3) 
48 - 553 <  
48 - 554 JUMP_IF_NOT 2705 
50 - 559 PUSH 1 (0) 
50 - 564 PUSH who (0) 
50 - 569 CALL_EXTERN (find_city_with_num) 
50 - 574 = my_capital (0X8) 
50 - 579 POP  
56 - 580 PUSH step (0X1) 
56 - 585 = old_step (0X5) 
56 - 590 POP  
58 - 591 PUSH step (0X1) 
58 - 596 CASE 1 (0) 809
58 - 605 CASE 2 (0X1) 852
58 - 614 CASE 3 (0X2) 905
58 - 623 CASE 4 (0X2A) 962
58 - 632 CASE 5 (0X26) 1095
58 - 641 CASE 6 (0X4) 1142
58 - 650 CASE 7 (0X3) 1199
58 - 659 CASE 8 (0X6) 1241
58 - 668 CASE 9 (0X7) 1307
58 - 677 CASE 10 (0X8) 1354
58 - 686 CASE 11 (0XA) 1396
58 - 695 CASE 12 (0XB) 1476
58 - 704 CASE 13 (0XD) 1524
58 - 713 CASE 14 (0XE) 1726
58 - 722 CASE 15 (0XF) 1773
58 - 731 CASE 16 (0X11) 1863
58 - 740 CASE 17 (0X12) 1910
58 - 749 CASE 18 (0X13) 2112
58 - 758 CASE 19 (0X14) 2159
58 - 767 CASE 20 (0X15) 2361
58 - 776 CASE 21 (0X17) 2456
58 - 785 CASE 22 (0X19) 2498
58 - 794 CASE 23 (0X1A) 2593
58 - 803 POP  
58 - 804 JUMP 2684 
60 - 809 PUSH who (0) 
60 - 814 CALL_EXTERN (place_city_with_cost) 
60 - 819 PUSH 0 (0X1C) 
60 - 824 >  
60 - 825 JUMP_IF_NOT 836 
60 - 830 ++ step (0X1) 
60 - 835 POP  
61 - 836 PUSH 1 (0) 
61 - 841 = return_value (0X4) 
61 - 846 POP  
62 - 847 JUMP 2700 
64 - 852 PUSH my_capital (0X8) 
64 - 857 PUSH Woodcutter's Camp" (0X25) 
64 - 862 PUSH who (0) 
64 - 867 CALL_EXTERN (place_building_with_cost) 
64 - 872 PUSH 0 (0X1C) 
64 - 877 >  
64 - 878 JUMP_IF_NOT 889 
64 - 883 ++ step (0X1) 
64 - 888 POP  
65 - 889 PUSH 1 (0) 
65 - 894 = return_value (0X4) 
65 - 899 POP  
66 - 900 JUMP 2700 
68 - 905 PUSH 3 (0X2) 
68 - 910 PUSH my_capital (0X8) 
68 - 915 PUSH who (0) 
68 - 920 CALL_OUTSIDE 3 0
68 - 929 PUSH 0 (0X1C) 
68 - 934 >  
68 - 935 JUMP_IF_NOT 946 
68 - 940 ++ step (0X1) 
68 - 945 POP  
69 - 946 PUSH 1 (0) 
69 - 951 = return_value (0X4) 
69 - 956 POP  
70 - 957 JUMP 2700 
72 - 962 PUSH Citizen" (0X29) 
72 - 967 PUSH who (0) 
72 - 972 CALL_EXTERN (num_type_with_queued) 
72 - 977 INIT_DECL peas (0XB) anytype
73 - 983 PUSH peas (0XB) 
73 - 988 INIT_DECL p (0XC) anytype
73 - 994 JUMP 1005 
73 - 999 ++ p (0XC) 
73 - 1004 POP  
73 - 1005 PUSH p (0XC) 
73 - 1010 PUSH 5 (0X26) 
73 - 1015 <  
73 - 1016 JUMP_IF_NOT 1047 
74 - 1021 PUSH Citizen" (0X29) 
74 - 1026 PUSH 1 (0) 
74 - 1031 PUSH who (0) 
74 - 1036 CALL_EXTERN (train_unit_with_cost) 
74 - 1041 POP  
75 - 1042 JUMP 999 
76 - 1047 PUSH Citizen" (0X29) 
76 - 1052 PUSH who (0) 
76 - 1057 CALL_EXTERN (num_type_with_queued) 
76 - 1062 PUSH 5 (0X26) 
76 - 1067 >=  
76 - 1068 JUMP_IF_NOT 1079 
76 - 1073 ++ step (0X1) 
76 - 1078 POP  
77 - 1079 PUSH 1 (0) 
77 - 1084 = return_value (0X4) 
77 - 1089 POP  
78 - 1090 JUMP 2700 
80 - 1095 PUSH my_capital (0X8) 
80 - 1100 PUSH Library" (0X5) 
80 - 1105 PUSH who (0) 
80 - 1110 CALL_EXTERN (place_building_with_cost) 
80 - 1115 JUMP_IF_NOT 1126 
80 - 1120 ++ step (0X1) 
80 - 1125 POP  
81 - 1126 PUSH 1 (0) 
81 - 1131 = return_value (0X4) 
81 - 1136 POP  
82 - 1137 JUMP 2700 
84 - 1142 PUSH 2 (0X1) 
84 - 1147 PUSH my_capital (0X8) 
84 - 1152 PUSH who (0) 
84 - 1157 CALL_OUTSIDE 3 1
84 - 1166 PUSH 0 (0X1C) 
84 - 1171 >  
84 - 1172 JUMP_IF_NOT 1183 
84 - 1177 ++ step (0X1) 
84 - 1182 POP  
85 - 1183 PUSH 1 (0) 
85 - 1188 = return_value (0X4) 
85 - 1193 POP  
86 - 1194 JUMP 2700 
88 - 1199 PUSH City State" (0X1E) 
88 - 1204 PUSH who (0) 
88 - 1209 CALL_EXTERN (research_tech_with_cost) 
88 - 1214 JUMP_IF_NOT 1225 
88 - 1219 ++ step (0X1) 
88 - 1224 POP  
89 - 1225 PUSH 1 (0) 
89 - 1230 = return_value (0X4) 
89 - 1235 POP  
90 - 1236 JUMP 2700 
92 - 1241 PUSH 8 (0X6) 
92 - 1246 = needed_workers (0X80000004) 
92 - 1251 POP  
93 - 1252 PUSH Citizen" (0X29) 
93 - 1257 PUSH needed_workers (0X80000004) 
93 - 1262 PUSH who (0) 
93 - 1267 CALL_OUTSIDE 4 2
93 - 1276 POP  
94 - 1277 ++ step (0X1) 
94 - 1282 POP  
95 - 1283 PUSH 1 (0) 
95 - 1288 INIT_DECL value (0XD) anytype
95 - 1294 PUSH value (0XD) 
95 - 1299 CAST int 
95 - 1301 RETURN  
96 - 1302 JUMP 2700 
98 - 1307 PUSH who (0) 
98 - 1312 CALL_OUTSIDE 0 3
98 - 1321 PUSH 0 (0X1C) 
98 - 1326 >  
98 - 1327 JUMP_IF_NOT 1338 
98 - 1332 ++ step (0X1) 
98 - 1337 POP  
99 - 1338 PUSH 1 (0) 
99 - 1343 = return_value (0X4) 
99 - 1348 POP  
100 - 1349 JUMP 2700 
102 - 1354 PUSH Barter" (0X9) 
102 - 1359 PUSH who (0) 
102 - 1364 CALL_EXTERN (research_tech_with_cost) 
102 - 1369 JUMP_IF_NOT 1380 
102 - 1374 ++ step (0X1) 
102 - 1379 POP  
103 - 1380 PUSH 1 (0) 
103 - 1385 = return_value (0X4) 
103 - 1390 POP  
104 - 1391 JUMP 2700 
106 - 1396 PUSH max_woodcutters (0X80000003) 
106 - 1401 PUSH Farm" (0X28) 
106 - 1406 PUSH who (0) 
106 - 1411 CALL_EXTERN (num_type_with_queued) 
106 - 1416 +  
106 - 1417 PUSH 1 (0) 
106 - 1422 +  
106 - 1423 = needed_workers (0X80000004) 
106 - 1428 POP  
107 - 1429 PUSH Citizen" (0X29) 
107 - 1434 PUSH needed_workers (0X80000004) 
107 - 1439 PUSH who (0) 
107 - 1444 CALL_OUTSIDE 4 4
107 - 1453 POP  
108 - 1454 ++ step (0X1) 
108 - 1459 POP  
109 - 1460 PUSH 1 (0) 
109 - 1465 = return_value (0X4) 
109 - 1470 POP  
110 - 1471 JUMP 2700 
112 - 1476 PUSH The Art of War" (0XC) 
112 - 1481 PUSH who (0) 
112 - 1486 CALL_EXTERN (research_tech_with_cost) 
112 - 1491 PUSH 0 (0X1C) 
112 - 1496 >  
112 - 1497 JUMP_IF_NOT 1508 
112 - 1502 ++ step (0X1) 
112 - 1507 POP  
113 - 1508 PUSH 1 (0) 
113 - 1513 = return_value (0X4) 
113 - 1518 POP  
114 - 1519 JUMP 2700 
116 - 1524 PUSH who (0) 
116 - 1529 CALL_EXTERN (num_cities) 
116 - 1534 PUSH 2 (0X1) 
116 - 1539 ==  
116 - 1540 JUMP_IF_NOT 1656 
117 - 1545 PUSH 2 (0X1) 
117 - 1550 PUSH who (0) 
117 - 1555 CALL_EXTERN (find_city_with_num) 
117 - 1560 INIT_DECL my_second_city (0XE) anytype
118 - 1566 PUSH 1 (0) 
118 - 1571 PUSH farm_non_place (0X80000007) 
118 - 1576 +  
118 - 1577 PUSH my_second_city (0XE) 
118 - 1582 PUSH who (0) 
118 - 1587 CALL_OUTSIDE 3 5
118 - 1596 PUSH 0 (0X1C) 
118 - 1601 >  
118 - 1602 JUMP_IF_NOT 1651 
119 - 1607 PUSH max_woodcutters (0X80000003) 
119 - 1612 PUSH Farm" (0X28) 
119 - 1617 PUSH who (0) 
119 - 1622 CALL_EXTERN (num_type_with_queued) 
119 - 1627 +  
119 - 1628 = needed_workers (0X80000004) 
119 - 1633 POP  
120 - 1634 PUSH 0 (0X1C) 
120 - 1639 = farm_non_place (0X80000007) 
120 - 1644 POP  
121 - 1645 ++ step (0X1) 
121 - 1650 POP  
123 - 1651 JUMP 1710 
124 - 1656 PUSH who (0) 
124 - 1661 CALL_OUTSIDE 0 6
124 - 1670 PUSH 0 (0X1C) 
124 - 1675 >  
124 - 1676 JUMP_IF_NOT 1698 
125 - 1681 ++ farm_non_place (0X80000007) 
125 - 1686 POP  
126 - 1687 ++ step (0X1) 
126 - 1692 POP  
126 - 1693 JUMP 1710 
129 - 1698 ++ farm_non_place (0X80000007) 
129 - 1703 POP  
130 - 1704 ++ step (0X1) 
130 - 1709 POP  
132 - 1710 PUSH 1 (0) 
132 - 1715 = return_value (0X4) 
132 - 1720 POP  
133 - 1721 JUMP 2700 
135 - 1726 PUSH Citizen" (0X29) 
135 - 1731 PUSH needed_workers (0X80000004) 
135 - 1736 PUSH who (0) 
135 - 1741 CALL_OUTSIDE 4 7
135 - 1750 POP  
136 - 1751 ++ step (0X1) 
136 - 1756 POP  
137 - 1757 PUSH 1 (0) 
137 - 1762 = return_value (0X4) 
137 - 1767 POP  
138 - 1768 JUMP 2700 
140 - 1773 PUSH Market" (0X10) 
140 - 1778 PUSH who (0) 
140 - 1783 CALL_EXTERN (num_type) 
140 - 1788 PUSH 0 (0X1C) 
140 - 1793 ==  
140 - 1794 JUMP_IF_NOT 1841 
142 - 1799 PUSH my_capital (0X8) 
142 - 1804 PUSH Market" (0X10) 
142 - 1809 PUSH who (0) 
142 - 1814 CALL_EXTERN (place_building_with_cost) 
142 - 1819 PUSH 0 (0X1C) 
142 - 1824 >  
142 - 1825 JUMP_IF_NOT 1836 
144 - 1830 ++ step (0X1) 
144 - 1835 POP  
146 - 1836 JUMP 1847 
149 - 1841 ++ step (0X1) 
149 - 1846 POP  
151 - 1847 PUSH 1 (0) 
151 - 1852 = return_value (0X4) 
151 - 1857 POP  
152 - 1858 JUMP 2700 
154 - 1863 PUSH Citizen" (0X29) 
154 - 1868 PUSH needed_workers (0X80000004) 
154 - 1873 PUSH who (0) 
154 - 1878 CALL_OUTSIDE 4 8
154 - 1887 POP  
155 - 1888 ++ step (0X1) 
155 - 1893 POP  
156 - 1894 PUSH 1 (0) 
156 - 1899 = return_value (0X4) 
156 - 1904 POP  
157 - 1905 JUMP 2700 
159 - 1910 PUSH who (0) 
159 - 1915 CALL_EXTERN (num_cities) 
159 - 1920 PUSH 2 (0X1) 
159 - 1925 ==  
159 - 1926 JUMP_IF_NOT 2042 
160 - 1931 PUSH 2 (0X1) 
160 - 1936 PUSH who (0) 
160 - 1941 CALL_EXTERN (find_city_with_num) 
160 - 1946 = my_second_city (0XE) 
160 - 1951 POP  
161 - 1952 PUSH 1 (0) 
161 - 1957 PUSH farm_non_place (0X80000007) 
161 - 1962 +  
161 - 1963 PUSH my_second_city (0XE) 
161 - 1968 PUSH who (0) 
161 - 1973 CALL_OUTSIDE 3 9
161 - 1982 PUSH 0 (0X1C) 
161 - 1987 >  
161 - 1988 JUMP_IF_NOT 2037 
162 - 1993 PUSH max_woodcutters (0X80000003) 
162 - 1998 PUSH Farm" (0X28) 
162 - 2003 PUSH who (0) 
162 - 2008 CALL_EXTERN (num_type_with_queued) 
162 - 2013 +  
162 - 2014 = needed_workers (0X80000004) 
162 - 2019 POP  
163 - 2020 PUSH 0 (0X1C) 
163 - 2025 = farm_non_place (0X80000007) 
163 - 2030 POP  
164 - 2031 ++ step (0X1) 
164 - 2036 POP  
166 - 2037 JUMP 2096 
167 - 2042 PUSH who (0) 
167 - 2047 CALL_OUTSIDE 0 10
167 - 2056 PUSH 0 (0X1C) 
167 - 2061 >  
167 - 2062 JUMP_IF_NOT 2084 
168 - 2067 ++ farm_non_place (0X80000007) 
168 - 2072 POP  
169 - 2073 ++ step (0X1) 
169 - 2078 POP  
169 - 2079 JUMP 2096 
172 - 2084 ++ farm_non_place (0X80000007) 
172 - 2089 POP  
173 - 2090 ++ step (0X1) 
173 - 2095 POP  
175 - 2096 PUSH 1 (0) 
175 - 2101 = return_value (0X4) 
175 - 2106 POP  
176 - 2107 JUMP 2700 
178 - 2112 PUSH Citizen" (0X29) 
178 - 2117 PUSH needed_workers (0X80000004) 
178 - 2122 PUSH who (0) 
178 - 2127 CALL_OUTSIDE 4 11
178 - 2136 POP  
179 - 2137 ++ step (0X1) 
179 - 2142 POP  
180 - 2143 PUSH 1 (0) 
180 - 2148 = return_value (0X4) 
180 - 2153 POP  
181 - 2154 JUMP 2700 
183 - 2159 PUSH who (0) 
183 - 2164 CALL_EXTERN (num_cities) 
183 - 2169 PUSH 2 (0X1) 
183 - 2174 ==  
183 - 2175 JUMP_IF_NOT 2291 
184 - 2180 PUSH 2 (0X1) 
184 - 2185 PUSH who (0) 
184 - 2190 CALL_EXTERN (find_city_with_num) 
184 - 2195 = my_second_city (0XE) 
184 - 2200 POP  
185 - 2201 PUSH 1 (0) 
185 - 2206 PUSH farm_non_place (0X80000007) 
185 - 2211 +  
185 - 2212 PUSH my_second_city (0XE) 
185 - 2217 PUSH who (0) 
185 - 2222 CALL_OUTSIDE 3 12
185 - 2231 PUSH 0 (0X1C) 
185 - 2236 >  
185 - 2237 JUMP_IF_NOT 2286 
186 - 2242 PUSH max_woodcutters (0X80000003) 
186 - 2247 PUSH Farm" (0X28) 
186 - 2252 PUSH who (0) 
186 - 2257 CALL_EXTERN (num_type_with_queued) 
186 - 2262 +  
186 - 2263 = needed_workers (0X80000004) 
186 - 2268 POP  
187 - 2269 PUSH 0 (0X1C) 
187 - 2274 = farm_non_place (0X80000007) 
187 - 2279 POP  
188 - 2280 ++ step (0X1) 
188 - 2285 POP  
190 - 2286 JUMP 2345 
191 - 2291 PUSH who (0) 
191 - 2296 CALL_OUTSIDE 0 13
191 - 2305 PUSH 0 (0X1C) 
191 - 2310 >  
191 - 2311 JUMP_IF_NOT 2333 
192 - 2316 ++ farm_non_place (0X80000007) 
192 - 2321 POP  
193 - 2322 ++ step (0X1) 
193 - 2327 POP  
193 - 2328 JUMP 2345 
196 - 2333 ++ farm_non_place (0X80000007) 
196 - 2338 POP  
197 - 2339 ++ step (0X1) 
197 - 2344 POP  
199 - 2345 PUSH 1 (0) 
199 - 2350 = return_value (0X4) 
199 - 2355 POP  
200 - 2356 JUMP 2700 
202 - 2361 PUSH who (0) 
202 - 2366 CALL_EXTERN (num_rare_resources_seen) 
202 - 2371 PUSH Merchant" (0X16) 
202 - 2376 PUSH who (0) 
202 - 2381 CALL_EXTERN (num_type_with_queued) 
202 - 2386 >  
202 - 2387 JUMP_IF_NOT 2434 
203 - 2392 PUSH Merchant" (0X16) 
203 - 2397 PUSH 1 (0) 
203 - 2402 PUSH who (0) 
203 - 2407 CALL_EXTERN (train_unit_with_cost) 
203 - 2412 PUSH 0 (0X1C) 
203 - 2417 >  
203 - 2418 JUMP_IF_NOT 2429 
203 - 2423 ++ step (0X1) 
203 - 2428 POP  
204 - 2429 JUMP 2440 
205 - 2434 ++ step (0X1) 
205 - 2439 POP  
206 - 2440 PUSH 1 (0) 
206 - 2445 = return_value (0X4) 
206 - 2450 POP  
207 - 2451 JUMP 2700 
209 - 2456 PUSH Written Word" (0X18) 
209 - 2461 PUSH who (0) 
209 - 2466 CALL_EXTERN (research_tech_with_cost) 
209 - 2471 JUMP_IF_NOT 2482 
209 - 2476 ++ step (0X1) 
209 - 2481 POP  
210 - 2482 PUSH 1 (0) 
210 - 2487 = return_value (0X4) 
210 - 2492 POP  
211 - 2493 JUMP 2700 
213 - 2498 PUSH who (0) 
213 - 2503 CALL_EXTERN (num_rare_resources_seen) 
213 - 2508 PUSH Merchant" (0X16) 
213 - 2513 PUSH who (0) 
213 - 2518 CALL_EXTERN (num_type_with_queued) 
213 - 2523 >  
213 - 2524 JUMP_IF_NOT 2571 
214 - 2529 PUSH Merchant" (0X16) 
214 - 2534 PUSH 1 (0) 
214 - 2539 PUSH who (0) 
214 - 2544 CALL_EXTERN (train_unit_with_cost) 
214 - 2549 PUSH 0 (0X1C) 
214 - 2554 >  
214 - 2555 JUMP_IF_NOT 2566 
214 - 2560 ++ step (0X1) 
214 - 2565 POP  
215 - 2566 JUMP 2577 
216 - 2571 ++ step (0X1) 
216 - 2576 POP  
217 - 2577 PUSH 1 (0) 
217 - 2582 = return_value (0X4) 
217 - 2587 POP  
218 - 2588 JUMP 2700 
220 - 2593 PUSH needed_techs (0X80000000) 
220 - 2598 PUSH 4 (0X2A) 
220 - 2603 <=  
220 - 2604 JUMP_IF_NOT 2662 
221 - 2609 PUSH Classical Age" (0X1B) 
221 - 2614 PUSH who (0) 
221 - 2619 CALL_EXTERN (research_tech_with_cost) 
221 - 2624 PUSH 0 (0X1C) 
221 - 2629 >  
221 - 2630 JUMP_IF_NOT 2657 
222 - 2635 ++ step (0X1) 
222 - 2640 POP  
223 - 2641 PUSH 1 (0) 
223 - 2646 = return_value (0X4) 
223 - 2651 POP  
224 - 2652 JUMP 2700 
226 - 2657 JUMP 2684 
228 - 2662 ++ step (0X1) 
228 - 2667 POP  
229 - 2668 PUSH 1 (0) 
229 - 2673 = return_value (0X4) 
229 - 2678 POP  
230 - 2679 JUMP 2700 
233 - 2684 PUSH 3 (0X2) 
233 - 2689 = return_value (0X4) 
233 - 2694 POP  
234 - 2695 JUMP 2700 
236 - 2700 JUMP 537 
238 - 2705 PUSH return_value (0X4) 
238 - 2710 RETURN  
