
ai defensive_germans =======================================

11 - 0 SCRIPT_MARKER  
11 - 1 PARAM_DECL who (0) int
11 - 7 PARAM_DECL step (0X1) int
11 - 13 PARAM_DECL boom_vs_rush (0X2) int
11 - 19 PARAM_DECL num_loops (0X3) int
14 - 25 PUSH step (0X1) 
14 - 30 PUSH 1 (0) 
14 - 35 ==  
14 - 36 JUMP_IF_NOT 133 
15 - 41 CALL_EXTERN (get_starting_town_size) 
15 - 46 INIT_DECL size (0X4) anytype
16 - 52 PUSH size (0X4) 
16 - 57 PUSH 0 (0X3) 
16 - 62 ==  
16 - 63 JUMP_IF_NOT 79 
16 - 68 PUSH 1 (0) 
16 - 73 = step (0X1) 
16 - 78 POP  
17 - 79 PUSH size (0X4) 
17 - 84 PUSH 1 (0) 
17 - 89 ==  
17 - 90 JUMP_IF_NOT 106 
17 - 95 PUSH 2 (0X1) 
17 - 100 = step (0X1) 
17 - 105 POP  
18 - 106 PUSH size (0X4) 
18 - 111 PUSH 2 (0X1) 
18 - 116 >=  
18 - 117 JUMP_IF_NOT 133 
18 - 122 PUSH 6 (0X4) 
18 - 127 = step (0X1) 
18 - 132 POP  
21 - 133 PUSH 1 (0) 
21 - 138 INIT_DECL return_value (0X5) int
22 - 144 PUSH step (0X1) 
22 - 149 PUSH 1 (0) 
22 - 154 -  
22 - 155 INIT_DECL old_step (0X6) int
24 - 161 PUSH 0 (0X3) 
24 - 166 INIT_DECL i (0X7) anytype
24 - 172 JUMP 183 
24 - 177 ++ i (0X7) 
24 - 182 POP  
24 - 183 PUSH i (0X7) 
24 - 188 PUSH num_loops (0X3) 
24 - 193 <  
24 - 194 JUMP_IF_NOT 2728 
26 - 199 PUSH 1 (0) 
26 - 204 PUSH who (0) 
26 - 209 CALL_EXTERN (find_city_with_num) 
26 - 214 INIT_DECL my_capital (0X8) anytype
28 - 220 PUSH old_step (0X6) 
28 - 225 PUSH step (0X1) 
28 - 230 >=  
28 - 231 JUMP_IF_NOT 242 
28 - 236 PUSH return_value (0X5) 
28 - 241 RETURN  
30 - 242 PUSH step (0X1) 
30 - 247 = old_step (0X6) 
30 - 252 POP  
32 - 253 PUSH step (0X1) 
32 - 258 CASE 1 (0) 525
32 - 267 CASE 2 (0X1) 568
32 - 276 CASE 3 (0X2) 621
32 - 285 CASE 4 (0X7) 754
32 - 294 CASE 5 (0XA) 887
32 - 303 CASE 6 (0X4) 934
32 - 312 CASE 7 (0X9) 982
32 - 321 CASE 8 (0XD) 1123
32 - 330 CASE 9 (0XE) 1176
32 - 339 CASE 10 (0XF) 1229
32 - 348 CASE 11 (0X11) 1282
32 - 357 CASE 12 (0X13) 1330
32 - 366 CASE 13 (0X14) 1373
32 - 375 CASE 14 (0X15) 1506
32 - 384 CASE 15 (0X16) 1639
32 - 393 CASE 16 (0X17) 1729
32 - 402 CASE 17 (0X18) 1751
32 - 411 CASE 18 (0X1A) 1799
32 - 420 CASE 19 (0X1B) 1932
32 - 429 CASE 20 (0X1D) 1985
32 - 438 CASE 21 (0X1E) 2118
32 - 447 CASE 22 (0X1F) 2192
32 - 456 CASE 23 (0X21) 2245
32 - 465 CASE 24 (0X22) 2378
32 - 474 CASE 25 (0X23) 2452
32 - 483 CASE 26 (0X25) 2505
32 - 492 CASE 27 (0X27) 2553
32 - 501 CASE 28 (0X29) 2606
32 - 510 CASE 29 (0X2A) 2659
32 - 519 POP  
32 - 520 JUMP 2707 
34 - 525 PUSH who (0) 
34 - 530 CALL_EXTERN (place_city_with_cost) 
34 - 535 PUSH 0 (0X3) 
34 - 540 >  
34 - 541 JUMP_IF_NOT 552 
34 - 546 ++ step (0X1) 
34 - 551 POP  
35 - 552 PUSH 1 (0) 
35 - 557 = return_value (0X5) 
35 - 562 POP  
36 - 563 JUMP 2723 
38 - 568 PUSH my_capital (0X8) 
38 - 573 PUSH Woodcutter's Camp" (0X5) 
38 - 578 PUSH who (0) 
38 - 583 CALL_EXTERN (place_building_with_cost) 
38 - 588 PUSH 0 (0X3) 
38 - 593 >  
38 - 594 JUMP_IF_NOT 605 
38 - 599 ++ step (0X1) 
38 - 604 POP  
39 - 605 PUSH 1 (0) 
39 - 610 = return_value (0X5) 
39 - 615 POP  
40 - 616 JUMP 2723 
42 - 621 PUSH Farm" (0X6) 
42 - 626 PUSH who (0) 
42 - 631 CALL_EXTERN (num_type_with_queued) 
42 - 636 INIT_DECL farms (0X9) anytype
43 - 642 PUSH farms (0X9) 
43 - 647 INIT_DECL f (0XA) anytype
43 - 653 JUMP 664 
43 - 658 ++ f (0XA) 
43 - 663 POP  
43 - 664 PUSH f (0XA) 
43 - 669 PUSH 3 (0X2) 
43 - 674 <  
43 - 675 JUMP_IF_NOT 706 
44 - 680 PUSH my_capital (0X8) 
44 - 685 PUSH Farm" (0X6) 
44 - 690 PUSH who (0) 
44 - 695 CALL_EXTERN (place_building_with_cost) 
44 - 700 POP  
45 - 701 JUMP 658 
46 - 706 PUSH Farm" (0X6) 
46 - 711 PUSH who (0) 
46 - 716 CALL_EXTERN (num_type_with_queued) 
46 - 721 PUSH 3 (0X2) 
46 - 726 >=  
46 - 727 JUMP_IF_NOT 738 
46 - 732 ++ step (0X1) 
46 - 737 POP  
47 - 738 PUSH 1 (0) 
47 - 743 = return_value (0X5) 
47 - 748 POP  
48 - 749 JUMP 2723 
50 - 754 PUSH Citizen" (0X8) 
50 - 759 PUSH who (0) 
50 - 764 CALL_EXTERN (num_type_with_queued) 
50 - 769 INIT_DECL peas (0XB) anytype
51 - 775 PUSH peas (0XB) 
51 - 780 INIT_DECL p (0XC) anytype
51 - 786 JUMP 797 
51 - 791 ++ p (0XC) 
51 - 796 POP  
51 - 797 PUSH p (0XC) 
51 - 802 PUSH 7 (0X9) 
51 - 807 <  
51 - 808 JUMP_IF_NOT 839 
52 - 813 PUSH Citizen" (0X8) 
52 - 818 PUSH 1 (0) 
52 - 823 PUSH who (0) 
52 - 828 CALL_EXTERN (train_unit_with_cost) 
52 - 833 POP  
53 - 834 JUMP 791 
54 - 839 PUSH Citizen" (0X8) 
54 - 844 PUSH who (0) 
54 - 849 CALL_EXTERN (num_type_with_queued) 
54 - 854 PUSH 7 (0X9) 
54 - 859 >=  
54 - 860 JUMP_IF_NOT 871 
54 - 865 ++ step (0X1) 
54 - 870 POP  
55 - 871 PUSH 1 (0) 
55 - 876 = return_value (0X5) 
55 - 881 POP  
56 - 882 JUMP 2723 
58 - 887 PUSH my_capital (0X8) 
58 - 892 PUSH Library" (0XB) 
58 - 897 PUSH who (0) 
58 - 902 CALL_EXTERN (place_building_with_cost) 
58 - 907 JUMP_IF_NOT 918 
58 - 912 ++ step (0X1) 
58 - 917 POP  
59 - 918 PUSH 1 (0) 
59 - 923 = return_value (0X5) 
59 - 928 POP  
60 - 929 JUMP 2723 
62 - 934 PUSH The Art Of War" (0XC) 
62 - 939 PUSH who (0) 
62 - 944 CALL_EXTERN (research_tech_with_cost) 
62 - 949 PUSH 0 (0X3) 
62 - 954 >  
62 - 955 JUMP_IF_NOT 966 
62 - 960 ++ step (0X1) 
62 - 965 POP  
63 - 966 PUSH 1 (0) 
63 - 971 = return_value (0X5) 
63 - 976 POP  
64 - 977 JUMP 2723 
66 - 982 PUSH Citizen" (0X8) 
66 - 987 PUSH who (0) 
66 - 992 CALL_EXTERN (num_type_with_queued) 
66 - 997 = peas (0XB) 
66 - 1002 POP  
67 - 1003 PUSH peas (0XB) 
67 - 1008 = p (0XC) 
67 - 1013 POP  
67 - 1014 JUMP 1025 
67 - 1019 ++ p (0XC) 
67 - 1024 POP  
67 - 1025 PUSH p (0XC) 
67 - 1030 PUSH 8 (0XD) 
67 - 1035 <  
67 - 1036 JUMP_IF_NOT 1067 
68 - 1041 PUSH Citizen" (0X8) 
68 - 1046 PUSH 1 (0) 
68 - 1051 PUSH who (0) 
68 - 1056 CALL_EXTERN (train_unit_with_cost) 
68 - 1061 POP  
69 - 1062 JUMP 1019 
70 - 1067 PUSH Citizen" (0X8) 
70 - 1072 PUSH who (0) 
70 - 1077 CALL_EXTERN (num_type_with_queued) 
70 - 1082 PUSH 8 (0XD) 
70 - 1087 >=  
70 - 1088 JUMP_IF_NOT 1099 
70 - 1093 ++ step (0X1) 
70 - 1098 POP  
71 - 1099 PUSH 1 (0) 
71 - 1104 INIT_DECL value (0XD) anytype
71 - 1110 PUSH value (0XD) 
71 - 1115 CAST int 
71 - 1117 RETURN  
72 - 1118 JUMP 2723 
74 - 1123 PUSH my_capital (0X8) 
74 - 1128 PUSH Farm" (0X6) 
74 - 1133 PUSH who (0) 
74 - 1138 CALL_EXTERN (place_building_with_cost) 
74 - 1143 PUSH 0 (0X3) 
74 - 1148 >  
74 - 1149 JUMP_IF_NOT 1160 
74 - 1154 ++ step (0X1) 
74 - 1159 POP  
75 - 1160 PUSH 1 (0) 
75 - 1165 = return_value (0X5) 
75 - 1170 POP  
76 - 1171 JUMP 2723 
78 - 1176 PUSH my_capital (0X8) 
78 - 1181 PUSH Farm" (0X6) 
78 - 1186 PUSH who (0) 
78 - 1191 CALL_EXTERN (place_building_with_cost) 
78 - 1196 PUSH 0 (0X3) 
78 - 1201 >  
78 - 1202 JUMP_IF_NOT 1213 
78 - 1207 ++ step (0X1) 
78 - 1212 POP  
79 - 1213 PUSH 1 (0) 
79 - 1218 = return_value (0X5) 
79 - 1223 POP  
80 - 1224 JUMP 2723 
82 - 1229 PUSH my_capital (0X8) 
82 - 1234 PUSH Tower" (0X10) 
82 - 1239 PUSH who (0) 
82 - 1244 CALL_EXTERN (place_building_with_cost) 
82 - 1249 PUSH 0 (0X3) 
82 - 1254 >  
82 - 1255 JUMP_IF_NOT 1266 
82 - 1260 ++ step (0X1) 
82 - 1265 POP  
83 - 1266 PUSH 1 (0) 
83 - 1271 = return_value (0X5) 
83 - 1276 POP  
84 - 1277 JUMP 2723 
86 - 1282 PUSH City State" (0X12) 
86 - 1287 PUSH who (0) 
86 - 1292 CALL_EXTERN (research_tech_with_cost) 
86 - 1297 PUSH 0 (0X3) 
86 - 1302 >  
86 - 1303 JUMP_IF_NOT 1314 
86 - 1308 ++ step (0X1) 
86 - 1313 POP  
87 - 1314 PUSH 1 (0) 
87 - 1319 = return_value (0X5) 
87 - 1324 POP  
88 - 1325 JUMP 2723 
90 - 1330 PUSH who (0) 
90 - 1335 CALL_EXTERN (place_city_with_cost) 
90 - 1340 PUSH 0 (0X3) 
90 - 1345 >  
90 - 1346 JUMP_IF_NOT 1357 
90 - 1351 ++ step (0X1) 
90 - 1356 POP  
91 - 1357 PUSH 1 (0) 
91 - 1362 = return_value (0X5) 
91 - 1367 POP  
92 - 1368 JUMP 2723 
94 - 1373 PUSH Citizen" (0X8) 
94 - 1378 PUSH who (0) 
94 - 1383 CALL_EXTERN (num_type_with_queued) 
94 - 1388 = peas (0XB) 
94 - 1393 POP  
95 - 1394 PUSH peas (0XB) 
95 - 1399 = p (0XC) 
95 - 1404 POP  
95 - 1405 JUMP 1416 
95 - 1410 ++ p (0XC) 
95 - 1415 POP  
95 - 1416 PUSH p (0XC) 
95 - 1421 PUSH 9 (0XE) 
95 - 1426 <  
95 - 1427 JUMP_IF_NOT 1458 
96 - 1432 PUSH Citizen" (0X8) 
96 - 1437 PUSH 1 (0) 
96 - 1442 PUSH who (0) 
96 - 1447 CALL_EXTERN (train_unit_with_cost) 
96 - 1452 POP  
97 - 1453 JUMP 1410 
98 - 1458 PUSH Citizen" (0X8) 
98 - 1463 PUSH who (0) 
98 - 1468 CALL_EXTERN (num_type_with_queued) 
98 - 1473 PUSH 9 (0XE) 
98 - 1478 >=  
98 - 1479 JUMP_IF_NOT 1490 
98 - 1484 ++ step (0X1) 
98 - 1489 POP  
99 - 1490 PUSH 1 (0) 
99 - 1495 = return_value (0X5) 
99 - 1500 POP  
100 - 1501 JUMP 2723 
102 - 1506 PUSH Citizen" (0X8) 
102 - 1511 PUSH who (0) 
102 - 1516 CALL_EXTERN (num_type_with_queued) 
102 - 1521 = peas (0XB) 
102 - 1526 POP  
103 - 1527 PUSH peas (0XB) 
103 - 1532 = p (0XC) 
103 - 1537 POP  
103 - 1538 JUMP 1549 
103 - 1543 ++ p (0XC) 
103 - 1548 POP  
103 - 1549 PUSH p (0XC) 
103 - 1554 PUSH 10 (0XF) 
103 - 1559 <  
103 - 1560 JUMP_IF_NOT 1591 
104 - 1565 PUSH Citizen" (0X8) 
104 - 1570 PUSH 1 (0) 
104 - 1575 PUSH who (0) 
104 - 1580 CALL_EXTERN (train_unit_with_cost) 
104 - 1585 POP  
105 - 1586 JUMP 1543 
106 - 1591 PUSH Citizen" (0X8) 
106 - 1596 PUSH who (0) 
106 - 1601 CALL_EXTERN (num_type_with_queued) 
106 - 1606 PUSH 10 (0XF) 
106 - 1611 >=  
106 - 1612 JUMP_IF_NOT 1623 
106 - 1617 ++ step (0X1) 
106 - 1622 POP  
107 - 1623 PUSH 1 (0) 
107 - 1628 = return_value (0X5) 
107 - 1633 POP  
108 - 1634 JUMP 2723 
110 - 1639 PUSH my_capital (0X8) 
110 - 1644 PUSH Woodcutter's Camp" (0X5) 
110 - 1649 PUSH who (0) 
110 - 1654 CALL_EXTERN (place_building_with_cost) 
110 - 1659 PUSH 0 (0X3) 
110 - 1664 >  
110 - 1665 JUMP_IF_NOT 1681 
111 - 1670 ++ step (0X1) 
111 - 1675 POP  
111 - 1676 JUMP 1713 
112 - 1681 PUSH Woodcutter's Camp" (0X5) 
112 - 1686 PUSH who (0) 
112 - 1691 CALL_EXTERN (can_pay_cost) 
112 - 1696 PUSH 0 (0X3) 
112 - 1701 >  
112 - 1702 JUMP_IF_NOT 1713 
113 - 1707 ++ step (0X1) 
113 - 1712 POP  
115 - 1713 PUSH 1 (0) 
115 - 1718 = return_value (0X5) 
115 - 1723 POP  
116 - 1724 JUMP 2723 
119 - 1729 ++ step (0X1) 
119 - 1734 POP  
121 - 1735 PUSH 1 (0) 
121 - 1740 = return_value (0X5) 
121 - 1745 POP  
122 - 1746 JUMP 2723 
124 - 1751 PUSH Barter" (0X19) 
124 - 1756 PUSH who (0) 
124 - 1761 CALL_EXTERN (research_tech_with_cost) 
124 - 1766 PUSH 0 (0X3) 
124 - 1771 >  
124 - 1772 JUMP_IF_NOT 1783 
124 - 1777 ++ step (0X1) 
124 - 1782 POP  
125 - 1783 PUSH 1 (0) 
125 - 1788 = return_value (0X5) 
125 - 1793 POP  
126 - 1794 JUMP 2723 
128 - 1799 PUSH Citizen" (0X8) 
128 - 1804 PUSH who (0) 
128 - 1809 CALL_EXTERN (num_type_with_queued) 
128 - 1814 = peas (0XB) 
128 - 1819 POP  
129 - 1820 PUSH peas (0XB) 
129 - 1825 = p (0XC) 
129 - 1830 POP  
129 - 1831 JUMP 1842 
129 - 1836 ++ p (0XC) 
129 - 1841 POP  
129 - 1842 PUSH p (0XC) 
129 - 1847 PUSH 11 (0X11) 
129 - 1852 <  
129 - 1853 JUMP_IF_NOT 1884 
130 - 1858 PUSH Citizen" (0X8) 
130 - 1863 PUSH 1 (0) 
130 - 1868 PUSH who (0) 
130 - 1873 CALL_EXTERN (train_unit_with_cost) 
130 - 1878 POP  
131 - 1879 JUMP 1836 
132 - 1884 PUSH Citizen" (0X8) 
132 - 1889 PUSH who (0) 
132 - 1894 CALL_EXTERN (num_type_with_queued) 
132 - 1899 PUSH 11 (0X11) 
132 - 1904 >=  
132 - 1905 JUMP_IF_NOT 1916 
132 - 1910 ++ step (0X1) 
132 - 1915 POP  
133 - 1916 PUSH 1 (0) 
133 - 1921 = return_value (0X5) 
133 - 1926 POP  
134 - 1927 JUMP 2723 
136 - 1932 PUSH my_capital (0X8) 
136 - 1937 PUSH Market" (0X1C) 
136 - 1942 PUSH who (0) 
136 - 1947 CALL_EXTERN (place_building_with_cost) 
136 - 1952 PUSH 0 (0X3) 
136 - 1957 >  
136 - 1958 JUMP_IF_NOT 1969 
136 - 1963 ++ step (0X1) 
136 - 1968 POP  
137 - 1969 PUSH 1 (0) 
137 - 1974 = return_value (0X5) 
137 - 1979 POP  
138 - 1980 JUMP 2723 
140 - 1985 PUSH Citizen" (0X8) 
140 - 1990 PUSH who (0) 
140 - 1995 CALL_EXTERN (num_type_with_queued) 
140 - 2000 = peas (0XB) 
140 - 2005 POP  
141 - 2006 PUSH peas (0XB) 
141 - 2011 = p (0XC) 
141 - 2016 POP  
141 - 2017 JUMP 2028 
141 - 2022 ++ p (0XC) 
141 - 2027 POP  
141 - 2028 PUSH p (0XC) 
141 - 2033 PUSH 13 (0X14) 
141 - 2038 <  
141 - 2039 JUMP_IF_NOT 2070 
142 - 2044 PUSH Citizen" (0X8) 
142 - 2049 PUSH 1 (0) 
142 - 2054 PUSH who (0) 
142 - 2059 CALL_EXTERN (train_unit_with_cost) 
142 - 2064 POP  
143 - 2065 JUMP 2022 
144 - 2070 PUSH Citizen" (0X8) 
144 - 2075 PUSH who (0) 
144 - 2080 CALL_EXTERN (num_type_with_queued) 
144 - 2085 PUSH 13 (0X14) 
144 - 2090 >=  
144 - 2091 JUMP_IF_NOT 2102 
144 - 2096 ++ step (0X1) 
144 - 2101 POP  
145 - 2102 PUSH 1 (0) 
145 - 2107 = return_value (0X5) 
145 - 2112 POP  
146 - 2113 JUMP 2723 
148 - 2118 PUSH 2 (0X1) 
148 - 2123 PUSH who (0) 
148 - 2128 CALL_EXTERN (find_city_with_num) 
148 - 2133 INIT_DECL my_second_city (0XE) anytype
149 - 2139 PUSH my_second_city (0XE) 
149 - 2144 PUSH Farm" (0X6) 
149 - 2149 PUSH who (0) 
149 - 2154 CALL_EXTERN (place_building_with_cost) 
149 - 2159 PUSH 0 (0X3) 
149 - 2164 >  
149 - 2165 JUMP_IF_NOT 2176 
149 - 2170 ++ step (0X1) 
149 - 2175 POP  
150 - 2176 PUSH 1 (0) 
150 - 2181 = return_value (0X5) 
150 - 2186 POP  
151 - 2187 JUMP 2723 
153 - 2192 PUSH Caravan" (0X20) 
153 - 2197 PUSH 1 (0) 
153 - 2202 PUSH who (0) 
153 - 2207 CALL_EXTERN (train_unit_with_cost) 
153 - 2212 PUSH 0 (0X3) 
153 - 2217 >  
153 - 2218 JUMP_IF_NOT 2229 
153 - 2223 ++ step (0X1) 
153 - 2228 POP  
154 - 2229 PUSH 1 (0) 
154 - 2234 = return_value (0X5) 
154 - 2239 POP  
155 - 2240 JUMP 2723 
157 - 2245 PUSH Citizen" (0X8) 
157 - 2250 PUSH who (0) 
157 - 2255 CALL_EXTERN (num_type_with_queued) 
157 - 2260 = peas (0XB) 
157 - 2265 POP  
158 - 2266 PUSH peas (0XB) 
158 - 2271 = p (0XC) 
158 - 2276 POP  
158 - 2277 JUMP 2288 
158 - 2282 ++ p (0XC) 
158 - 2287 POP  
158 - 2288 PUSH p (0XC) 
158 - 2293 PUSH 14 (0X15) 
158 - 2298 <  
158 - 2299 JUMP_IF_NOT 2330 
159 - 2304 PUSH Citizen" (0X8) 
159 - 2309 PUSH 1 (0) 
159 - 2314 PUSH who (0) 
159 - 2319 CALL_EXTERN (train_unit_with_cost) 
159 - 2324 POP  
160 - 2325 JUMP 2282 
161 - 2330 PUSH Citizen" (0X8) 
161 - 2335 PUSH who (0) 
161 - 2340 CALL_EXTERN (num_type_with_queued) 
161 - 2345 PUSH 14 (0X15) 
161 - 2350 >=  
161 - 2351 JUMP_IF_NOT 2362 
161 - 2356 ++ step (0X1) 
161 - 2361 POP  
162 - 2362 PUSH 1 (0) 
162 - 2367 = return_value (0X5) 
162 - 2372 POP  
163 - 2373 JUMP 2723 
165 - 2378 PUSH 2 (0X1) 
165 - 2383 PUSH who (0) 
165 - 2388 CALL_EXTERN (find_city_with_num) 
165 - 2393 = my_second_city (0XE) 
165 - 2398 POP  
166 - 2399 PUSH my_second_city (0XE) 
166 - 2404 PUSH Farm" (0X6) 
166 - 2409 PUSH who (0) 
166 - 2414 CALL_EXTERN (place_building_with_cost) 
166 - 2419 PUSH 0 (0X3) 
166 - 2424 >  
166 - 2425 JUMP_IF_NOT 2436 
166 - 2430 ++ step (0X1) 
166 - 2435 POP  
167 - 2436 PUSH 1 (0) 
167 - 2441 = return_value (0X5) 
167 - 2446 POP  
168 - 2447 JUMP 2723 
170 - 2452 PUSH Merchant" (0X24) 
170 - 2457 PUSH 1 (0) 
170 - 2462 PUSH who (0) 
170 - 2467 CALL_EXTERN (train_unit_with_cost) 
170 - 2472 PUSH 0 (0X3) 
170 - 2477 >  
170 - 2478 JUMP_IF_NOT 2489 
170 - 2483 ++ step (0X1) 
170 - 2488 POP  
171 - 2489 PUSH 1 (0) 
171 - 2494 = return_value (0X5) 
171 - 2499 POP  
172 - 2500 JUMP 2723 
174 - 2505 PUSH Written Word" (0X26) 
174 - 2510 PUSH who (0) 
174 - 2515 CALL_EXTERN (research_tech_with_cost) 
174 - 2520 PUSH 0 (0X3) 
174 - 2525 >  
174 - 2526 JUMP_IF_NOT 2537 
174 - 2531 ++ step (0X1) 
174 - 2536 POP  
175 - 2537 PUSH 1 (0) 
175 - 2542 = return_value (0X5) 
175 - 2547 POP  
176 - 2548 JUMP 2723 
178 - 2553 PUSH my_capital (0X8) 
178 - 2558 PUSH Temple" (0X28) 
178 - 2563 PUSH who (0) 
178 - 2568 CALL_EXTERN (place_building_with_cost) 
178 - 2573 PUSH 0 (0X3) 
178 - 2578 >  
178 - 2579 JUMP_IF_NOT 2590 
178 - 2584 ++ step (0X1) 
178 - 2589 POP  
179 - 2590 PUSH 1 (0) 
179 - 2595 = return_value (0X5) 
179 - 2600 POP  
180 - 2601 JUMP 2723 
182 - 2606 PUSH Merchant" (0X24) 
182 - 2611 PUSH 1 (0) 
182 - 2616 PUSH who (0) 
182 - 2621 CALL_EXTERN (train_unit_with_cost) 
182 - 2626 PUSH 0 (0X3) 
182 - 2631 >  
182 - 2632 JUMP_IF_NOT 2643 
182 - 2637 ++ step (0X1) 
182 - 2642 POP  
183 - 2643 PUSH 1 (0) 
183 - 2648 = return_value (0X5) 
183 - 2653 POP  
184 - 2654 JUMP 2723 
186 - 2659 PUSH Classical Age" (0X2B) 
186 - 2664 PUSH who (0) 
186 - 2669 CALL_EXTERN (research_tech_with_cost) 
186 - 2674 PUSH 0 (0X3) 
186 - 2679 >  
186 - 2680 JUMP_IF_NOT 2691 
186 - 2685 ++ step (0X1) 
186 - 2690 POP  
187 - 2691 PUSH 1 (0) 
187 - 2696 = return_value (0X5) 
187 - 2701 POP  
188 - 2702 JUMP 2723 
190 - 2707 PUSH 3 (0X2) 
190 - 2712 = return_value (0X5) 
190 - 2717 POP  
191 - 2718 JUMP 2723 
193 - 2723 JUMP 177 
195 - 2728 PUSH return_value (0X5) 
195 - 2733 RETURN  
