
ai defensive_egyptians =======================================

11 - 0 SCRIPT_MARKER  
11 - 1 PARAM_DECL who (0) int
11 - 7 PARAM_DECL step (0X1) int
11 - 13 PARAM_DECL boom_vs_rush (0X2) int
11 - 19 PARAM_DECL num_loops (0X3) int
14 - 25 PUSH step (0X1) 
14 - 30 PUSH 1 (0) 
14 - 35 ==  
14 - 36 JUMP_IF_NOT 133 
15 - 41 CALL_EXTERN (get_starting_town_size) 
15 - 46 INIT_DECL size (0X4) anytype
16 - 52 PUSH size (0X4) 
16 - 57 PUSH 0 (0X3) 
16 - 62 ==  
16 - 63 JUMP_IF_NOT 79 
16 - 68 PUSH 1 (0) 
16 - 73 = step (0X1) 
16 - 78 POP  
17 - 79 PUSH size (0X4) 
17 - 84 PUSH 1 (0) 
17 - 89 ==  
17 - 90 JUMP_IF_NOT 106 
17 - 95 PUSH 2 (0X1) 
17 - 100 = step (0X1) 
17 - 105 POP  
18 - 106 PUSH size (0X4) 
18 - 111 PUSH 2 (0X1) 
18 - 116 >=  
18 - 117 JUMP_IF_NOT 133 
18 - 122 PUSH 6 (0X4) 
18 - 127 = step (0X1) 
18 - 132 POP  
21 - 133 PUSH 1 (0) 
21 - 138 INIT_DECL return_value (0X5) int
22 - 144 PUSH step (0X1) 
22 - 149 PUSH 1 (0) 
22 - 154 -  
22 - 155 INIT_DECL old_step (0X6) int
24 - 161 PUSH 0 (0X3) 
24 - 166 INIT_DECL i (0X7) anytype
24 - 172 JUMP 183 
24 - 177 ++ i (0X7) 
24 - 182 POP  
24 - 183 PUSH i (0X7) 
24 - 188 PUSH num_loops (0X3) 
24 - 193 <  
24 - 194 JUMP_IF_NOT 2645 
26 - 199 PUSH 1 (0) 
26 - 204 PUSH who (0) 
26 - 209 CALL_EXTERN (find_city_with_num) 
26 - 214 INIT_DECL my_capital (0X8) anytype
28 - 220 PUSH old_step (0X6) 
28 - 225 PUSH step (0X1) 
28 - 230 >=  
28 - 231 JUMP_IF_NOT 242 
28 - 236 PUSH return_value (0X5) 
28 - 241 RETURN  
30 - 242 PUSH step (0X1) 
30 - 247 = old_step (0X6) 
30 - 252 POP  
32 - 253 PUSH step (0X1) 
32 - 258 CASE 1 (0) 516
32 - 267 CASE 2 (0X1) 559
32 - 276 CASE 3 (0X2) 612
32 - 285 CASE 4 (0X7) 745
32 - 294 CASE 5 (0XA) 878
32 - 303 CASE 6 (0X4) 925
32 - 312 CASE 7 (0X9) 973
32 - 321 CASE 8 (0XD) 1114
32 - 330 CASE 9 (0XE) 1167
32 - 339 CASE 10 (0XF) 1220
32 - 348 CASE 11 (0X11) 1273
32 - 357 CASE 12 (0X13) 1321
32 - 366 CASE 13 (0X14) 1364
32 - 375 CASE 14 (0X15) 1497
32 - 384 CASE 15 (0X16) 1630
32 - 393 CASE 16 (0X17) 1720
32 - 402 CASE 17 (0X18) 1742
32 - 411 CASE 18 (0X1A) 1790
32 - 420 CASE 19 (0X1B) 1923
32 - 429 CASE 20 (0X1D) 1976
32 - 438 CASE 21 (0X1E) 2109
32 - 447 CASE 22 (0X1F) 2183
32 - 456 CASE 23 (0X21) 2236
32 - 465 CASE 24 (0X22) 2369
32 - 474 CASE 25 (0X24) 2422
32 - 483 CASE 26 (0X26) 2470
32 - 492 CASE 27 (0X28) 2523
32 - 501 CASE 28 (0X29) 2576
32 - 510 POP  
32 - 511 JUMP 2624 
34 - 516 PUSH who (0) 
34 - 521 CALL_EXTERN (place_city_with_cost) 
34 - 526 PUSH 0 (0X3) 
34 - 531 >  
34 - 532 JUMP_IF_NOT 543 
34 - 537 ++ step (0X1) 
34 - 542 POP  
35 - 543 PUSH 1 (0) 
35 - 548 = return_value (0X5) 
35 - 553 POP  
36 - 554 JUMP 2640 
38 - 559 PUSH my_capital (0X8) 
38 - 564 PUSH Woodcutter's Camp" (0X5) 
38 - 569 PUSH who (0) 
38 - 574 CALL_EXTERN (place_building_with_cost) 
38 - 579 PUSH 0 (0X3) 
38 - 584 >  
38 - 585 JUMP_IF_NOT 596 
38 - 590 ++ step (0X1) 
38 - 595 POP  
39 - 596 PUSH 1 (0) 
39 - 601 = return_value (0X5) 
39 - 606 POP  
40 - 607 JUMP 2640 
42 - 612 PUSH Farm" (0X6) 
42 - 617 PUSH who (0) 
42 - 622 CALL_EXTERN (num_type_with_queued) 
42 - 627 INIT_DECL farms (0X9) anytype
43 - 633 PUSH farms (0X9) 
43 - 638 INIT_DECL f (0XA) anytype
43 - 644 JUMP 655 
43 - 649 ++ f (0XA) 
43 - 654 POP  
43 - 655 PUSH f (0XA) 
43 - 660 PUSH 3 (0X2) 
43 - 665 <  
43 - 666 JUMP_IF_NOT 697 
44 - 671 PUSH my_capital (0X8) 
44 - 676 PUSH Farm" (0X6) 
44 - 681 PUSH who (0) 
44 - 686 CALL_EXTERN (place_building_with_cost) 
44 - 691 POP  
45 - 692 JUMP 649 
46 - 697 PUSH Farm" (0X6) 
46 - 702 PUSH who (0) 
46 - 707 CALL_EXTERN (num_type_with_queued) 
46 - 712 PUSH 3 (0X2) 
46 - 717 >=  
46 - 718 JUMP_IF_NOT 729 
46 - 723 ++ step (0X1) 
46 - 728 POP  
47 - 729 PUSH 1 (0) 
47 - 734 = return_value (0X5) 
47 - 739 POP  
48 - 740 JUMP 2640 
50 - 745 PUSH Citizen" (0X8) 
50 - 750 PUSH who (0) 
50 - 755 CALL_EXTERN (num_type_with_queued) 
50 - 760 INIT_DECL peas (0XB) anytype
51 - 766 PUSH peas (0XB) 
51 - 771 INIT_DECL p (0XC) anytype
51 - 777 JUMP 788 
51 - 782 ++ p (0XC) 
51 - 787 POP  
51 - 788 PUSH p (0XC) 
51 - 793 PUSH 7 (0X9) 
51 - 798 <  
51 - 799 JUMP_IF_NOT 830 
52 - 804 PUSH Citizen" (0X8) 
52 - 809 PUSH 1 (0) 
52 - 814 PUSH who (0) 
52 - 819 CALL_EXTERN (train_unit_with_cost) 
52 - 824 POP  
53 - 825 JUMP 782 
54 - 830 PUSH Citizen" (0X8) 
54 - 835 PUSH who (0) 
54 - 840 CALL_EXTERN (num_type_with_queued) 
54 - 845 PUSH 7 (0X9) 
54 - 850 >=  
54 - 851 JUMP_IF_NOT 862 
54 - 856 ++ step (0X1) 
54 - 861 POP  
55 - 862 PUSH 1 (0) 
55 - 867 = return_value (0X5) 
55 - 872 POP  
56 - 873 JUMP 2640 
58 - 878 PUSH my_capital (0X8) 
58 - 883 PUSH Library" (0XB) 
58 - 888 PUSH who (0) 
58 - 893 CALL_EXTERN (place_building_with_cost) 
58 - 898 JUMP_IF_NOT 909 
58 - 903 ++ step (0X1) 
58 - 908 POP  
59 - 909 PUSH 1 (0) 
59 - 914 = return_value (0X5) 
59 - 919 POP  
60 - 920 JUMP 2640 
62 - 925 PUSH The Art Of War" (0XC) 
62 - 930 PUSH who (0) 
62 - 935 CALL_EXTERN (research_tech_with_cost) 
62 - 940 PUSH 0 (0X3) 
62 - 945 >  
62 - 946 JUMP_IF_NOT 957 
62 - 951 ++ step (0X1) 
62 - 956 POP  
63 - 957 PUSH 1 (0) 
63 - 962 = return_value (0X5) 
63 - 967 POP  
64 - 968 JUMP 2640 
66 - 973 PUSH Citizen" (0X8) 
66 - 978 PUSH who (0) 
66 - 983 CALL_EXTERN (num_type_with_queued) 
66 - 988 = peas (0XB) 
66 - 993 POP  
67 - 994 PUSH peas (0XB) 
67 - 999 = p (0XC) 
67 - 1004 POP  
67 - 1005 JUMP 1016 
67 - 1010 ++ p (0XC) 
67 - 1015 POP  
67 - 1016 PUSH p (0XC) 
67 - 1021 PUSH 8 (0XD) 
67 - 1026 <  
67 - 1027 JUMP_IF_NOT 1058 
68 - 1032 PUSH Citizen" (0X8) 
68 - 1037 PUSH 1 (0) 
68 - 1042 PUSH who (0) 
68 - 1047 CALL_EXTERN (train_unit_with_cost) 
68 - 1052 POP  
69 - 1053 JUMP 1010 
70 - 1058 PUSH Citizen" (0X8) 
70 - 1063 PUSH who (0) 
70 - 1068 CALL_EXTERN (num_type_with_queued) 
70 - 1073 PUSH 8 (0XD) 
70 - 1078 >=  
70 - 1079 JUMP_IF_NOT 1090 
70 - 1084 ++ step (0X1) 
70 - 1089 POP  
71 - 1090 PUSH 1 (0) 
71 - 1095 INIT_DECL value (0XD) anytype
71 - 1101 PUSH value (0XD) 
71 - 1106 CAST int 
71 - 1108 RETURN  
72 - 1109 JUMP 2640 
74 - 1114 PUSH my_capital (0X8) 
74 - 1119 PUSH Farm" (0X6) 
74 - 1124 PUSH who (0) 
74 - 1129 CALL_EXTERN (place_building_with_cost) 
74 - 1134 PUSH 0 (0X3) 
74 - 1139 >  
74 - 1140 JUMP_IF_NOT 1151 
74 - 1145 ++ step (0X1) 
74 - 1150 POP  
75 - 1151 PUSH 1 (0) 
75 - 1156 = return_value (0X5) 
75 - 1161 POP  
76 - 1162 JUMP 2640 
78 - 1167 PUSH my_capital (0X8) 
78 - 1172 PUSH Farm" (0X6) 
78 - 1177 PUSH who (0) 
78 - 1182 CALL_EXTERN (place_building_with_cost) 
78 - 1187 PUSH 0 (0X3) 
78 - 1192 >  
78 - 1193 JUMP_IF_NOT 1204 
78 - 1198 ++ step (0X1) 
78 - 1203 POP  
79 - 1204 PUSH 1 (0) 
79 - 1209 = return_value (0X5) 
79 - 1214 POP  
80 - 1215 JUMP 2640 
82 - 1220 PUSH my_capital (0X8) 
82 - 1225 PUSH Tower" (0X10) 
82 - 1230 PUSH who (0) 
82 - 1235 CALL_EXTERN (place_building_with_cost) 
82 - 1240 PUSH 0 (0X3) 
82 - 1245 >  
82 - 1246 JUMP_IF_NOT 1257 
82 - 1251 ++ step (0X1) 
82 - 1256 POP  
83 - 1257 PUSH 1 (0) 
83 - 1262 = return_value (0X5) 
83 - 1267 POP  
84 - 1268 JUMP 2640 
86 - 1273 PUSH City State" (0X12) 
86 - 1278 PUSH who (0) 
86 - 1283 CALL_EXTERN (research_tech_with_cost) 
86 - 1288 PUSH 0 (0X3) 
86 - 1293 >  
86 - 1294 JUMP_IF_NOT 1305 
86 - 1299 ++ step (0X1) 
86 - 1304 POP  
87 - 1305 PUSH 1 (0) 
87 - 1310 = return_value (0X5) 
87 - 1315 POP  
88 - 1316 JUMP 2640 
90 - 1321 PUSH who (0) 
90 - 1326 CALL_EXTERN (place_city_with_cost) 
90 - 1331 PUSH 0 (0X3) 
90 - 1336 >  
90 - 1337 JUMP_IF_NOT 1348 
90 - 1342 ++ step (0X1) 
90 - 1347 POP  
91 - 1348 PUSH 1 (0) 
91 - 1353 = return_value (0X5) 
91 - 1358 POP  
92 - 1359 JUMP 2640 
94 - 1364 PUSH Citizen" (0X8) 
94 - 1369 PUSH who (0) 
94 - 1374 CALL_EXTERN (num_type_with_queued) 
94 - 1379 = peas (0XB) 
94 - 1384 POP  
95 - 1385 PUSH peas (0XB) 
95 - 1390 = p (0XC) 
95 - 1395 POP  
95 - 1396 JUMP 1407 
95 - 1401 ++ p (0XC) 
95 - 1406 POP  
95 - 1407 PUSH p (0XC) 
95 - 1412 PUSH 9 (0XE) 
95 - 1417 <  
95 - 1418 JUMP_IF_NOT 1449 
96 - 1423 PUSH Citizen" (0X8) 
96 - 1428 PUSH 1 (0) 
96 - 1433 PUSH who (0) 
96 - 1438 CALL_EXTERN (train_unit_with_cost) 
96 - 1443 POP  
97 - 1444 JUMP 1401 
98 - 1449 PUSH Citizen" (0X8) 
98 - 1454 PUSH who (0) 
98 - 1459 CALL_EXTERN (num_type_with_queued) 
98 - 1464 PUSH 9 (0XE) 
98 - 1469 >=  
98 - 1470 JUMP_IF_NOT 1481 
98 - 1475 ++ step (0X1) 
98 - 1480 POP  
99 - 1481 PUSH 1 (0) 
99 - 1486 = return_value (0X5) 
99 - 1491 POP  
100 - 1492 JUMP 2640 
102 - 1497 PUSH Citizen" (0X8) 
102 - 1502 PUSH who (0) 
102 - 1507 CALL_EXTERN (num_type_with_queued) 
102 - 1512 = peas (0XB) 
102 - 1517 POP  
103 - 1518 PUSH peas (0XB) 
103 - 1523 = p (0XC) 
103 - 1528 POP  
103 - 1529 JUMP 1540 
103 - 1534 ++ p (0XC) 
103 - 1539 POP  
103 - 1540 PUSH p (0XC) 
103 - 1545 PUSH 10 (0XF) 
103 - 1550 <  
103 - 1551 JUMP_IF_NOT 1582 
104 - 1556 PUSH Citizen" (0X8) 
104 - 1561 PUSH 1 (0) 
104 - 1566 PUSH who (0) 
104 - 1571 CALL_EXTERN (train_unit_with_cost) 
104 - 1576 POP  
105 - 1577 JUMP 1534 
106 - 1582 PUSH Citizen" (0X8) 
106 - 1587 PUSH who (0) 
106 - 1592 CALL_EXTERN (num_type_with_queued) 
106 - 1597 PUSH 10 (0XF) 
106 - 1602 >=  
106 - 1603 JUMP_IF_NOT 1614 
106 - 1608 ++ step (0X1) 
106 - 1613 POP  
107 - 1614 PUSH 1 (0) 
107 - 1619 = return_value (0X5) 
107 - 1624 POP  
108 - 1625 JUMP 2640 
110 - 1630 PUSH my_capital (0X8) 
110 - 1635 PUSH Woodcutter's Camp" (0X5) 
110 - 1640 PUSH who (0) 
110 - 1645 CALL_EXTERN (place_building_with_cost) 
110 - 1650 PUSH 0 (0X3) 
110 - 1655 >  
110 - 1656 JUMP_IF_NOT 1672 
111 - 1661 ++ step (0X1) 
111 - 1666 POP  
111 - 1667 JUMP 1704 
112 - 1672 PUSH Woodcutter's Camp" (0X5) 
112 - 1677 PUSH who (0) 
112 - 1682 CALL_EXTERN (can_pay_cost) 
112 - 1687 PUSH 0 (0X3) 
112 - 1692 >  
112 - 1693 JUMP_IF_NOT 1704 
113 - 1698 ++ step (0X1) 
113 - 1703 POP  
115 - 1704 PUSH 1 (0) 
115 - 1709 = return_value (0X5) 
115 - 1714 POP  
116 - 1715 JUMP 2640 
119 - 1720 ++ step (0X1) 
119 - 1725 POP  
121 - 1726 PUSH 1 (0) 
121 - 1731 = return_value (0X5) 
121 - 1736 POP  
122 - 1737 JUMP 2640 
124 - 1742 PUSH Barter" (0X19) 
124 - 1747 PUSH who (0) 
124 - 1752 CALL_EXTERN (research_tech_with_cost) 
124 - 1757 PUSH 0 (0X3) 
124 - 1762 >  
124 - 1763 JUMP_IF_NOT 1774 
124 - 1768 ++ step (0X1) 
124 - 1773 POP  
125 - 1774 PUSH 1 (0) 
125 - 1779 = return_value (0X5) 
125 - 1784 POP  
126 - 1785 JUMP 2640 
128 - 1790 PUSH Citizen" (0X8) 
128 - 1795 PUSH who (0) 
128 - 1800 CALL_EXTERN (num_type_with_queued) 
128 - 1805 = peas (0XB) 
128 - 1810 POP  
129 - 1811 PUSH peas (0XB) 
129 - 1816 = p (0XC) 
129 - 1821 POP  
129 - 1822 JUMP 1833 
129 - 1827 ++ p (0XC) 
129 - 1832 POP  
129 - 1833 PUSH p (0XC) 
129 - 1838 PUSH 11 (0X11) 
129 - 1843 <  
129 - 1844 JUMP_IF_NOT 1875 
130 - 1849 PUSH Citizen" (0X8) 
130 - 1854 PUSH 1 (0) 
130 - 1859 PUSH who (0) 
130 - 1864 CALL_EXTERN (train_unit_with_cost) 
130 - 1869 POP  
131 - 1870 JUMP 1827 
132 - 1875 PUSH Citizen" (0X8) 
132 - 1880 PUSH who (0) 
132 - 1885 CALL_EXTERN (num_type_with_queued) 
132 - 1890 PUSH 11 (0X11) 
132 - 1895 >=  
132 - 1896 JUMP_IF_NOT 1907 
132 - 1901 ++ step (0X1) 
132 - 1906 POP  
133 - 1907 PUSH 1 (0) 
133 - 1912 = return_value (0X5) 
133 - 1917 POP  
134 - 1918 JUMP 2640 
136 - 1923 PUSH my_capital (0X8) 
136 - 1928 PUSH Market" (0X1C) 
136 - 1933 PUSH who (0) 
136 - 1938 CALL_EXTERN (place_building_with_cost) 
136 - 1943 PUSH 0 (0X3) 
136 - 1948 >  
136 - 1949 JUMP_IF_NOT 1960 
136 - 1954 ++ step (0X1) 
136 - 1959 POP  
137 - 1960 PUSH 1 (0) 
137 - 1965 = return_value (0X5) 
137 - 1970 POP  
138 - 1971 JUMP 2640 
140 - 1976 PUSH Citizen" (0X8) 
140 - 1981 PUSH who (0) 
140 - 1986 CALL_EXTERN (num_type_with_queued) 
140 - 1991 = peas (0XB) 
140 - 1996 POP  
141 - 1997 PUSH peas (0XB) 
141 - 2002 = p (0XC) 
141 - 2007 POP  
141 - 2008 JUMP 2019 
141 - 2013 ++ p (0XC) 
141 - 2018 POP  
141 - 2019 PUSH p (0XC) 
141 - 2024 PUSH 13 (0X14) 
141 - 2029 <  
141 - 2030 JUMP_IF_NOT 2061 
142 - 2035 PUSH Citizen" (0X8) 
142 - 2040 PUSH 1 (0) 
142 - 2045 PUSH who (0) 
142 - 2050 CALL_EXTERN (train_unit_with_cost) 
142 - 2055 POP  
143 - 2056 JUMP 2013 
144 - 2061 PUSH Citizen" (0X8) 
144 - 2066 PUSH who (0) 
144 - 2071 CALL_EXTERN (num_type_with_queued) 
144 - 2076 PUSH 13 (0X14) 
144 - 2081 >=  
144 - 2082 JUMP_IF_NOT 2093 
144 - 2087 ++ step (0X1) 
144 - 2092 POP  
145 - 2093 PUSH 1 (0) 
145 - 2098 = return_value (0X5) 
145 - 2103 POP  
146 - 2104 JUMP 2640 
148 - 2109 PUSH 2 (0X1) 
148 - 2114 PUSH who (0) 
148 - 2119 CALL_EXTERN (find_city_with_num) 
148 - 2124 INIT_DECL my_second_city (0XE) anytype
149 - 2130 PUSH my_second_city (0XE) 
149 - 2135 PUSH Farm" (0X6) 
149 - 2140 PUSH who (0) 
149 - 2145 CALL_EXTERN (place_building_with_cost) 
149 - 2150 PUSH 0 (0X3) 
149 - 2155 >  
149 - 2156 JUMP_IF_NOT 2167 
149 - 2161 ++ step (0X1) 
149 - 2166 POP  
150 - 2167 PUSH 1 (0) 
150 - 2172 = return_value (0X5) 
150 - 2177 POP  
151 - 2178 JUMP 2640 
153 - 2183 PUSH Caravan" (0X20) 
153 - 2188 PUSH 1 (0) 
153 - 2193 PUSH who (0) 
153 - 2198 CALL_EXTERN (train_unit_with_cost) 
153 - 2203 PUSH 0 (0X3) 
153 - 2208 >  
153 - 2209 JUMP_IF_NOT 2220 
153 - 2214 ++ step (0X1) 
153 - 2219 POP  
154 - 2220 PUSH 1 (0) 
154 - 2225 = return_value (0X5) 
154 - 2230 POP  
155 - 2231 JUMP 2640 
157 - 2236 PUSH Citizen" (0X8) 
157 - 2241 PUSH who (0) 
157 - 2246 CALL_EXTERN (num_type_with_queued) 
157 - 2251 = peas (0XB) 
157 - 2256 POP  
158 - 2257 PUSH peas (0XB) 
158 - 2262 = p (0XC) 
158 - 2267 POP  
158 - 2268 JUMP 2279 
158 - 2273 ++ p (0XC) 
158 - 2278 POP  
158 - 2279 PUSH p (0XC) 
158 - 2284 PUSH 14 (0X15) 
158 - 2289 <  
158 - 2290 JUMP_IF_NOT 2321 
159 - 2295 PUSH Citizen" (0X8) 
159 - 2300 PUSH 1 (0) 
159 - 2305 PUSH who (0) 
159 - 2310 CALL_EXTERN (train_unit_with_cost) 
159 - 2315 POP  
160 - 2316 JUMP 2273 
161 - 2321 PUSH Citizen" (0X8) 
161 - 2326 PUSH who (0) 
161 - 2331 CALL_EXTERN (num_type_with_queued) 
161 - 2336 PUSH 14 (0X15) 
161 - 2341 >=  
161 - 2342 JUMP_IF_NOT 2353 
161 - 2347 ++ step (0X1) 
161 - 2352 POP  
162 - 2353 PUSH 1 (0) 
162 - 2358 = return_value (0X5) 
162 - 2363 POP  
163 - 2364 JUMP 2640 
165 - 2369 PUSH Merchant" (0X23) 
165 - 2374 PUSH 1 (0) 
165 - 2379 PUSH who (0) 
165 - 2384 CALL_EXTERN (train_unit_with_cost) 
165 - 2389 PUSH 0 (0X3) 
165 - 2394 >  
165 - 2395 JUMP_IF_NOT 2406 
165 - 2400 ++ step (0X1) 
165 - 2405 POP  
166 - 2406 PUSH 1 (0) 
166 - 2411 = return_value (0X5) 
166 - 2416 POP  
167 - 2417 JUMP 2640 
169 - 2422 PUSH Written Word" (0X25) 
169 - 2427 PUSH who (0) 
169 - 2432 CALL_EXTERN (research_tech_with_cost) 
169 - 2437 PUSH 0 (0X3) 
169 - 2442 >  
169 - 2443 JUMP_IF_NOT 2454 
169 - 2448 ++ step (0X1) 
169 - 2453 POP  
170 - 2454 PUSH 1 (0) 
170 - 2459 = return_value (0X5) 
170 - 2464 POP  
171 - 2465 JUMP 2640 
173 - 2470 PUSH my_capital (0X8) 
173 - 2475 PUSH Temple" (0X27) 
173 - 2480 PUSH who (0) 
173 - 2485 CALL_EXTERN (place_building_with_cost) 
173 - 2490 PUSH 0 (0X3) 
173 - 2495 >  
173 - 2496 JUMP_IF_NOT 2507 
173 - 2501 ++ step (0X1) 
173 - 2506 POP  
174 - 2507 PUSH 1 (0) 
174 - 2512 = return_value (0X5) 
174 - 2517 POP  
175 - 2518 JUMP 2640 
177 - 2523 PUSH Merchant" (0X23) 
177 - 2528 PUSH 1 (0) 
177 - 2533 PUSH who (0) 
177 - 2538 CALL_EXTERN (train_unit_with_cost) 
177 - 2543 PUSH 0 (0X3) 
177 - 2548 >  
177 - 2549 JUMP_IF_NOT 2560 
177 - 2554 ++ step (0X1) 
177 - 2559 POP  
178 - 2560 PUSH 1 (0) 
178 - 2565 = return_value (0X5) 
178 - 2570 POP  
179 - 2571 JUMP 2640 
181 - 2576 PUSH Classical Age" (0X2A) 
181 - 2581 PUSH who (0) 
181 - 2586 CALL_EXTERN (research_tech_with_cost) 
181 - 2591 PUSH 0 (0X3) 
181 - 2596 >  
181 - 2597 JUMP_IF_NOT 2608 
181 - 2602 ++ step (0X1) 
181 - 2607 POP  
182 - 2608 PUSH 1 (0) 
182 - 2613 = return_value (0X5) 
182 - 2618 POP  
183 - 2619 JUMP 2640 
185 - 2624 PUSH 3 (0X2) 
185 - 2629 = return_value (0X5) 
185 - 2634 POP  
186 - 2635 JUMP 2640 
188 - 2640 JUMP 177 
190 - 2645 PUSH return_value (0X5) 
190 - 2650 RETURN  
