
ai economic_british =======================================

9 - 0 SCRIPT_MARKER  
9 - 1 PARAM_DECL who (0) int
9 - 7 PARAM_DECL step (0X1) int
9 - 13 PARAM_DECL boom_vs_rush (0X2) int
9 - 19 PARAM_DECL num_loops (0X3) int
12 - 25 PUSH step (0X1) 
12 - 30 PUSH 1 (0) 
12 - 35 ==  
12 - 36 JUMP_IF_NOT 133 
13 - 41 CALL_EXTERN (get_starting_town_size) 
13 - 46 INIT_DECL size (0X4) anytype
14 - 52 PUSH size (0X4) 
14 - 57 PUSH 0 (0X3) 
14 - 62 ==  
14 - 63 JUMP_IF_NOT 79 
14 - 68 PUSH 1 (0) 
14 - 73 = step (0X1) 
14 - 78 POP  
15 - 79 PUSH size (0X4) 
15 - 84 PUSH 1 (0) 
15 - 89 ==  
15 - 90 JUMP_IF_NOT 106 
15 - 95 PUSH 2 (0X1) 
15 - 100 = step (0X1) 
15 - 105 POP  
16 - 106 PUSH size (0X4) 
16 - 111 PUSH 2 (0X1) 
16 - 116 >=  
16 - 117 JUMP_IF_NOT 133 
16 - 122 PUSH 6 (0X4) 
16 - 127 = step (0X1) 
16 - 132 POP  
19 - 133 PUSH 1 (0) 
19 - 138 INIT_DECL return_value (0X5) int
20 - 144 PUSH step (0X1) 
20 - 149 PUSH 1 (0) 
20 - 154 -  
20 - 155 INIT_DECL old_step (0X6) int
22 - 161 PUSH 0 (0X3) 
22 - 166 INIT_DECL i (0X7) anytype
22 - 172 JUMP 183 
22 - 177 ++ i (0X7) 
22 - 182 POP  
22 - 183 PUSH i (0X7) 
22 - 188 PUSH num_loops (0X3) 
22 - 193 <  
22 - 194 JUMP_IF_NOT 3517 
24 - 199 PUSH 1 (0) 
24 - 204 PUSH who (0) 
24 - 209 CALL_EXTERN (find_city_with_num) 
24 - 214 INIT_DECL my_capital (0X8) anytype
26 - 220 PUSH old_step (0X6) 
26 - 225 PUSH step (0X1) 
26 - 230 >=  
26 - 231 JUMP_IF_NOT 242 
26 - 236 PUSH return_value (0X5) 
26 - 241 RETURN  
28 - 242 PUSH step (0X1) 
28 - 247 = old_step (0X6) 
28 - 252 POP  
30 - 253 PUSH step (0X1) 
30 - 258 CASE 1 (0) 561
30 - 267 CASE 2 (0X1) 604
30 - 276 CASE 3 (0X2) 657
30 - 285 CASE 4 (0X7) 790
30 - 294 CASE 5 (0XA) 923
30 - 303 CASE 6 (0X4) 970
30 - 312 CASE 7 (0X9) 1018
30 - 321 CASE 8 (0XD) 1159
30 - 330 CASE 9 (0XE) 1212
30 - 339 CASE 10 (0XF) 1265
30 - 348 CASE 11 (0X11) 1313
30 - 357 CASE 12 (0X12) 1446
30 - 366 CASE 13 (0X13) 1489
30 - 375 CASE 14 (0X14) 1622
30 - 384 CASE 15 (0X16) 1670
30 - 393 CASE 16 (0X17) 1760
30 - 402 CASE 17 (0X19) 1813
30 - 411 CASE 18 (0X1A) 1946
30 - 420 CASE 19 (0X1B) 2020
30 - 429 CASE 20 (0X1C) 2153
30 - 438 CASE 21 (0X1E) 2206
30 - 447 CASE 22 (0X1F) 2339
30 - 456 CASE 23 (0X20) 2413
30 - 465 CASE 24 (0X21) 2546
30 - 474 CASE 25 (0X23) 2599
30 - 483 CASE 26 (0X24) 2732
30 - 492 CASE 27 (0X25) 2806
30 - 501 CASE 28 (0X26) 2896
30 - 510 CASE 29 (0X27) 3029
30 - 519 CASE 30 (0X28) 3103
30 - 528 CASE 31 (0X29) 3236
30 - 537 CASE 32 (0X2A) 3310
30 - 546 CASE 33 (0X2B) 3443
30 - 555 POP  
30 - 556 JUMP 3496 
32 - 561 PUSH who (0) 
32 - 566 CALL_EXTERN (place_city_with_cost) 
32 - 571 PUSH 0 (0X3) 
32 - 576 >  
32 - 577 JUMP_IF_NOT 588 
32 - 582 ++ step (0X1) 
32 - 587 POP  
33 - 588 PUSH 1 (0) 
33 - 593 = return_value (0X5) 
33 - 598 POP  
34 - 599 JUMP 3512 
36 - 604 PUSH my_capital (0X8) 
36 - 609 PUSH Woodcutter's Camp" (0X5) 
36 - 614 PUSH who (0) 
36 - 619 CALL_EXTERN (place_building_with_cost) 
36 - 624 PUSH 0 (0X3) 
36 - 629 >  
36 - 630 JUMP_IF_NOT 641 
36 - 635 ++ step (0X1) 
36 - 640 POP  
37 - 641 PUSH 1 (0) 
37 - 646 = return_value (0X5) 
37 - 651 POP  
38 - 652 JUMP 3512 
40 - 657 PUSH Farm" (0X6) 
40 - 662 PUSH who (0) 
40 - 667 CALL_EXTERN (num_type_with_queued) 
40 - 672 INIT_DECL farms (0X9) anytype
41 - 678 PUSH farms (0X9) 
41 - 683 INIT_DECL f (0XA) anytype
41 - 689 JUMP 700 
41 - 694 ++ f (0XA) 
41 - 699 POP  
41 - 700 PUSH f (0XA) 
41 - 705 PUSH 3 (0X2) 
41 - 710 <  
41 - 711 JUMP_IF_NOT 742 
42 - 716 PUSH my_capital (0X8) 
42 - 721 PUSH Farm" (0X6) 
42 - 726 PUSH who (0) 
42 - 731 CALL_EXTERN (place_building_with_cost) 
42 - 736 POP  
43 - 737 JUMP 694 
44 - 742 PUSH Farm" (0X6) 
44 - 747 PUSH who (0) 
44 - 752 CALL_EXTERN (num_type_with_queued) 
44 - 757 PUSH 3 (0X2) 
44 - 762 >=  
44 - 763 JUMP_IF_NOT 774 
44 - 768 ++ step (0X1) 
44 - 773 POP  
45 - 774 PUSH 1 (0) 
45 - 779 = return_value (0X5) 
45 - 784 POP  
46 - 785 JUMP 3512 
48 - 790 PUSH Citizen" (0X8) 
48 - 795 PUSH who (0) 
48 - 800 CALL_EXTERN (num_type_with_queued) 
48 - 805 INIT_DECL peas (0XB) anytype
49 - 811 PUSH peas (0XB) 
49 - 816 INIT_DECL p (0XC) anytype
49 - 822 JUMP 833 
49 - 827 ++ p (0XC) 
49 - 832 POP  
49 - 833 PUSH p (0XC) 
49 - 838 PUSH 7 (0X9) 
49 - 843 <  
49 - 844 JUMP_IF_NOT 875 
50 - 849 PUSH Citizen" (0X8) 
50 - 854 PUSH 1 (0) 
50 - 859 PUSH who (0) 
50 - 864 CALL_EXTERN (train_unit_with_cost) 
50 - 869 POP  
51 - 870 JUMP 827 
52 - 875 PUSH Citizen" (0X8) 
52 - 880 PUSH who (0) 
52 - 885 CALL_EXTERN (num_type_with_queued) 
52 - 890 PUSH 7 (0X9) 
52 - 895 >=  
52 - 896 JUMP_IF_NOT 907 
52 - 901 ++ step (0X1) 
52 - 906 POP  
53 - 907 PUSH 1 (0) 
53 - 912 = return_value (0X5) 
53 - 917 POP  
54 - 918 JUMP 3512 
56 - 923 PUSH my_capital (0X8) 
56 - 928 PUSH Library" (0XB) 
56 - 933 PUSH who (0) 
56 - 938 CALL_EXTERN (place_building_with_cost) 
56 - 943 JUMP_IF_NOT 954 
56 - 948 ++ step (0X1) 
56 - 953 POP  
57 - 954 PUSH 1 (0) 
57 - 959 = return_value (0X5) 
57 - 964 POP  
58 - 965 JUMP 3512 
60 - 970 PUSH Written Word" (0XC) 
60 - 975 PUSH who (0) 
60 - 980 CALL_EXTERN (research_tech_with_cost) 
60 - 985 PUSH 0 (0X3) 
60 - 990 >  
60 - 991 JUMP_IF_NOT 1002 
60 - 996 ++ step (0X1) 
60 - 1001 POP  
61 - 1002 PUSH 1 (0) 
61 - 1007 = return_value (0X5) 
61 - 1012 POP  
62 - 1013 JUMP 3512 
64 - 1018 PUSH Citizen" (0X8) 
64 - 1023 PUSH who (0) 
64 - 1028 CALL_EXTERN (num_type_with_queued) 
64 - 1033 = peas (0XB) 
64 - 1038 POP  
65 - 1039 PUSH peas (0XB) 
65 - 1044 = p (0XC) 
65 - 1049 POP  
65 - 1050 JUMP 1061 
65 - 1055 ++ p (0XC) 
65 - 1060 POP  
65 - 1061 PUSH p (0XC) 
65 - 1066 PUSH 8 (0XD) 
65 - 1071 <  
65 - 1072 JUMP_IF_NOT 1103 
66 - 1077 PUSH Citizen" (0X8) 
66 - 1082 PUSH 1 (0) 
66 - 1087 PUSH who (0) 
66 - 1092 CALL_EXTERN (train_unit_with_cost) 
66 - 1097 POP  
67 - 1098 JUMP 1055 
68 - 1103 PUSH Citizen" (0X8) 
68 - 1108 PUSH who (0) 
68 - 1113 CALL_EXTERN (num_type_with_queued) 
68 - 1118 PUSH 8 (0XD) 
68 - 1123 >=  
68 - 1124 JUMP_IF_NOT 1135 
68 - 1129 ++ step (0X1) 
68 - 1134 POP  
69 - 1135 PUSH 1 (0) 
69 - 1140 INIT_DECL value (0XD) anytype
69 - 1146 PUSH value (0XD) 
69 - 1151 CAST int 
69 - 1153 RETURN  
70 - 1154 JUMP 3512 
72 - 1159 PUSH my_capital (0X8) 
72 - 1164 PUSH Farm" (0X6) 
72 - 1169 PUSH who (0) 
72 - 1174 CALL_EXTERN (place_building_with_cost) 
72 - 1179 PUSH 0 (0X3) 
72 - 1184 >  
72 - 1185 JUMP_IF_NOT 1196 
72 - 1190 ++ step (0X1) 
72 - 1195 POP  
73 - 1196 PUSH 1 (0) 
73 - 1201 = return_value (0X5) 
73 - 1206 POP  
74 - 1207 JUMP 3512 
76 - 1212 PUSH my_capital (0X8) 
76 - 1217 PUSH Farm" (0X6) 
76 - 1222 PUSH who (0) 
76 - 1227 CALL_EXTERN (place_building_with_cost) 
76 - 1232 PUSH 0 (0X3) 
76 - 1237 >  
76 - 1238 JUMP_IF_NOT 1249 
76 - 1243 ++ step (0X1) 
76 - 1248 POP  
77 - 1249 PUSH 1 (0) 
77 - 1254 = return_value (0X5) 
77 - 1259 POP  
78 - 1260 JUMP 3512 
80 - 1265 PUSH City State" (0X10) 
80 - 1270 PUSH who (0) 
80 - 1275 CALL_EXTERN (research_tech_with_cost) 
80 - 1280 PUSH 0 (0X3) 
80 - 1285 >  
80 - 1286 JUMP_IF_NOT 1297 
80 - 1291 ++ step (0X1) 
80 - 1296 POP  
81 - 1297 PUSH 1 (0) 
81 - 1302 = return_value (0X5) 
81 - 1307 POP  
82 - 1308 JUMP 3512 
84 - 1313 PUSH Citizen" (0X8) 
84 - 1318 PUSH who (0) 
84 - 1323 CALL_EXTERN (num_type_with_queued) 
84 - 1328 = peas (0XB) 
84 - 1333 POP  
85 - 1334 PUSH peas (0XB) 
85 - 1339 = p (0XC) 
85 - 1344 POP  
85 - 1345 JUMP 1356 
85 - 1350 ++ p (0XC) 
85 - 1355 POP  
85 - 1356 PUSH p (0XC) 
85 - 1361 PUSH 9 (0XE) 
85 - 1366 <  
85 - 1367 JUMP_IF_NOT 1398 
86 - 1372 PUSH Citizen" (0X8) 
86 - 1377 PUSH 1 (0) 
86 - 1382 PUSH who (0) 
86 - 1387 CALL_EXTERN (train_unit_with_cost) 
86 - 1392 POP  
87 - 1393 JUMP 1350 
88 - 1398 PUSH Citizen" (0X8) 
88 - 1403 PUSH who (0) 
88 - 1408 CALL_EXTERN (num_type_with_queued) 
88 - 1413 PUSH 9 (0XE) 
88 - 1418 >=  
88 - 1419 JUMP_IF_NOT 1430 
88 - 1424 ++ step (0X1) 
88 - 1429 POP  
89 - 1430 PUSH 1 (0) 
89 - 1435 = return_value (0X5) 
89 - 1440 POP  
90 - 1441 JUMP 3512 
92 - 1446 PUSH who (0) 
92 - 1451 CALL_EXTERN (place_city_with_cost) 
92 - 1456 PUSH 0 (0X3) 
92 - 1461 >  
92 - 1462 JUMP_IF_NOT 1473 
92 - 1467 ++ step (0X1) 
92 - 1472 POP  
93 - 1473 PUSH 1 (0) 
93 - 1478 = return_value (0X5) 
93 - 1483 POP  
94 - 1484 JUMP 3512 
96 - 1489 PUSH Citizen" (0X8) 
96 - 1494 PUSH who (0) 
96 - 1499 CALL_EXTERN (num_type_with_queued) 
96 - 1504 = peas (0XB) 
96 - 1509 POP  
97 - 1510 PUSH peas (0XB) 
97 - 1515 = p (0XC) 
97 - 1520 POP  
97 - 1521 JUMP 1532 
97 - 1526 ++ p (0XC) 
97 - 1531 POP  
97 - 1532 PUSH p (0XC) 
97 - 1537 PUSH 10 (0XF) 
97 - 1542 <  
97 - 1543 JUMP_IF_NOT 1574 
98 - 1548 PUSH Citizen" (0X8) 
98 - 1553 PUSH 1 (0) 
98 - 1558 PUSH who (0) 
98 - 1563 CALL_EXTERN (train_unit_with_cost) 
98 - 1568 POP  
99 - 1569 JUMP 1526 
100 - 1574 PUSH Citizen" (0X8) 
100 - 1579 PUSH who (0) 
100 - 1584 CALL_EXTERN (num_type_with_queued) 
100 - 1589 PUSH 10 (0XF) 
100 - 1594 >=  
100 - 1595 JUMP_IF_NOT 1606 
100 - 1600 ++ step (0X1) 
100 - 1605 POP  
101 - 1606 PUSH 1 (0) 
101 - 1611 = return_value (0X5) 
101 - 1616 POP  
102 - 1617 JUMP 3512 
104 - 1622 PUSH Barter" (0X15) 
104 - 1627 PUSH who (0) 
104 - 1632 CALL_EXTERN (research_tech_with_cost) 
104 - 1637 PUSH 0 (0X3) 
104 - 1642 >  
104 - 1643 JUMP_IF_NOT 1654 
104 - 1648 ++ step (0X1) 
104 - 1653 POP  
105 - 1654 PUSH 1 (0) 
105 - 1659 = return_value (0X5) 
105 - 1664 POP  
106 - 1665 JUMP 3512 
108 - 1670 PUSH my_capital (0X8) 
108 - 1675 PUSH Woodcutter's Camp" (0X5) 
108 - 1680 PUSH who (0) 
108 - 1685 CALL_EXTERN (place_building_with_cost) 
108 - 1690 PUSH 0 (0X3) 
108 - 1695 >  
108 - 1696 JUMP_IF_NOT 1712 
109 - 1701 ++ step (0X1) 
109 - 1706 POP  
109 - 1707 JUMP 1744 
110 - 1712 PUSH Woodcutter's Camp" (0X5) 
110 - 1717 PUSH who (0) 
110 - 1722 CALL_EXTERN (can_pay_cost) 
110 - 1727 PUSH 0 (0X3) 
110 - 1732 >  
110 - 1733 JUMP_IF_NOT 1744 
111 - 1738 ++ step (0X1) 
111 - 1743 POP  
113 - 1744 PUSH 1 (0) 
113 - 1749 = return_value (0X5) 
113 - 1754 POP  
114 - 1755 JUMP 3512 
116 - 1760 PUSH my_capital (0X8) 
116 - 1765 PUSH Market" (0X18) 
116 - 1770 PUSH who (0) 
116 - 1775 CALL_EXTERN (place_building_with_cost) 
116 - 1780 PUSH 0 (0X3) 
116 - 1785 >  
116 - 1786 JUMP_IF_NOT 1797 
116 - 1791 ++ step (0X1) 
116 - 1796 POP  
117 - 1797 PUSH 1 (0) 
117 - 1802 = return_value (0X5) 
117 - 1807 POP  
118 - 1808 JUMP 3512 
120 - 1813 PUSH Citizen" (0X8) 
120 - 1818 PUSH who (0) 
120 - 1823 CALL_EXTERN (num_type_with_queued) 
120 - 1828 = peas (0XB) 
120 - 1833 POP  
121 - 1834 PUSH peas (0XB) 
121 - 1839 = p (0XC) 
121 - 1844 POP  
121 - 1845 JUMP 1856 
121 - 1850 ++ p (0XC) 
121 - 1855 POP  
121 - 1856 PUSH p (0XC) 
121 - 1861 PUSH 11 (0X11) 
121 - 1866 <  
121 - 1867 JUMP_IF_NOT 1898 
122 - 1872 PUSH Citizen" (0X8) 
122 - 1877 PUSH 1 (0) 
122 - 1882 PUSH who (0) 
122 - 1887 CALL_EXTERN (train_unit_with_cost) 
122 - 1892 POP  
123 - 1893 JUMP 1850 
124 - 1898 PUSH Citizen" (0X8) 
124 - 1903 PUSH who (0) 
124 - 1908 CALL_EXTERN (num_type_with_queued) 
124 - 1913 PUSH 11 (0X11) 
124 - 1918 >=  
124 - 1919 JUMP_IF_NOT 1930 
124 - 1924 ++ step (0X1) 
124 - 1929 POP  
125 - 1930 PUSH 1 (0) 
125 - 1935 = return_value (0X5) 
125 - 1940 POP  
126 - 1941 JUMP 3512 
128 - 1946 PUSH 2 (0X1) 
128 - 1951 PUSH who (0) 
128 - 1956 CALL_EXTERN (find_city_with_num) 
128 - 1961 INIT_DECL my_second_city (0XE) anytype
129 - 1967 PUSH my_second_city (0XE) 
129 - 1972 PUSH Farm" (0X6) 
129 - 1977 PUSH who (0) 
129 - 1982 CALL_EXTERN (place_building_with_cost) 
129 - 1987 PUSH 0 (0X3) 
129 - 1992 >  
129 - 1993 JUMP_IF_NOT 2004 
129 - 1998 ++ step (0X1) 
129 - 2003 POP  
130 - 2004 PUSH 1 (0) 
130 - 2009 = return_value (0X5) 
130 - 2014 POP  
131 - 2015 JUMP 3512 
133 - 2020 PUSH Citizen" (0X8) 
133 - 2025 PUSH who (0) 
133 - 2030 CALL_EXTERN (num_type_with_queued) 
133 - 2035 = peas (0XB) 
133 - 2040 POP  
134 - 2041 PUSH peas (0XB) 
134 - 2046 = p (0XC) 
134 - 2051 POP  
134 - 2052 JUMP 2063 
134 - 2057 ++ p (0XC) 
134 - 2062 POP  
134 - 2063 PUSH p (0XC) 
134 - 2068 PUSH 13 (0X13) 
134 - 2073 <  
134 - 2074 JUMP_IF_NOT 2105 
135 - 2079 PUSH Citizen" (0X8) 
135 - 2084 PUSH 1 (0) 
135 - 2089 PUSH who (0) 
135 - 2094 CALL_EXTERN (train_unit_with_cost) 
135 - 2099 POP  
136 - 2100 JUMP 2057 
137 - 2105 PUSH Citizen" (0X8) 
137 - 2110 PUSH who (0) 
137 - 2115 CALL_EXTERN (num_type_with_queued) 
137 - 2120 PUSH 13 (0X13) 
137 - 2125 >=  
137 - 2126 JUMP_IF_NOT 2137 
138 - 2131 ++ step (0X1) 
138 - 2136 POP  
139 - 2137 PUSH 1 (0) 
139 - 2142 = return_value (0X5) 
139 - 2147 POP  
140 - 2148 JUMP 3512 
142 - 2153 PUSH Caravan" (0X1D) 
142 - 2158 PUSH 1 (0) 
142 - 2163 PUSH who (0) 
142 - 2168 CALL_EXTERN (train_unit_with_cost) 
142 - 2173 PUSH 0 (0X3) 
142 - 2178 >  
142 - 2179 JUMP_IF_NOT 2190 
142 - 2184 ++ step (0X1) 
142 - 2189 POP  
143 - 2190 PUSH 1 (0) 
143 - 2195 = return_value (0X5) 
143 - 2200 POP  
144 - 2201 JUMP 3512 
146 - 2206 PUSH Citizen" (0X8) 
146 - 2211 PUSH who (0) 
146 - 2216 CALL_EXTERN (num_type_with_queued) 
146 - 2221 = peas (0XB) 
146 - 2226 POP  
147 - 2227 PUSH peas (0XB) 
147 - 2232 = p (0XC) 
147 - 2237 POP  
147 - 2238 JUMP 2249 
147 - 2243 ++ p (0XC) 
147 - 2248 POP  
147 - 2249 PUSH p (0XC) 
147 - 2254 PUSH 14 (0X14) 
147 - 2259 <  
147 - 2260 JUMP_IF_NOT 2291 
148 - 2265 PUSH Citizen" (0X8) 
148 - 2270 PUSH 1 (0) 
148 - 2275 PUSH who (0) 
148 - 2280 CALL_EXTERN (train_unit_with_cost) 
148 - 2285 POP  
149 - 2286 JUMP 2243 
150 - 2291 PUSH Citizen" (0X8) 
150 - 2296 PUSH who (0) 
150 - 2301 CALL_EXTERN (num_type_with_queued) 
150 - 2306 PUSH 14 (0X14) 
150 - 2311 >=  
150 - 2312 JUMP_IF_NOT 2323 
151 - 2317 ++ step (0X1) 
151 - 2322 POP  
152 - 2323 PUSH 1 (0) 
152 - 2328 = return_value (0X5) 
152 - 2333 POP  
153 - 2334 JUMP 3512 
155 - 2339 PUSH 2 (0X1) 
155 - 2344 PUSH who (0) 
155 - 2349 CALL_EXTERN (find_city_with_num) 
155 - 2354 = my_second_city (0XE) 
155 - 2359 POP  
156 - 2360 PUSH my_second_city (0XE) 
156 - 2365 PUSH Farm" (0X6) 
156 - 2370 PUSH who (0) 
156 - 2375 CALL_EXTERN (place_building_with_cost) 
156 - 2380 PUSH 0 (0X3) 
156 - 2385 >  
156 - 2386 JUMP_IF_NOT 2397 
156 - 2391 ++ step (0X1) 
156 - 2396 POP  
157 - 2397 PUSH 1 (0) 
157 - 2402 = return_value (0X5) 
157 - 2407 POP  
158 - 2408 JUMP 3512 
160 - 2413 PUSH Citizen" (0X8) 
160 - 2418 PUSH who (0) 
160 - 2423 CALL_EXTERN (num_type_with_queued) 
160 - 2428 = peas (0XB) 
160 - 2433 POP  
161 - 2434 PUSH peas (0XB) 
161 - 2439 = p (0XC) 
161 - 2444 POP  
161 - 2445 JUMP 2456 
161 - 2450 ++ p (0XC) 
161 - 2455 POP  
161 - 2456 PUSH p (0XC) 
161 - 2461 PUSH 15 (0X16) 
161 - 2466 <  
161 - 2467 JUMP_IF_NOT 2498 
162 - 2472 PUSH Citizen" (0X8) 
162 - 2477 PUSH 1 (0) 
162 - 2482 PUSH who (0) 
162 - 2487 CALL_EXTERN (train_unit_with_cost) 
162 - 2492 POP  
163 - 2493 JUMP 2450 
164 - 2498 PUSH Citizen" (0X8) 
164 - 2503 PUSH who (0) 
164 - 2508 CALL_EXTERN (num_type_with_queued) 
164 - 2513 PUSH 15 (0X16) 
164 - 2518 >=  
164 - 2519 JUMP_IF_NOT 2530 
165 - 2524 ++ step (0X1) 
165 - 2529 POP  
166 - 2530 PUSH 1 (0) 
166 - 2535 = return_value (0X5) 
166 - 2540 POP  
167 - 2541 JUMP 3512 
169 - 2546 PUSH Merchant" (0X22) 
169 - 2551 PUSH 1 (0) 
169 - 2556 PUSH who (0) 
169 - 2561 CALL_EXTERN (train_unit_with_cost) 
169 - 2566 PUSH 0 (0X3) 
169 - 2571 >  
169 - 2572 JUMP_IF_NOT 2583 
169 - 2577 ++ step (0X1) 
169 - 2582 POP  
170 - 2583 PUSH 1 (0) 
170 - 2588 = return_value (0X5) 
170 - 2593 POP  
171 - 2594 JUMP 3512 
173 - 2599 PUSH Citizen" (0X8) 
173 - 2604 PUSH who (0) 
173 - 2609 CALL_EXTERN (num_type_with_queued) 
173 - 2614 = peas (0XB) 
173 - 2619 POP  
174 - 2620 PUSH peas (0XB) 
174 - 2625 = p (0XC) 
174 - 2630 POP  
174 - 2631 JUMP 2642 
174 - 2636 ++ p (0XC) 
174 - 2641 POP  
174 - 2642 PUSH p (0XC) 
174 - 2647 PUSH 16 (0X17) 
174 - 2652 <  
174 - 2653 JUMP_IF_NOT 2684 
175 - 2658 PUSH Citizen" (0X8) 
175 - 2663 PUSH 1 (0) 
175 - 2668 PUSH who (0) 
175 - 2673 CALL_EXTERN (train_unit_with_cost) 
175 - 2678 POP  
176 - 2679 JUMP 2636 
177 - 2684 PUSH Citizen" (0X8) 
177 - 2689 PUSH who (0) 
177 - 2694 CALL_EXTERN (num_type_with_queued) 
177 - 2699 PUSH 16 (0X17) 
177 - 2704 >=  
177 - 2705 JUMP_IF_NOT 2716 
178 - 2710 ++ step (0X1) 
178 - 2715 POP  
179 - 2716 PUSH 1 (0) 
179 - 2721 = return_value (0X5) 
179 - 2726 POP  
180 - 2727 JUMP 3512 
182 - 2732 PUSH 2 (0X1) 
182 - 2737 PUSH who (0) 
182 - 2742 CALL_EXTERN (find_city_with_num) 
182 - 2747 = my_second_city (0XE) 
182 - 2752 POP  
183 - 2753 PUSH my_second_city (0XE) 
183 - 2758 PUSH Farm" (0X6) 
183 - 2763 PUSH who (0) 
183 - 2768 CALL_EXTERN (place_building_with_cost) 
183 - 2773 PUSH 0 (0X3) 
183 - 2778 >  
183 - 2779 JUMP_IF_NOT 2790 
183 - 2784 ++ step (0X1) 
183 - 2789 POP  
184 - 2790 PUSH 1 (0) 
184 - 2795 = return_value (0X5) 
184 - 2800 POP  
185 - 2801 JUMP 3512 
187 - 2806 PUSH my_capital (0X8) 
187 - 2811 PUSH Woodcutter's Camp" (0X5) 
187 - 2816 PUSH who (0) 
187 - 2821 CALL_EXTERN (place_building_with_cost) 
187 - 2826 PUSH 0 (0X3) 
187 - 2831 >  
187 - 2832 JUMP_IF_NOT 2848 
188 - 2837 ++ step (0X1) 
188 - 2842 POP  
188 - 2843 JUMP 2880 
189 - 2848 PUSH Woodcutter's Camp" (0X5) 
189 - 2853 PUSH who (0) 
189 - 2858 CALL_EXTERN (can_pay_cost) 
189 - 2863 PUSH 0 (0X3) 
189 - 2868 >  
189 - 2869 JUMP_IF_NOT 2880 
190 - 2874 ++ step (0X1) 
190 - 2879 POP  
192 - 2880 PUSH 1 (0) 
192 - 2885 = return_value (0X5) 
192 - 2890 POP  
193 - 2891 JUMP 3512 
195 - 2896 PUSH Citizen" (0X8) 
195 - 2901 PUSH who (0) 
195 - 2906 CALL_EXTERN (num_type_with_queued) 
195 - 2911 = peas (0XB) 
195 - 2916 POP  
196 - 2917 PUSH peas (0XB) 
196 - 2922 = p (0XC) 
196 - 2927 POP  
196 - 2928 JUMP 2939 
196 - 2933 ++ p (0XC) 
196 - 2938 POP  
196 - 2939 PUSH p (0XC) 
196 - 2944 PUSH 17 (0X19) 
196 - 2949 <  
196 - 2950 JUMP_IF_NOT 2981 
197 - 2955 PUSH Citizen" (0X8) 
197 - 2960 PUSH 1 (0) 
197 - 2965 PUSH who (0) 
197 - 2970 CALL_EXTERN (train_unit_with_cost) 
197 - 2975 POP  
198 - 2976 JUMP 2933 
199 - 2981 PUSH Citizen" (0X8) 
199 - 2986 PUSH who (0) 
199 - 2991 CALL_EXTERN (num_type_with_queued) 
199 - 2996 PUSH 17 (0X19) 
199 - 3001 >=  
199 - 3002 JUMP_IF_NOT 3013 
200 - 3007 ++ step (0X1) 
200 - 3012 POP  
201 - 3013 PUSH 1 (0) 
201 - 3018 = return_value (0X5) 
201 - 3023 POP  
202 - 3024 JUMP 3512 
204 - 3029 PUSH 2 (0X1) 
204 - 3034 PUSH who (0) 
204 - 3039 CALL_EXTERN (find_city_with_num) 
204 - 3044 = my_second_city (0XE) 
204 - 3049 POP  
205 - 3050 PUSH my_second_city (0XE) 
205 - 3055 PUSH Farm" (0X6) 
205 - 3060 PUSH who (0) 
205 - 3065 CALL_EXTERN (place_building_with_cost) 
205 - 3070 PUSH 0 (0X3) 
205 - 3075 >  
205 - 3076 JUMP_IF_NOT 3087 
205 - 3081 ++ step (0X1) 
205 - 3086 POP  
206 - 3087 PUSH 1 (0) 
206 - 3092 = return_value (0X5) 
206 - 3097 POP  
207 - 3098 JUMP 3512 
209 - 3103 PUSH Citizen" (0X8) 
209 - 3108 PUSH who (0) 
209 - 3113 CALL_EXTERN (num_type_with_queued) 
209 - 3118 = peas (0XB) 
209 - 3123 POP  
210 - 3124 PUSH peas (0XB) 
210 - 3129 = p (0XC) 
210 - 3134 POP  
210 - 3135 JUMP 3146 
210 - 3140 ++ p (0XC) 
210 - 3145 POP  
210 - 3146 PUSH p (0XC) 
210 - 3151 PUSH 18 (0X1A) 
210 - 3156 <  
210 - 3157 JUMP_IF_NOT 3188 
211 - 3162 PUSH Citizen" (0X8) 
211 - 3167 PUSH 1 (0) 
211 - 3172 PUSH who (0) 
211 - 3177 CALL_EXTERN (train_unit_with_cost) 
211 - 3182 POP  
212 - 3183 JUMP 3140 
213 - 3188 PUSH Citizen" (0X8) 
213 - 3193 PUSH who (0) 
213 - 3198 CALL_EXTERN (num_type_with_queued) 
213 - 3203 PUSH 18 (0X1A) 
213 - 3208 >=  
213 - 3209 JUMP_IF_NOT 3220 
214 - 3214 ++ step (0X1) 
214 - 3219 POP  
215 - 3220 PUSH 1 (0) 
215 - 3225 = return_value (0X5) 
215 - 3230 POP  
216 - 3231 JUMP 3512 
218 - 3236 PUSH 2 (0X1) 
218 - 3241 PUSH who (0) 
218 - 3246 CALL_EXTERN (find_city_with_num) 
218 - 3251 = my_second_city (0XE) 
218 - 3256 POP  
219 - 3257 PUSH my_second_city (0XE) 
219 - 3262 PUSH Farm" (0X6) 
219 - 3267 PUSH who (0) 
219 - 3272 CALL_EXTERN (place_building_with_cost) 
219 - 3277 PUSH 0 (0X3) 
219 - 3282 >  
219 - 3283 JUMP_IF_NOT 3294 
219 - 3288 ++ step (0X1) 
219 - 3293 POP  
220 - 3294 PUSH 1 (0) 
220 - 3299 = return_value (0X5) 
220 - 3304 POP  
221 - 3305 JUMP 3512 
223 - 3310 PUSH Citizen" (0X8) 
223 - 3315 PUSH who (0) 
223 - 3320 CALL_EXTERN (num_type_with_queued) 
223 - 3325 = peas (0XB) 
223 - 3330 POP  
224 - 3331 PUSH peas (0XB) 
224 - 3336 = p (0XC) 
224 - 3341 POP  
224 - 3342 JUMP 3353 
224 - 3347 ++ p (0XC) 
224 - 3352 POP  
224 - 3353 PUSH p (0XC) 
224 - 3358 PUSH 20 (0X1C) 
224 - 3363 <  
224 - 3364 JUMP_IF_NOT 3395 
225 - 3369 PUSH Citizen" (0X8) 
225 - 3374 PUSH 1 (0) 
225 - 3379 PUSH who (0) 
225 - 3384 CALL_EXTERN (train_unit_with_cost) 
225 - 3389 POP  
226 - 3390 JUMP 3347 
227 - 3395 PUSH Citizen" (0X8) 
227 - 3400 PUSH who (0) 
227 - 3405 CALL_EXTERN (num_type_with_queued) 
227 - 3410 PUSH 20 (0X1C) 
227 - 3415 >=  
227 - 3416 JUMP_IF_NOT 3427 
228 - 3421 ++ step (0X1) 
228 - 3426 POP  
229 - 3427 PUSH 1 (0) 
229 - 3432 = return_value (0X5) 
229 - 3437 POP  
230 - 3438 JUMP 3512 
232 - 3443 PUSH Merchant" (0X22) 
232 - 3448 PUSH 1 (0) 
232 - 3453 PUSH who (0) 
232 - 3458 CALL_EXTERN (train_unit_with_cost) 
232 - 3463 PUSH 0 (0X3) 
232 - 3468 >  
232 - 3469 JUMP_IF_NOT 3480 
232 - 3474 ++ step (0X1) 
232 - 3479 POP  
233 - 3480 PUSH 1 (0) 
233 - 3485 = return_value (0X5) 
233 - 3490 POP  
234 - 3491 JUMP 3512 
236 - 3496 PUSH 3 (0X2) 
236 - 3501 = return_value (0X5) 
236 - 3506 POP  
237 - 3507 JUMP 3512 
239 - 3512 JUMP 177 
241 - 3517 PUSH return_value (0X5) 
241 - 3522 RETURN  
