
ai economic =======================================

16 - 0 SCRIPT_MARKER  
16 - 1 PARAM_DECL who (0) int
16 - 7 PARAM_DECL step (0X1) int
16 - 13 PARAM_DECL boom_vs_rush (0X2) int
16 - 19 PARAM_DECL num_loops (0X3) int
19 - 25 PUSH 1 (0) 
19 - 30 INIT_DECL return_value (0X4) int
20 - 36 PUSH 0 (0X3D) 
20 - 41 INIT_DECL old_step (0X5) int
21 - 47 PUSH who (0) 
21 - 52 CALL_EXTERN (find_nation) 
21 - 57 INIT_DECL who_nation (0X6) anytype
22 - 63 JUMP_IF_INITED needed_techs (0X80000000) 88
22 - 72 PUSH who (0) 
22 - 77 CALL_EXTERN (get_techs_per_age) 
22 - 82 INIT_DECL needed_techs (0X80000000) int
23 - 88 PUSH who (0) 
23 - 93 CALL_EXTERN (age) 
23 - 98 INIT_DECL player_age (0X7) int
24 - 104 JUMP_IF_INITED wood_camp_1 (0X80000001) 124
24 - 113 PUSH 0 (0X3D) 
24 - 118 INIT_DECL wood_camp_1 (0X80000001) int
25 - 124 JUMP_IF_INITED wood_camp_size_2 (0X80000002) 144
25 - 133 PUSH 0 (0X3D) 
25 - 138 INIT_DECL wood_camp_size_2 (0X80000002) int
26 - 144 JUMP_IF_INITED max_woodcutters (0X80000003) 164
26 - 153 PUSH 0 (0X3D) 
26 - 158 INIT_DECL max_woodcutters (0X80000003) int
27 - 164 PUSH 1 (0) 
27 - 169 PUSH who (0) 
27 - 174 CALL_EXTERN (find_city_with_num) 
27 - 179 INIT_DECL my_capital (0X8) anytype
28 - 185 JUMP_IF_INITED needed_workers (0X80000004) 205
28 - 194 PUSH 0 (0X3D) 
28 - 199 INIT_DECL needed_workers (0X80000004) int
29 - 205 JUMP_IF_INITED unbuilt_citizen (0X80000005) 225
29 - 214 PUSH 0 (0X3D) 
29 - 219 INIT_DECL unbuilt_citizen (0X80000005) int
30 - 225 JUMP_IF_INITED wood_camp_build (0X80000006) 245
30 - 234 PUSH 0 (0X3D) 
30 - 239 INIT_DECL wood_camp_build (0X80000006) int
31 - 245 JUMP_IF_INITED farm_non_place (0X80000007) 265
31 - 254 PUSH 0 (0X3D) 
31 - 259 INIT_DECL farm_non_place (0X80000007) int
34 - 265 PUSH step (0X1) 
34 - 270 PUSH 1 (0) 
34 - 275 ==  
34 - 276 JUMP_IF_NOT 521 
35 - 281 PUSH who (0) 
35 - 286 CALL_EXTERN (get_starting_resources) 
35 - 291 PUSH 7 (0X3) 
35 - 296 ==  
35 - 297 JUMP_IF_NOT 313 
36 - 302 PUSH 3 (0X2) 
36 - 307 = return_value (0X4) 
36 - 312 POP  
38 - 313 PUSH who (0) 
38 - 318 CALL_EXTERN (get_starting_town_size) 
38 - 323 INIT_DECL size (0X9) anytype
39 - 329 PUSH size (0X9) 
39 - 334 PUSH 0 (0X3D) 
39 - 339 ==  
39 - 340 JUMP_IF_NOT 356 
39 - 345 PUSH 1 (0) 
39 - 350 = step (0X1) 
39 - 355 POP  
40 - 356 PUSH size (0X9) 
40 - 361 PUSH 1 (0) 
40 - 366 ==  
40 - 367 JUMP_IF_NOT 383 
40 - 372 PUSH 2 (0X1) 
40 - 377 = step (0X1) 
40 - 382 POP  
41 - 383 PUSH size (0X9) 
41 - 388 PUSH 2 (0X1) 
41 - 393 ==  
41 - 394 JUMP_IF_NOT 452 
42 - 399 PUSH 6 (0X4) 
42 - 404 = step (0X1) 
42 - 409 POP  
43 - 410 PUSH Woodcutter's Camp" (0X46) 
43 - 415 PUSH who (0) 
43 - 420 CALL_EXTERN (find_build) 
43 - 425 = wood_camp_1 (0X80000001) 
43 - 430 POP  
44 - 431 PUSH wood_camp_1 (0X80000001) 
44 - 436 PUSH who (0) 
44 - 441 CALL_EXTERN (max_workers_at_building) 
44 - 446 = max_woodcutters (0X80000003) 
44 - 451 POP  
46 - 452 PUSH size (0X9) 
46 - 457 PUSH 3 (0X2) 
46 - 462 >=  
46 - 463 JUMP_IF_NOT 521 
47 - 468 PUSH 7 (0X3) 
47 - 473 = step (0X1) 
47 - 478 POP  
48 - 479 PUSH Woodcutter's Camp" (0X46) 
48 - 484 PUSH who (0) 
48 - 489 CALL_EXTERN (find_build) 
48 - 494 = wood_camp_1 (0X80000001) 
48 - 499 POP  
49 - 500 PUSH wood_camp_1 (0X80000001) 
49 - 505 PUSH who (0) 
49 - 510 CALL_EXTERN (max_workers_at_building) 
49 - 515 = max_woodcutters (0X80000003) 
49 - 520 POP  
53 - 521 PUSH 0 (0X3D) 
53 - 526 INIT_DECL i (0XA) anytype
53 - 532 JUMP 543 
53 - 537 ++ i (0XA) 
53 - 542 POP  
53 - 543 PUSH i (0XA) 
53 - 548 PUSH num_loops (0X3) 
53 - 553 <  
53 - 554 JUMP_IF_NOT 5423 
57 - 559 PUSH step (0X1) 
57 - 564 PUSH 1 (0) 
57 - 569 -  
57 - 570 = old_step (0X5) 
57 - 575 POP  
59 - 576 PUSH step (0X1) 
59 - 581 CASE 1 (0) 1055
59 - 590 CASE 2 (0X1) 1098
59 - 599 CASE 3 (0X2) 1151
59 - 608 CASE 4 (0X4B) 1208
59 - 617 CASE 5 (0X47) 1341
59 - 626 CASE 6 (0X4) 1394
59 - 635 CASE 7 (0X3) 1451
59 - 644 CASE 8 (0X7) 1536
59 - 653 CASE 9 (0X8) 1651
59 - 662 CASE 10 (0X9) 1709
59 - 671 CASE 11 (0XA) 1788
59 - 680 CASE 12 (0XB) 1868
59 - 689 CASE 13 (0XD) 1916
59 - 698 CASE 14 (0XF) 2027
59 - 707 CASE 15 (0X11) 2117
59 - 716 CASE 16 (0X12) 2319
59 - 725 CASE 17 (0X13) 2452
59 - 734 CASE 18 (0X14) 2499
59 - 743 CASE 19 (0X15) 2632
59 - 752 CASE 20 (0X16) 2679
59 - 761 CASE 21 (0X18) 2789
59 - 770 CASE 22 (0X19) 2922
59 - 779 CASE 23 (0X1A) 2969
59 - 788 CASE 24 (0X1B) 3102
59 - 797 CASE 25 (0X1C) 3149
59 - 806 CASE 26 (0X1D) 3282
59 - 815 CASE 27 (0X1E) 3329
59 - 824 CASE 28 (0X1F) 3531
59 - 833 CASE 29 (0X20) 3578
59 - 842 CASE 30 (0X21) 3711
59 - 851 CASE 31 (0X22) 3758
59 - 860 CASE 32 (0X23) 3960
59 - 869 CASE 33 (0X24) 4007
59 - 878 CASE 34 (0X26) 4065
59 - 887 CASE 35 (0X27) 4112
59 - 896 CASE 36 (0X28) 4134
59 - 905 CASE 37 (0X29) 4245
59 - 914 CASE 38 (0X2A) 4292
59 - 923 CASE 39 (0X2B) 4339
59 - 932 CASE 40 (0X2C) 4541
59 - 941 CASE 41 (0X2D) 4588
59 - 950 CASE 42 (0X2E) 4790
59 - 959 CASE 43 (0X30) 4832
59 - 968 CASE 44 (0X31) 4879
59 - 977 CASE 45 (0X33) 4974
59 - 986 CASE 46 (0X34) 5021
59 - 995 CASE 47 (0X35) 5068
59 - 1004 CASE 48 (0X37) 5116
59 - 1013 CASE 49 (0X38) 5211
59 - 1022 CASE 50 (0X39) 5258
59 - 1031 CASE 51 (0X3A) 5280
59 - 1040 CASE 52 (0X3B) 5327
59 - 1049 POP  
59 - 1050 JUMP 5402 
61 - 1055 PUSH who (0) 
61 - 1060 CALL_EXTERN (place_city_with_cost) 
61 - 1065 PUSH 0 (0X3D) 
61 - 1070 >  
61 - 1071 JUMP_IF_NOT 1082 
61 - 1076 ++ step (0X1) 
61 - 1081 POP  
62 - 1082 PUSH 1 (0) 
62 - 1087 = return_value (0X4) 
62 - 1092 POP  
63 - 1093 JUMP 5418 
65 - 1098 PUSH my_capital (0X8) 
65 - 1103 PUSH Woodcutter's Camp" (0X46) 
65 - 1108 PUSH who (0) 
65 - 1113 CALL_EXTERN (place_building_with_cost) 
65 - 1118 PUSH 0 (0X3D) 
65 - 1123 >  
65 - 1124 JUMP_IF_NOT 1135 
65 - 1129 ++ step (0X1) 
65 - 1134 POP  
66 - 1135 PUSH 1 (0) 
66 - 1140 = return_value (0X4) 
66 - 1145 POP  
67 - 1146 JUMP 5418 
69 - 1151 PUSH 3 (0X2) 
69 - 1156 PUSH my_capital (0X8) 
69 - 1161 PUSH who (0) 
69 - 1166 CALL_OUTSIDE 3 0
69 - 1175 PUSH 0 (0X3D) 
69 - 1180 >  
69 - 1181 JUMP_IF_NOT 1192 
69 - 1186 ++ step (0X1) 
69 - 1191 POP  
70 - 1192 PUSH 1 (0) 
70 - 1197 = return_value (0X4) 
70 - 1202 POP  
71 - 1203 JUMP 5418 
73 - 1208 PUSH Citizen" (0X4A) 
73 - 1213 PUSH who (0) 
73 - 1218 CALL_EXTERN (num_type_with_queued) 
73 - 1223 INIT_DECL peas (0XB) anytype
74 - 1229 PUSH peas (0XB) 
74 - 1234 INIT_DECL p (0XC) anytype
74 - 1240 JUMP 1251 
74 - 1245 ++ p (0XC) 
74 - 1250 POP  
74 - 1251 PUSH p (0XC) 
74 - 1256 PUSH 5 (0X47) 
74 - 1261 <  
74 - 1262 JUMP_IF_NOT 1293 
75 - 1267 PUSH Citizen" (0X4A) 
75 - 1272 PUSH 1 (0) 
75 - 1277 PUSH who (0) 
75 - 1282 CALL_EXTERN (train_unit_with_cost) 
75 - 1287 POP  
76 - 1288 JUMP 1245 
77 - 1293 PUSH Citizen" (0X4A) 
77 - 1298 PUSH who (0) 
77 - 1303 CALL_EXTERN (num_type_with_queued) 
77 - 1308 PUSH 5 (0X47) 
77 - 1313 >=  
77 - 1314 JUMP_IF_NOT 1325 
77 - 1319 ++ step (0X1) 
77 - 1324 POP  
78 - 1325 PUSH 1 (0) 
78 - 1330 = return_value (0X4) 
78 - 1335 POP  
79 - 1336 JUMP 5418 
81 - 1341 PUSH my_capital (0X8) 
81 - 1346 PUSH Library" (0X5) 
81 - 1351 PUSH who (0) 
81 - 1356 CALL_EXTERN (place_building_with_cost) 
81 - 1361 PUSH 0 (0X3D) 
81 - 1366 >  
81 - 1367 JUMP_IF_NOT 1378 
81 - 1372 ++ step (0X1) 
81 - 1377 POP  
82 - 1378 PUSH 1 (0) 
82 - 1383 = return_value (0X4) 
82 - 1388 POP  
83 - 1389 JUMP 5418 
85 - 1394 PUSH 2 (0X1) 
85 - 1399 PUSH my_capital (0X8) 
85 - 1404 PUSH who (0) 
85 - 1409 CALL_OUTSIDE 3 1
85 - 1418 PUSH 0 (0X3D) 
85 - 1423 >  
85 - 1424 JUMP_IF_NOT 1435 
85 - 1429 ++ step (0X1) 
85 - 1434 POP  
86 - 1435 PUSH 1 (0) 
86 - 1440 = return_value (0X4) 
86 - 1445 POP  
87 - 1446 JUMP 5418 
89 - 1451 PUSH who (0) 
89 - 1456 CALL_EXTERN (age) 
89 - 1461 PUSH 0 (0X3D) 
89 - 1466 >  
89 - 1467 JUMP_IF_NOT 1514 
90 - 1472 PUSH my_capital (0X8) 
90 - 1477 PUSH University" (0X6) 
90 - 1482 PUSH who (0) 
90 - 1487 CALL_EXTERN (place_building_with_cost) 
90 - 1492 PUSH 0 (0X3D) 
90 - 1497 >  
90 - 1498 JUMP_IF_NOT 1509 
90 - 1503 ++ step (0X1) 
90 - 1508 POP  
91 - 1509 JUMP 1520 
92 - 1514 ++ step (0X1) 
92 - 1519 POP  
93 - 1520 PUSH 1 (0) 
93 - 1525 = return_value (0X4) 
93 - 1530 POP  
94 - 1531 JUMP 5418 
96 - 1536 PUSH who (0) 
96 - 1541 CALL_EXTERN (num_cities) 
96 - 1546 PUSH 1 (0) 
96 - 1551 >  
96 - 1552 JUMP_IF_NOT 1578 
97 - 1557 PUSH 3 (0X2) 
97 - 1562 = return_value (0X4) 
97 - 1567 POP  
98 - 1568 JUMP 5418 
98 - 1573 JUMP 1635 
100 - 1578 PUSH City State" (0X3F) 
100 - 1583 PUSH who (0) 
100 - 1588 CALL_EXTERN (have_tech) 
100 - 1593 JUMP_IF_NOT 1609 
100 - 1598 ++ step (0X1) 
100 - 1603 POP  
100 - 1604 JUMP 1635 
101 - 1609 PUSH City State" (0X3F) 
101 - 1614 PUSH who (0) 
101 - 1619 CALL_EXTERN (research_tech_with_cost) 
101 - 1624 JUMP_IF_NOT 1635 
101 - 1629 ++ step (0X1) 
101 - 1634 POP  
102 - 1635 PUSH 1 (0) 
102 - 1640 = return_value (0X4) 
102 - 1645 POP  
103 - 1646 JUMP 5418 
105 - 1651 PUSH 8 (0X7) 
105 - 1656 = needed_workers (0X80000004) 
105 - 1661 POP  
106 - 1662 PUSH Citizen" (0X4A) 
106 - 1667 PUSH needed_workers (0X80000004) 
106 - 1672 PUSH who (0) 
106 - 1677 CALL_OUTSIDE 4 2
106 - 1686 POP  
108 - 1687 ++ step (0X1) 
108 - 1692 POP  
109 - 1693 PUSH 1 (0) 
109 - 1698 = return_value (0X4) 
109 - 1703 POP  
110 - 1704 JUMP 5418 
112 - 1709 PUSH who (0) 
112 - 1714 CALL_EXTERN (num_cities) 
112 - 1719 PUSH 1 (0) 
112 - 1724 ==  
112 - 1725 JUMP_IF_NOT 1766 
113 - 1730 PUSH who (0) 
113 - 1735 CALL_OUTSIDE 0 3
113 - 1744 PUSH 0 (0X3D) 
113 - 1749 >  
113 - 1750 JUMP_IF_NOT 1761 
113 - 1755 ++ step (0X1) 
113 - 1760 POP  
114 - 1761 JUMP 1772 
115 - 1766 ++ step (0X1) 
115 - 1771 POP  
116 - 1772 PUSH 1 (0) 
116 - 1777 = return_value (0X4) 
116 - 1782 POP  
117 - 1783 JUMP 5418 
119 - 1788 PUSH max_woodcutters (0X80000003) 
119 - 1793 PUSH Farm" (0X49) 
119 - 1798 PUSH who (0) 
119 - 1803 CALL_EXTERN (num_type_with_queued) 
119 - 1808 +  
119 - 1809 PUSH 1 (0) 
119 - 1814 +  
119 - 1815 = needed_workers (0X80000004) 
119 - 1820 POP  
120 - 1821 PUSH Citizen" (0X4A) 
120 - 1826 PUSH needed_workers (0X80000004) 
120 - 1831 PUSH who (0) 
120 - 1836 CALL_OUTSIDE 4 4
120 - 1845 POP  
121 - 1846 ++ step (0X1) 
121 - 1851 POP  
122 - 1852 PUSH 1 (0) 
122 - 1857 = return_value (0X4) 
122 - 1862 POP  
123 - 1863 JUMP 5418 
125 - 1868 PUSH Barter" (0XC) 
125 - 1873 PUSH who (0) 
125 - 1878 CALL_EXTERN (research_tech_with_cost) 
125 - 1883 PUSH 0 (0X3D) 
125 - 1888 >  
125 - 1889 JUMP_IF_NOT 1900 
125 - 1894 ++ step (0X1) 
125 - 1899 POP  
126 - 1900 PUSH 1 (0) 
126 - 1905 = return_value (0X4) 
126 - 1910 POP  
127 - 1911 JUMP 5418 
129 - 1916 PUSH who (0) 
129 - 1921 CALL_EXTERN (age) 
129 - 1926 PUSH 0 (0X3D) 
129 - 1931 >  
129 - 1932 JUMP_IF_NOT 2005 
130 - 1937 PUSH University" (0X6) 
130 - 1942 PUSH who (0) 
130 - 1947 CALL_EXTERN (num_type) 
130 - 1952 PUSH 1 (0) 
130 - 1957 >=  
130 - 1958 JUMP_IF_NOT 2000 
131 - 1963 PUSH Scholar" (0XE) 
131 - 1968 PUSH 2 (0X1) 
131 - 1973 PUSH who (0) 
131 - 1978 CALL_EXTERN (train_unit_with_cost) 
131 - 1983 PUSH 0 (0X3D) 
131 - 1988 >  
131 - 1989 JUMP_IF_NOT 2000 
131 - 1994 ++ step (0X1) 
131 - 1999 POP  
133 - 2000 JUMP 2011 
134 - 2005 ++ step (0X1) 
134 - 2010 POP  
135 - 2011 PUSH 1 (0) 
135 - 2016 = return_value (0X4) 
135 - 2021 POP  
136 - 2022 JUMP 5418 
138 - 2027 PUSH Market" (0X10) 
138 - 2032 PUSH who (0) 
138 - 2037 CALL_EXTERN (num_type) 
138 - 2042 PUSH 0 (0X3D) 
138 - 2047 ==  
138 - 2048 JUMP_IF_NOT 2095 
140 - 2053 PUSH my_capital (0X8) 
140 - 2058 PUSH Market" (0X10) 
140 - 2063 PUSH who (0) 
140 - 2068 CALL_EXTERN (place_building_with_cost) 
140 - 2073 PUSH 0 (0X3D) 
140 - 2078 >  
140 - 2079 JUMP_IF_NOT 2090 
142 - 2084 ++ step (0X1) 
142 - 2089 POP  
144 - 2090 JUMP 2101 
147 - 2095 ++ step (0X1) 
147 - 2100 POP  
149 - 2101 PUSH 1 (0) 
149 - 2106 = return_value (0X4) 
149 - 2111 POP  
150 - 2112 JUMP 5418 
152 - 2117 PUSH who (0) 
152 - 2122 CALL_EXTERN (num_cities) 
152 - 2127 PUSH 2 (0X1) 
152 - 2132 ==  
152 - 2133 JUMP_IF_NOT 2249 
153 - 2138 PUSH 2 (0X1) 
153 - 2143 PUSH who (0) 
153 - 2148 CALL_EXTERN (find_city_with_num) 
153 - 2153 INIT_DECL my_second_city (0XD) anytype
154 - 2159 PUSH 1 (0) 
154 - 2164 PUSH farm_non_place (0X80000007) 
154 - 2169 +  
154 - 2170 PUSH my_second_city (0XD) 
154 - 2175 PUSH who (0) 
154 - 2180 CALL_OUTSIDE 3 5
154 - 2189 PUSH 0 (0X3D) 
154 - 2194 >  
154 - 2195 JUMP_IF_NOT 2244 
155 - 2200 PUSH max_woodcutters (0X80000003) 
155 - 2205 PUSH Farm" (0X49) 
155 - 2210 PUSH who (0) 
155 - 2215 CALL_EXTERN (num_type_with_queued) 
155 - 2220 +  
155 - 2221 = needed_workers (0X80000004) 
155 - 2226 POP  
156 - 2227 PUSH 0 (0X3D) 
156 - 2232 = farm_non_place (0X80000007) 
156 - 2237 POP  
157 - 2238 ++ step (0X1) 
157 - 2243 POP  
159 - 2244 JUMP 2303 
160 - 2249 PUSH who (0) 
160 - 2254 CALL_OUTSIDE 0 6
160 - 2263 PUSH 0 (0X3D) 
160 - 2268 >  
160 - 2269 JUMP_IF_NOT 2291 
161 - 2274 ++ farm_non_place (0X80000007) 
161 - 2279 POP  
162 - 2280 ++ step (0X1) 
162 - 2285 POP  
162 - 2286 JUMP 2303 
165 - 2291 ++ farm_non_place (0X80000007) 
165 - 2296 POP  
166 - 2297 ++ step (0X1) 
166 - 2302 POP  
168 - 2303 PUSH 1 (0) 
168 - 2308 = return_value (0X4) 
168 - 2313 POP  
169 - 2314 JUMP 5418 
171 - 2319 PUSH wood_camp_build (0X80000006) 
171 - 2324 PUSH 0 (0X3D) 
171 - 2329 ==  
171 - 2330 JUMP_IF_NOT 2430 
173 - 2335 PUSH needed_workers (0X80000004) 
173 - 2340 PUSH max_woodcutters (0X80000003) 
173 - 2345 PUSH who (0) 
173 - 2350 CALL_OUTSIDE 2 7
173 - 2359 = wood_camp_build (0X80000006) 
173 - 2364 POP  
174 - 2365 PUSH wood_camp_build (0X80000006) 
174 - 2370 PUSH 0 (0X3D) 
174 - 2375 >  
174 - 2376 JUMP_IF_NOT 2419 
175 - 2381 PUSH wood_camp_build (0X80000006) 
175 - 2386 = max_woodcutters (0X80000003) 
175 - 2391 POP  
176 - 2392 PUSH max_woodcutters (0X80000003) 
176 - 2397 PUSH Farm" (0X49) 
176 - 2402 PUSH who (0) 
176 - 2407 CALL_EXTERN (num_type_with_queued) 
176 - 2412 +  
176 - 2413 = needed_workers (0X80000004) 
176 - 2418 POP  
178 - 2419 ++ step (0X1) 
178 - 2424 POP  
178 - 2425 JUMP 2436 
180 - 2430 ++ step (0X1) 
180 - 2435 POP  
181 - 2436 PUSH 1 (0) 
181 - 2441 = return_value (0X4) 
181 - 2446 POP  
182 - 2447 JUMP 5418 
184 - 2452 PUSH Citizen" (0X4A) 
184 - 2457 PUSH needed_workers (0X80000004) 
184 - 2462 PUSH who (0) 
184 - 2467 CALL_OUTSIDE 4 8
184 - 2476 POP  
185 - 2477 ++ step (0X1) 
185 - 2482 POP  
186 - 2483 PUSH 1 (0) 
186 - 2488 = return_value (0X4) 
186 - 2493 POP  
187 - 2494 JUMP 5418 
189 - 2499 PUSH wood_camp_build (0X80000006) 
189 - 2504 PUSH 0 (0X3D) 
189 - 2509 ==  
189 - 2510 JUMP_IF_NOT 2610 
191 - 2515 PUSH needed_workers (0X80000004) 
191 - 2520 PUSH max_woodcutters (0X80000003) 
191 - 2525 PUSH who (0) 
191 - 2530 CALL_OUTSIDE 2 9
191 - 2539 = wood_camp_build (0X80000006) 
191 - 2544 POP  
192 - 2545 PUSH wood_camp_build (0X80000006) 
192 - 2550 PUSH 0 (0X3D) 
192 - 2555 >  
192 - 2556 JUMP_IF_NOT 2599 
193 - 2561 PUSH wood_camp_build (0X80000006) 
193 - 2566 = max_woodcutters (0X80000003) 
193 - 2571 POP  
194 - 2572 PUSH max_woodcutters (0X80000003) 
194 - 2577 PUSH Farm" (0X49) 
194 - 2582 PUSH who (0) 
194 - 2587 CALL_EXTERN (num_type_with_queued) 
194 - 2592 +  
194 - 2593 = needed_workers (0X80000004) 
194 - 2598 POP  
196 - 2599 ++ step (0X1) 
196 - 2604 POP  
196 - 2605 JUMP 2616 
198 - 2610 ++ step (0X1) 
198 - 2615 POP  
199 - 2616 PUSH 1 (0) 
199 - 2621 = return_value (0X4) 
199 - 2626 POP  
200 - 2627 JUMP 5418 
202 - 2632 PUSH Citizen" (0X4A) 
202 - 2637 PUSH needed_workers (0X80000004) 
202 - 2642 PUSH who (0) 
202 - 2647 CALL_OUTSIDE 4 10
202 - 2656 POP  
203 - 2657 ++ step (0X1) 
203 - 2662 POP  
204 - 2663 PUSH 1 (0) 
204 - 2668 = return_value (0X4) 
204 - 2673 POP  
205 - 2674 JUMP 5418 
207 - 2679 PUSH who (0) 
207 - 2684 CALL_EXTERN (num_cities) 
207 - 2689 PUSH 2 (0X1) 
207 - 2694 ==  
207 - 2695 JUMP_IF_NOT 2742 
208 - 2700 PUSH Caravan" (0X17) 
208 - 2705 PUSH 1 (0) 
208 - 2710 PUSH who (0) 
208 - 2715 CALL_EXTERN (train_unit_with_cost) 
208 - 2720 PUSH 0 (0X3D) 
208 - 2725 >  
208 - 2726 JUMP_IF_NOT 2737 
208 - 2731 ++ step (0X1) 
208 - 2736 POP  
209 - 2737 JUMP 2773 
211 - 2742 PUSH who (0) 
211 - 2747 CALL_OUTSIDE 0 11
211 - 2756 PUSH 0 (0X3D) 
211 - 2761 >  
211 - 2762 JUMP_IF_NOT 2773 
211 - 2767 ++ step (0X1) 
211 - 2772 POP  
213 - 2773 PUSH 1 (0) 
213 - 2778 = return_value (0X4) 
213 - 2783 POP  
214 - 2784 JUMP 5418 
216 - 2789 PUSH wood_camp_build (0X80000006) 
216 - 2794 PUSH 0 (0X3D) 
216 - 2799 ==  
216 - 2800 JUMP_IF_NOT 2900 
218 - 2805 PUSH needed_workers (0X80000004) 
218 - 2810 PUSH max_woodcutters (0X80000003) 
218 - 2815 PUSH who (0) 
218 - 2820 CALL_OUTSIDE 2 12
218 - 2829 = wood_camp_build (0X80000006) 
218 - 2834 POP  
219 - 2835 PUSH wood_camp_build (0X80000006) 
219 - 2840 PUSH 0 (0X3D) 
219 - 2845 >  
219 - 2846 JUMP_IF_NOT 2889 
220 - 2851 PUSH wood_camp_build (0X80000006) 
220 - 2856 = max_woodcutters (0X80000003) 
220 - 2861 POP  
221 - 2862 PUSH max_woodcutters (0X80000003) 
221 - 2867 PUSH Farm" (0X49) 
221 - 2872 PUSH who (0) 
221 - 2877 CALL_EXTERN (num_type_with_queued) 
221 - 2882 +  
221 - 2883 = needed_workers (0X80000004) 
221 - 2888 POP  
223 - 2889 ++ step (0X1) 
223 - 2894 POP  
223 - 2895 JUMP 2906 
225 - 2900 ++ step (0X1) 
225 - 2905 POP  
226 - 2906 PUSH 1 (0) 
226 - 2911 = return_value (0X4) 
226 - 2916 POP  
227 - 2917 JUMP 5418 
229 - 2922 PUSH Citizen" (0X4A) 
229 - 2927 PUSH needed_workers (0X80000004) 
229 - 2932 PUSH who (0) 
229 - 2937 CALL_OUTSIDE 4 13
229 - 2946 POP  
230 - 2947 ++ step (0X1) 
230 - 2952 POP  
231 - 2953 PUSH 1 (0) 
231 - 2958 = return_value (0X4) 
231 - 2963 POP  
232 - 2964 JUMP 5418 
234 - 2969 PUSH wood_camp_build (0X80000006) 
234 - 2974 PUSH 0 (0X3D) 
234 - 2979 ==  
234 - 2980 JUMP_IF_NOT 3080 
236 - 2985 PUSH needed_workers (0X80000004) 
236 - 2990 PUSH max_woodcutters (0X80000003) 
236 - 2995 PUSH who (0) 
236 - 3000 CALL_OUTSIDE 2 14
236 - 3009 = wood_camp_build (0X80000006) 
236 - 3014 POP  
237 - 3015 PUSH wood_camp_build (0X80000006) 
237 - 3020 PUSH 0 (0X3D) 
237 - 3025 >  
237 - 3026 JUMP_IF_NOT 3069 
238 - 3031 PUSH wood_camp_build (0X80000006) 
238 - 3036 = max_woodcutters (0X80000003) 
238 - 3041 POP  
239 - 3042 PUSH max_woodcutters (0X80000003) 
239 - 3047 PUSH Farm" (0X49) 
239 - 3052 PUSH who (0) 
239 - 3057 CALL_EXTERN (num_type_with_queued) 
239 - 3062 +  
239 - 3063 = needed_workers (0X80000004) 
239 - 3068 POP  
241 - 3069 ++ step (0X1) 
241 - 3074 POP  
241 - 3075 JUMP 3086 
243 - 3080 ++ step (0X1) 
243 - 3085 POP  
244 - 3086 PUSH 1 (0) 
244 - 3091 = return_value (0X4) 
244 - 3096 POP  
245 - 3097 JUMP 5418 
247 - 3102 PUSH Citizen" (0X4A) 
247 - 3107 PUSH needed_workers (0X80000004) 
247 - 3112 PUSH who (0) 
247 - 3117 CALL_OUTSIDE 4 15
247 - 3126 POP  
248 - 3127 ++ step (0X1) 
248 - 3132 POP  
249 - 3133 PUSH 1 (0) 
249 - 3138 = return_value (0X4) 
249 - 3143 POP  
250 - 3144 JUMP 5418 
252 - 3149 PUSH wood_camp_build (0X80000006) 
252 - 3154 PUSH 0 (0X3D) 
252 - 3159 ==  
252 - 3160 JUMP_IF_NOT 3260 
254 - 3165 PUSH needed_workers (0X80000004) 
254 - 3170 PUSH max_woodcutters (0X80000003) 
254 - 3175 PUSH who (0) 
254 - 3180 CALL_OUTSIDE 2 16
254 - 3189 = wood_camp_build (0X80000006) 
254 - 3194 POP  
255 - 3195 PUSH wood_camp_build (0X80000006) 
255 - 3200 PUSH 0 (0X3D) 
255 - 3205 >  
255 - 3206 JUMP_IF_NOT 3249 
256 - 3211 PUSH wood_camp_build (0X80000006) 
256 - 3216 = max_woodcutters (0X80000003) 
256 - 3221 POP  
257 - 3222 PUSH max_woodcutters (0X80000003) 
257 - 3227 PUSH Farm" (0X49) 
257 - 3232 PUSH who (0) 
257 - 3237 CALL_EXTERN (num_type_with_queued) 
257 - 3242 +  
257 - 3243 = needed_workers (0X80000004) 
257 - 3248 POP  
259 - 3249 ++ step (0X1) 
259 - 3254 POP  
259 - 3255 JUMP 3266 
261 - 3260 ++ step (0X1) 
261 - 3265 POP  
262 - 3266 PUSH 1 (0) 
262 - 3271 = return_value (0X4) 
262 - 3276 POP  
263 - 3277 JUMP 5418 
265 - 3282 PUSH Citizen" (0X4A) 
265 - 3287 PUSH needed_workers (0X80000004) 
265 - 3292 PUSH who (0) 
265 - 3297 CALL_OUTSIDE 4 17
265 - 3306 POP  
266 - 3307 ++ step (0X1) 
266 - 3312 POP  
267 - 3313 PUSH 1 (0) 
267 - 3318 = return_value (0X4) 
267 - 3323 POP  
268 - 3324 JUMP 5418 
270 - 3329 PUSH who (0) 
270 - 3334 CALL_EXTERN (num_cities) 
270 - 3339 PUSH 2 (0X1) 
270 - 3344 ==  
270 - 3345 JUMP_IF_NOT 3461 
271 - 3350 PUSH 2 (0X1) 
271 - 3355 PUSH who (0) 
271 - 3360 CALL_EXTERN (find_city_with_num) 
271 - 3365 = my_second_city (0XD) 
271 - 3370 POP  
272 - 3371 PUSH 1 (0) 
272 - 3376 PUSH farm_non_place (0X80000007) 
272 - 3381 +  
272 - 3382 PUSH my_second_city (0XD) 
272 - 3387 PUSH who (0) 
272 - 3392 CALL_OUTSIDE 3 18
272 - 3401 PUSH 0 (0X3D) 
272 - 3406 >  
272 - 3407 JUMP_IF_NOT 3456 
273 - 3412 PUSH max_woodcutters (0X80000003) 
273 - 3417 PUSH Farm" (0X49) 
273 - 3422 PUSH who (0) 
273 - 3427 CALL_EXTERN (num_type_with_queued) 
273 - 3432 +  
273 - 3433 = needed_workers (0X80000004) 
273 - 3438 POP  
274 - 3439 PUSH 0 (0X3D) 
274 - 3444 = farm_non_place (0X80000007) 
274 - 3449 POP  
275 - 3450 ++ step (0X1) 
275 - 3455 POP  
277 - 3456 JUMP 3515 
278 - 3461 PUSH who (0) 
278 - 3466 CALL_OUTSIDE 0 19
278 - 3475 PUSH 0 (0X3D) 
278 - 3480 >  
278 - 3481 JUMP_IF_NOT 3503 
279 - 3486 ++ farm_non_place (0X80000007) 
279 - 3491 POP  
280 - 3492 ++ step (0X1) 
280 - 3497 POP  
280 - 3498 JUMP 3515 
283 - 3503 ++ farm_non_place (0X80000007) 
283 - 3508 POP  
284 - 3509 ++ step (0X1) 
284 - 3514 POP  
286 - 3515 PUSH 1 (0) 
286 - 3520 = return_value (0X4) 
286 - 3525 POP  
287 - 3526 JUMP 5418 
289 - 3531 PUSH Citizen" (0X4A) 
289 - 3536 PUSH needed_workers (0X80000004) 
289 - 3541 PUSH who (0) 
289 - 3546 CALL_OUTSIDE 4 20
289 - 3555 POP  
290 - 3556 ++ step (0X1) 
290 - 3561 POP  
291 - 3562 PUSH 1 (0) 
291 - 3567 = return_value (0X4) 
291 - 3572 POP  
292 - 3573 JUMP 5418 
294 - 3578 PUSH wood_camp_build (0X80000006) 
294 - 3583 PUSH 0 (0X3D) 
294 - 3588 ==  
294 - 3589 JUMP_IF_NOT 3689 
296 - 3594 PUSH needed_workers (0X80000004) 
296 - 3599 PUSH max_woodcutters (0X80000003) 
296 - 3604 PUSH who (0) 
296 - 3609 CALL_OUTSIDE 2 21
296 - 3618 = wood_camp_build (0X80000006) 
296 - 3623 POP  
297 - 3624 PUSH wood_camp_build (0X80000006) 
297 - 3629 PUSH 0 (0X3D) 
297 - 3634 >  
297 - 3635 JUMP_IF_NOT 3678 
298 - 3640 PUSH wood_camp_build (0X80000006) 
298 - 3645 = max_woodcutters (0X80000003) 
298 - 3650 POP  
299 - 3651 PUSH max_woodcutters (0X80000003) 
299 - 3656 PUSH Farm" (0X49) 
299 - 3661 PUSH who (0) 
299 - 3666 CALL_EXTERN (num_type_with_queued) 
299 - 3671 +  
299 - 3672 = needed_workers (0X80000004) 
299 - 3677 POP  
301 - 3678 ++ step (0X1) 
301 - 3683 POP  
301 - 3684 JUMP 3695 
303 - 3689 ++ step (0X1) 
303 - 3694 POP  
304 - 3695 PUSH 1 (0) 
304 - 3700 = return_value (0X4) 
304 - 3705 POP  
305 - 3706 JUMP 5418 
307 - 3711 PUSH Citizen" (0X4A) 
307 - 3716 PUSH needed_workers (0X80000004) 
307 - 3721 PUSH who (0) 
307 - 3726 CALL_OUTSIDE 4 22
307 - 3735 POP  
308 - 3736 ++ step (0X1) 
308 - 3741 POP  
309 - 3742 PUSH 1 (0) 
309 - 3747 = return_value (0X4) 
309 - 3752 POP  
310 - 3753 JUMP 5418 
312 - 3758 PUSH who (0) 
312 - 3763 CALL_EXTERN (num_cities) 
312 - 3768 PUSH 2 (0X1) 
312 - 3773 ==  
312 - 3774 JUMP_IF_NOT 3890 
313 - 3779 PUSH 2 (0X1) 
313 - 3784 PUSH who (0) 
313 - 3789 CALL_EXTERN (find_city_with_num) 
313 - 3794 = my_second_city (0XD) 
313 - 3799 POP  
314 - 3800 PUSH 1 (0) 
314 - 3805 PUSH farm_non_place (0X80000007) 
314 - 3810 +  
314 - 3811 PUSH my_second_city (0XD) 
314 - 3816 PUSH who (0) 
314 - 3821 CALL_OUTSIDE 3 23
314 - 3830 PUSH 0 (0X3D) 
314 - 3835 >  
314 - 3836 JUMP_IF_NOT 3885 
315 - 3841 PUSH max_woodcutters (0X80000003) 
315 - 3846 PUSH Farm" (0X49) 
315 - 3851 PUSH who (0) 
315 - 3856 CALL_EXTERN (num_type_with_queued) 
315 - 3861 +  
315 - 3862 = needed_workers (0X80000004) 
315 - 3867 POP  
316 - 3868 PUSH 0 (0X3D) 
316 - 3873 = farm_non_place (0X80000007) 
316 - 3878 POP  
317 - 3879 ++ step (0X1) 
317 - 3884 POP  
319 - 3885 JUMP 3944 
320 - 3890 PUSH who (0) 
320 - 3895 CALL_OUTSIDE 0 24
320 - 3904 PUSH 0 (0X3D) 
320 - 3909 >  
320 - 3910 JUMP_IF_NOT 3932 
321 - 3915 ++ farm_non_place (0X80000007) 
321 - 3920 POP  
322 - 3921 ++ step (0X1) 
322 - 3926 POP  
322 - 3927 JUMP 3944 
325 - 3932 ++ farm_non_place (0X80000007) 
325 - 3937 POP  
326 - 3938 ++ step (0X1) 
326 - 3943 POP  
328 - 3944 PUSH 1 (0) 
328 - 3949 = return_value (0X4) 
328 - 3954 POP  
329 - 3955 JUMP 5418 
331 - 3960 PUSH Citizen" (0X4A) 
331 - 3965 PUSH needed_workers (0X80000004) 
331 - 3970 PUSH who (0) 
331 - 3975 CALL_OUTSIDE 4 25
331 - 3984 POP  
332 - 3985 ++ step (0X1) 
332 - 3990 POP  
333 - 3991 PUSH 1 (0) 
333 - 3996 = return_value (0X4) 
333 - 4001 POP  
334 - 4002 JUMP 5418 
336 - 4007 PUSH Coinage" (0X25) 
336 - 4012 PUSH who (0) 
336 - 4017 CALL_EXTERN (research_tech_with_cost) 
336 - 4022 POP  
337 - 4023 PUSH Coinage" (0X25) 
337 - 4028 PUSH who (0) 
337 - 4033 CALL_EXTERN (researching_tech) 
337 - 4038 JUMP_IF_NOT 4049 
337 - 4043 ++ step (0X1) 
337 - 4048 POP  
338 - 4049 PUSH 1 (0) 
338 - 4054 = return_value (0X4) 
338 - 4059 POP  
339 - 4060 JUMP 5418 
341 - 4065 PUSH Citizen" (0X4A) 
341 - 4070 PUSH needed_workers (0X80000004) 
341 - 4075 PUSH who (0) 
341 - 4080 CALL_OUTSIDE 4 26
341 - 4089 POP  
342 - 4090 ++ step (0X1) 
342 - 4095 POP  
343 - 4096 PUSH 1 (0) 
343 - 4101 = return_value (0X4) 
343 - 4106 POP  
344 - 4107 JUMP 5418 
346 - 4112 ++ step (0X1) 
346 - 4117 POP  
347 - 4118 PUSH 1 (0) 
347 - 4123 = return_value (0X4) 
347 - 4128 POP  
348 - 4129 JUMP 5418 
350 - 4134 PUSH who (0) 
350 - 4139 CALL_EXTERN (age) 
350 - 4144 PUSH 0 (0X3D) 
350 - 4149 >  
350 - 4150 JUMP_IF_NOT 4223 
351 - 4155 PUSH University" (0X6) 
351 - 4160 PUSH who (0) 
351 - 4165 CALL_EXTERN (num_type) 
351 - 4170 PUSH 1 (0) 
351 - 4175 >=  
351 - 4176 JUMP_IF_NOT 4218 
352 - 4181 PUSH Scholar" (0XE) 
352 - 4186 PUSH 2 (0X1) 
352 - 4191 PUSH who (0) 
352 - 4196 CALL_EXTERN (train_unit_with_cost) 
352 - 4201 PUSH 0 (0X3D) 
352 - 4206 >  
352 - 4207 JUMP_IF_NOT 4218 
352 - 4212 ++ step (0X1) 
352 - 4217 POP  
354 - 4218 JUMP 4229 
355 - 4223 ++ step (0X1) 
355 - 4228 POP  
356 - 4229 PUSH 1 (0) 
356 - 4234 = return_value (0X4) 
356 - 4239 POP  
357 - 4240 JUMP 5418 
359 - 4245 PUSH who (0) 
359 - 4250 CALL_OUTSIDE 1 27
359 - 4259 PUSH 0 (0X3D) 
359 - 4264 >  
359 - 4265 JUMP_IF_NOT 4276 
359 - 4270 ++ step (0X1) 
359 - 4275 POP  
360 - 4276 PUSH 1 (0) 
360 - 4281 = return_value (0X4) 
360 - 4286 POP  
361 - 4287 JUMP 5418 
363 - 4292 PUSH Citizen" (0X4A) 
363 - 4297 PUSH needed_workers (0X80000004) 
363 - 4302 PUSH who (0) 
363 - 4307 CALL_OUTSIDE 4 28
363 - 4316 POP  
364 - 4317 ++ step (0X1) 
364 - 4322 POP  
365 - 4323 PUSH 1 (0) 
365 - 4328 = return_value (0X4) 
365 - 4333 POP  
366 - 4334 JUMP 5418 
368 - 4339 PUSH who (0) 
368 - 4344 CALL_EXTERN (num_cities) 
368 - 4349 PUSH 2 (0X1) 
368 - 4354 ==  
368 - 4355 JUMP_IF_NOT 4471 
369 - 4360 PUSH 2 (0X1) 
369 - 4365 PUSH who (0) 
369 - 4370 CALL_EXTERN (find_city_with_num) 
369 - 4375 = my_second_city (0XD) 
369 - 4380 POP  
370 - 4381 PUSH 1 (0) 
370 - 4386 PUSH farm_non_place (0X80000007) 
370 - 4391 +  
370 - 4392 PUSH my_second_city (0XD) 
370 - 4397 PUSH who (0) 
370 - 4402 CALL_OUTSIDE 3 29
370 - 4411 PUSH 0 (0X3D) 
370 - 4416 >  
370 - 4417 JUMP_IF_NOT 4466 
371 - 4422 PUSH max_woodcutters (0X80000003) 
371 - 4427 PUSH Farm" (0X49) 
371 - 4432 PUSH who (0) 
371 - 4437 CALL_EXTERN (num_type_with_queued) 
371 - 4442 +  
371 - 4443 = needed_workers (0X80000004) 
371 - 4448 POP  
372 - 4449 PUSH 0 (0X3D) 
372 - 4454 = farm_non_place (0X80000007) 
372 - 4459 POP  
373 - 4460 ++ step (0X1) 
373 - 4465 POP  
375 - 4466 JUMP 4525 
376 - 4471 PUSH who (0) 
376 - 4476 CALL_OUTSIDE 0 30
376 - 4485 PUSH 0 (0X3D) 
376 - 4490 >  
376 - 4491 JUMP_IF_NOT 4513 
377 - 4496 ++ farm_non_place (0X80000007) 
377 - 4501 POP  
378 - 4502 ++ step (0X1) 
378 - 4507 POP  
378 - 4508 JUMP 4525 
381 - 4513 ++ farm_non_place (0X80000007) 
381 - 4518 POP  
382 - 4519 ++ step (0X1) 
382 - 4524 POP  
384 - 4525 PUSH 1 (0) 
384 - 4530 = return_value (0X4) 
384 - 4535 POP  
385 - 4536 JUMP 5418 
387 - 4541 PUSH Citizen" (0X4A) 
387 - 4546 PUSH needed_workers (0X80000004) 
387 - 4551 PUSH who (0) 
387 - 4556 CALL_OUTSIDE 4 31
387 - 4565 POP  
388 - 4566 ++ step (0X1) 
388 - 4571 POP  
389 - 4572 PUSH 1 (0) 
389 - 4577 = return_value (0X4) 
389 - 4582 POP  
390 - 4583 JUMP 5418 
392 - 4588 PUSH who (0) 
392 - 4593 CALL_EXTERN (num_cities) 
392 - 4598 PUSH 2 (0X1) 
392 - 4603 ==  
392 - 4604 JUMP_IF_NOT 4720 
393 - 4609 PUSH 2 (0X1) 
393 - 4614 PUSH who (0) 
393 - 4619 CALL_EXTERN (find_city_with_num) 
393 - 4624 = my_second_city (0XD) 
393 - 4629 POP  
394 - 4630 PUSH 1 (0) 
394 - 4635 PUSH farm_non_place (0X80000007) 
394 - 4640 +  
394 - 4641 PUSH my_second_city (0XD) 
394 - 4646 PUSH who (0) 
394 - 4651 CALL_OUTSIDE 3 32
394 - 4660 PUSH 0 (0X3D) 
394 - 4665 >  
394 - 4666 JUMP_IF_NOT 4715 
395 - 4671 PUSH max_woodcutters (0X80000003) 
395 - 4676 PUSH Farm" (0X49) 
395 - 4681 PUSH who (0) 
395 - 4686 CALL_EXTERN (num_type_with_queued) 
395 - 4691 +  
395 - 4692 = needed_workers (0X80000004) 
395 - 4697 POP  
396 - 4698 PUSH 0 (0X3D) 
396 - 4703 = farm_non_place (0X80000007) 
396 - 4708 POP  
397 - 4709 ++ step (0X1) 
397 - 4714 POP  
399 - 4715 JUMP 4774 
400 - 4720 PUSH who (0) 
400 - 4725 CALL_OUTSIDE 0 33
400 - 4734 PUSH 0 (0X3D) 
400 - 4739 >  
400 - 4740 JUMP_IF_NOT 4762 
401 - 4745 ++ farm_non_place (0X80000007) 
401 - 4750 POP  
402 - 4751 ++ step (0X1) 
402 - 4756 POP  
402 - 4757 JUMP 4774 
405 - 4762 ++ farm_non_place (0X80000007) 
405 - 4767 POP  
406 - 4768 ++ step (0X1) 
406 - 4773 POP  
408 - 4774 PUSH 1 (0) 
408 - 4779 = return_value (0X4) 
408 - 4784 POP  
409 - 4785 JUMP 5418 
411 - 4790 PUSH The Art of War" (0X2F) 
411 - 4795 PUSH who (0) 
411 - 4800 CALL_EXTERN (research_tech_with_cost) 
411 - 4805 JUMP_IF_NOT 4816 
411 - 4810 ++ step (0X1) 
411 - 4815 POP  
412 - 4816 PUSH 1 (0) 
412 - 4821 = return_value (0X4) 
412 - 4826 POP  
413 - 4827 JUMP 5418 
415 - 4832 PUSH who (0) 
415 - 4837 CALL_OUTSIDE 5 34
415 - 4846 PUSH -1 (0X43) 
415 - 4851 !=  
415 - 4852 JUMP_IF_NOT 4863 
415 - 4857 ++ step (0X1) 
415 - 4862 POP  
416 - 4863 PUSH 1 (0) 
416 - 4868 = return_value (0X4) 
416 - 4873 POP  
417 - 4874 JUMP 5418 
419 - 4879 PUSH who (0) 
419 - 4884 CALL_EXTERN (num_rare_resources_seen) 
419 - 4889 PUSH Merchant" (0X32) 
419 - 4894 PUSH who (0) 
419 - 4899 CALL_EXTERN (num_type_with_queued) 
419 - 4904 >  
419 - 4905 JUMP_IF_NOT 4952 
420 - 4910 PUSH Merchant" (0X32) 
420 - 4915 PUSH 1 (0) 
420 - 4920 PUSH who (0) 
420 - 4925 CALL_EXTERN (train_unit_with_cost) 
420 - 4930 PUSH 0 (0X3D) 
420 - 4935 >  
420 - 4936 JUMP_IF_NOT 4947 
420 - 4941 ++ step (0X1) 
420 - 4946 POP  
421 - 4947 JUMP 4958 
422 - 4952 ++ step (0X1) 
422 - 4957 POP  
423 - 4958 PUSH 1 (0) 
423 - 4963 = return_value (0X4) 
423 - 4968 POP  
424 - 4969 JUMP 5418 
426 - 4974 PUSH Citizen" (0X4A) 
426 - 4979 PUSH needed_workers (0X80000004) 
426 - 4984 PUSH who (0) 
426 - 4989 CALL_OUTSIDE 4 35
426 - 4998 POP  
427 - 4999 ++ step (0X1) 
427 - 5004 POP  
428 - 5005 PUSH 1 (0) 
428 - 5010 = return_value (0X4) 
428 - 5015 POP  
429 - 5016 JUMP 5418 
431 - 5021 PUSH who (0) 
431 - 5026 CALL_OUTSIDE 5 36
431 - 5035 PUSH 0 (0X3D) 
431 - 5040 >  
431 - 5041 JUMP_IF_NOT 5052 
431 - 5046 ++ step (0X1) 
431 - 5051 POP  
432 - 5052 PUSH 1 (0) 
432 - 5057 = return_value (0X4) 
432 - 5062 POP  
433 - 5063 JUMP 5418 
435 - 5068 PUSH Written Word" (0X36) 
435 - 5073 PUSH who (0) 
435 - 5078 CALL_EXTERN (research_tech_with_cost) 
435 - 5083 PUSH 0 (0X3D) 
435 - 5088 >  
435 - 5089 JUMP_IF_NOT 5100 
435 - 5094 ++ step (0X1) 
435 - 5099 POP  
436 - 5100 PUSH 1 (0) 
436 - 5105 = return_value (0X4) 
436 - 5110 POP  
437 - 5111 JUMP 5418 
439 - 5116 PUSH who (0) 
439 - 5121 CALL_EXTERN (num_rare_resources_seen) 
439 - 5126 PUSH Merchant" (0X32) 
439 - 5131 PUSH who (0) 
439 - 5136 CALL_EXTERN (num_type_with_queued) 
439 - 5141 >  
439 - 5142 JUMP_IF_NOT 5189 
440 - 5147 PUSH Merchant" (0X32) 
440 - 5152 PUSH 1 (0) 
440 - 5157 PUSH who (0) 
440 - 5162 CALL_EXTERN (train_unit_with_cost) 
440 - 5167 PUSH 0 (0X3D) 
440 - 5172 >  
440 - 5173 JUMP_IF_NOT 5184 
440 - 5178 ++ step (0X1) 
440 - 5183 POP  
441 - 5184 JUMP 5195 
442 - 5189 ++ step (0X1) 
442 - 5194 POP  
443 - 5195 PUSH 1 (0) 
443 - 5200 = return_value (0X4) 
443 - 5205 POP  
444 - 5206 JUMP 5418 
446 - 5211 PUSH Citizen" (0X4A) 
446 - 5216 PUSH needed_workers (0X80000004) 
446 - 5221 PUSH who (0) 
446 - 5226 CALL_OUTSIDE 4 37
446 - 5235 POP  
447 - 5236 ++ step (0X1) 
447 - 5241 POP  
448 - 5242 PUSH 1 (0) 
448 - 5247 = return_value (0X4) 
448 - 5252 POP  
449 - 5253 JUMP 5418 
464 - 5258 ++ step (0X1) 
464 - 5263 POP  
467 - 5264 PUSH 1 (0) 
467 - 5269 = return_value (0X4) 
467 - 5274 POP  
468 - 5275 JUMP 5418 
470 - 5280 PUSH who (0) 
470 - 5285 CALL_OUTSIDE 5 38
470 - 5294 PUSH 0 (0X3D) 
470 - 5299 >  
470 - 5300 JUMP_IF_NOT 5311 
470 - 5305 ++ step (0X1) 
470 - 5310 POP  
471 - 5311 PUSH 1 (0) 
471 - 5316 = return_value (0X4) 
471 - 5321 POP  
472 - 5322 JUMP 5418 
474 - 5327 PUSH needed_techs (0X80000000) 
474 - 5332 PUSH 5 (0X47) 
474 - 5337 <=  
474 - 5338 JUMP_IF_NOT 5380 
475 - 5343 PUSH Classical Age" (0X3C) 
475 - 5348 PUSH who (0) 
475 - 5353 CALL_EXTERN (research_tech_with_cost) 
475 - 5358 PUSH 0 (0X3D) 
475 - 5363 >  
475 - 5364 JUMP_IF_NOT 5375 
475 - 5369 ++ step (0X1) 
475 - 5374 POP  
476 - 5375 JUMP 5386 
478 - 5380 ++ step (0X1) 
478 - 5385 POP  
480 - 5386 PUSH 1 (0) 
480 - 5391 = return_value (0X4) 
480 - 5396 POP  
481 - 5397 JUMP 5418 
483 - 5402 PUSH 3 (0X2) 
483 - 5407 = return_value (0X4) 
483 - 5412 POP  
484 - 5413 JUMP 5418 
486 - 5418 JUMP 537 
488 - 5423 PUSH return_value (0X4) 
488 - 5428 RETURN  
