
ai economic_egyptians =======================================

10 - 0 SCRIPT_MARKER  
10 - 1 PARAM_DECL who (0) int
10 - 7 PARAM_DECL step (0X1) int
10 - 13 PARAM_DECL boom_vs_rush (0X2) int
10 - 19 PARAM_DECL num_loops (0X3) int
13 - 25 PUSH step (0X1) 
13 - 30 PUSH 1 (0) 
13 - 35 ==  
13 - 36 JUMP_IF_NOT 133 
14 - 41 CALL_EXTERN (get_starting_town_size) 
14 - 46 INIT_DECL size (0X4) anytype
15 - 52 PUSH size (0X4) 
15 - 57 PUSH 0 (0X3) 
15 - 62 ==  
15 - 63 JUMP_IF_NOT 79 
15 - 68 PUSH 1 (0) 
15 - 73 = step (0X1) 
15 - 78 POP  
16 - 79 PUSH size (0X4) 
16 - 84 PUSH 1 (0) 
16 - 89 ==  
16 - 90 JUMP_IF_NOT 106 
16 - 95 PUSH 2 (0X1) 
16 - 100 = step (0X1) 
16 - 105 POP  
17 - 106 PUSH size (0X4) 
17 - 111 PUSH 2 (0X1) 
17 - 116 >=  
17 - 117 JUMP_IF_NOT 133 
17 - 122 PUSH 6 (0X4) 
17 - 127 = step (0X1) 
17 - 132 POP  
20 - 133 PUSH 1 (0) 
20 - 138 INIT_DECL return_value (0X5) int
21 - 144 PUSH step (0X1) 
21 - 149 PUSH 1 (0) 
21 - 154 -  
21 - 155 INIT_DECL old_step (0X6) int
23 - 161 PUSH 0 (0X3) 
23 - 166 INIT_DECL i (0X7) anytype
23 - 172 JUMP 183 
23 - 177 ++ i (0X7) 
23 - 182 POP  
23 - 183 PUSH i (0X7) 
23 - 188 PUSH num_loops (0X3) 
23 - 193 <  
23 - 194 JUMP_IF_NOT 4148 
25 - 199 PUSH 1 (0) 
25 - 204 PUSH who (0) 
25 - 209 CALL_EXTERN (find_city_with_num) 
25 - 214 INIT_DECL my_capital (0X8) anytype
27 - 220 PUSH old_step (0X6) 
27 - 225 PUSH step (0X1) 
27 - 230 >=  
27 - 231 JUMP_IF_NOT 242 
27 - 236 PUSH return_value (0X5) 
27 - 241 RETURN  
29 - 242 PUSH step (0X1) 
29 - 247 = old_step (0X6) 
29 - 252 POP  
31 - 253 PUSH step (0X1) 
31 - 258 CASE 1 (0) 606
31 - 267 CASE 2 (0X1) 649
31 - 276 CASE 3 (0X2) 702
31 - 285 CASE 4 (0X7) 835
31 - 294 CASE 5 (0XA) 968
31 - 303 CASE 6 (0X4) 1015
31 - 312 CASE 7 (0X9) 1068
31 - 321 CASE 8 (0XC) 1121
31 - 330 CASE 9 (0XE) 1179
31 - 339 CASE 10 (0XF) 1312
31 - 348 CASE 11 (0X11) 1418
31 - 357 CASE 12 (0X12) 1471
31 - 366 CASE 13 (0X13) 1493
31 - 375 CASE 14 (0X15) 1551
31 - 384 CASE 15 (0X16) 1725
31 - 393 CASE 16 (0X17) 1799
31 - 402 CASE 17 (0X18) 1852
31 - 411 CASE 18 (0X19) 1985
31 - 420 CASE 19 (0X1A) 2059
31 - 429 CASE 20 (0X1B) 2192
31 - 438 CASE 21 (0X1D) 2250
31 - 447 CASE 22 (0X1F) 2313
31 - 456 CASE 23 (0X21) 2371
31 - 465 CASE 24 (0X22) 2504
31 - 474 CASE 25 (0X23) 2578
31 - 483 CASE 26 (0X24) 2711
31 - 492 CASE 27 (0X26) 2780
31 - 501 CASE 28 (0X27) 2933
31 - 510 CASE 29 (0X28) 2986
31 - 519 CASE 30 (0X29) 3060
31 - 528 CASE 31 (0X2A) 3113
31 - 537 CASE 32 (0X2B) 3187
31 - 546 CASE 33 (0X2D) 3713
31 - 555 CASE 34 (0X2F) 3787
31 - 564 CASE 35 (0X30) 3920
31 - 573 CASE 36 (0X32) 3973
31 - 582 CASE 37 (0X33) 4026
31 - 591 CASE 38 (0X34) 4079
31 - 600 POP  
31 - 601 JUMP 4127 
33 - 606 PUSH who (0) 
33 - 611 CALL_EXTERN (place_city_with_cost) 
33 - 616 PUSH 0 (0X3) 
33 - 621 >  
33 - 622 JUMP_IF_NOT 633 
33 - 627 ++ step (0X1) 
33 - 632 POP  
34 - 633 PUSH 1 (0) 
34 - 638 = return_value (0X5) 
34 - 643 POP  
35 - 644 JUMP 4143 
37 - 649 PUSH my_capital (0X8) 
37 - 654 PUSH Woodcutter's Camp" (0X5) 
37 - 659 PUSH who (0) 
37 - 664 CALL_EXTERN (place_building_with_cost) 
37 - 669 PUSH 0 (0X3) 
37 - 674 >  
37 - 675 JUMP_IF_NOT 686 
37 - 680 ++ step (0X1) 
37 - 685 POP  
38 - 686 PUSH 1 (0) 
38 - 691 = return_value (0X5) 
38 - 696 POP  
39 - 697 JUMP 4143 
41 - 702 PUSH Farm" (0X6) 
41 - 707 PUSH who (0) 
41 - 712 CALL_EXTERN (num_type_with_queued) 
41 - 717 INIT_DECL farms (0X9) anytype
42 - 723 PUSH farms (0X9) 
42 - 728 INIT_DECL f (0XA) anytype
42 - 734 JUMP 745 
42 - 739 ++ f (0XA) 
42 - 744 POP  
42 - 745 PUSH f (0XA) 
42 - 750 PUSH 3 (0X2) 
42 - 755 <  
42 - 756 JUMP_IF_NOT 787 
43 - 761 PUSH my_capital (0X8) 
43 - 766 PUSH Farm" (0X6) 
43 - 771 PUSH who (0) 
43 - 776 CALL_EXTERN (place_building_with_cost) 
43 - 781 POP  
44 - 782 JUMP 739 
45 - 787 PUSH Farm" (0X6) 
45 - 792 PUSH who (0) 
45 - 797 CALL_EXTERN (num_type_with_queued) 
45 - 802 PUSH 3 (0X2) 
45 - 807 >=  
45 - 808 JUMP_IF_NOT 819 
45 - 813 ++ step (0X1) 
45 - 818 POP  
46 - 819 PUSH 1 (0) 
46 - 824 = return_value (0X5) 
46 - 829 POP  
47 - 830 JUMP 4143 
49 - 835 PUSH Citizen" (0X8) 
49 - 840 PUSH who (0) 
49 - 845 CALL_EXTERN (num_type_with_queued) 
49 - 850 INIT_DECL peas (0XB) anytype
50 - 856 PUSH peas (0XB) 
50 - 861 INIT_DECL p (0XC) anytype
50 - 867 JUMP 878 
50 - 872 ++ p (0XC) 
50 - 877 POP  
50 - 878 PUSH p (0XC) 
50 - 883 PUSH 7 (0X9) 
50 - 888 <  
50 - 889 JUMP_IF_NOT 920 
51 - 894 PUSH Citizen" (0X8) 
51 - 899 PUSH 1 (0) 
51 - 904 PUSH who (0) 
51 - 909 CALL_EXTERN (train_unit_with_cost) 
51 - 914 POP  
52 - 915 JUMP 872 
53 - 920 PUSH Citizen" (0X8) 
53 - 925 PUSH who (0) 
53 - 930 CALL_EXTERN (num_type_with_queued) 
53 - 935 PUSH 7 (0X9) 
53 - 940 >=  
53 - 941 JUMP_IF_NOT 952 
53 - 946 ++ step (0X1) 
53 - 951 POP  
54 - 952 PUSH 1 (0) 
54 - 957 = return_value (0X5) 
54 - 962 POP  
55 - 963 JUMP 4143 
57 - 968 PUSH my_capital (0X8) 
57 - 973 PUSH Library" (0XB) 
57 - 978 PUSH who (0) 
57 - 983 CALL_EXTERN (place_building_with_cost) 
57 - 988 JUMP_IF_NOT 999 
57 - 993 ++ step (0X1) 
57 - 998 POP  
58 - 999 PUSH 1 (0) 
58 - 1004 = return_value (0X5) 
58 - 1009 POP  
59 - 1010 JUMP 4143 
61 - 1015 PUSH my_capital (0X8) 
61 - 1020 PUSH Farm" (0X6) 
61 - 1025 PUSH who (0) 
61 - 1030 CALL_EXTERN (place_building_with_cost) 
61 - 1035 PUSH 0 (0X3) 
61 - 1040 >  
61 - 1041 JUMP_IF_NOT 1052 
61 - 1046 ++ step (0X1) 
61 - 1051 POP  
62 - 1052 PUSH 1 (0) 
62 - 1057 = return_value (0X5) 
62 - 1062 POP  
63 - 1063 JUMP 4143 
65 - 1068 PUSH my_capital (0X8) 
65 - 1073 PUSH Farm" (0X6) 
65 - 1078 PUSH who (0) 
65 - 1083 CALL_EXTERN (place_building_with_cost) 
65 - 1088 PUSH 0 (0X3) 
65 - 1093 >  
65 - 1094 JUMP_IF_NOT 1105 
65 - 1099 ++ step (0X1) 
65 - 1104 POP  
66 - 1105 PUSH 1 (0) 
66 - 1110 = return_value (0X5) 
66 - 1115 POP  
67 - 1116 JUMP 4143 
69 - 1121 PUSH City State" (0XD) 
69 - 1126 PUSH who (0) 
69 - 1131 CALL_EXTERN (research_tech_with_cost) 
69 - 1136 POP  
70 - 1137 PUSH City State" (0XD) 
70 - 1142 PUSH who (0) 
70 - 1147 CALL_EXTERN (researching_tech) 
70 - 1152 JUMP_IF_NOT 1163 
70 - 1157 ++ step (0X1) 
70 - 1162 POP  
71 - 1163 PUSH 1 (0) 
71 - 1168 = return_value (0X5) 
71 - 1173 POP  
72 - 1174 JUMP 4143 
74 - 1179 PUSH Citizen" (0X8) 
74 - 1184 PUSH who (0) 
74 - 1189 CALL_EXTERN (num_type_with_queued) 
74 - 1194 = peas (0XB) 
74 - 1199 POP  
75 - 1200 PUSH peas (0XB) 
75 - 1205 = p (0XC) 
75 - 1210 POP  
75 - 1211 JUMP 1222 
75 - 1216 ++ p (0XC) 
75 - 1221 POP  
75 - 1222 PUSH p (0XC) 
75 - 1227 PUSH 8 (0XC) 
75 - 1232 <  
75 - 1233 JUMP_IF_NOT 1264 
76 - 1238 PUSH Citizen" (0X8) 
76 - 1243 PUSH 1 (0) 
76 - 1248 PUSH who (0) 
76 - 1253 CALL_EXTERN (train_unit_with_cost) 
76 - 1258 POP  
77 - 1259 JUMP 1216 
78 - 1264 PUSH Citizen" (0X8) 
78 - 1269 PUSH who (0) 
78 - 1274 CALL_EXTERN (num_type_with_queued) 
78 - 1279 PUSH 8 (0XC) 
78 - 1284 >=  
78 - 1285 JUMP_IF_NOT 1296 
78 - 1290 ++ step (0X1) 
78 - 1295 POP  
79 - 1296 PUSH 1 (0) 
79 - 1301 = return_value (0X5) 
79 - 1306 POP  
80 - 1307 JUMP 4143 
82 - 1312 PUSH City State" (0XD) 
82 - 1317 PUSH who (0) 
82 - 1322 CALL_EXTERN (have_tech) 
82 - 1327 PUSH 0 (0X3) 
82 - 1332 >  
82 - 1333 JUMP_IF_NOT 1402 
83 - 1338 PUSH who (0) 
83 - 1343 CALL_EXTERN (place_city_with_cost) 
83 - 1348 PUSH 0 (0X3) 
83 - 1353 >  
83 - 1354 JUMP_IF_NOT 1370 
83 - 1359 ++ step (0X1) 
83 - 1364 POP  
83 - 1365 JUMP 1402 
84 - 1370 PUSH City" (0X10) 
84 - 1375 PUSH who (0) 
84 - 1380 CALL_EXTERN (can_pay_cost) 
84 - 1385 PUSH 0 (0X3) 
84 - 1390 >  
84 - 1391 JUMP_IF_NOT 1402 
84 - 1396 ++ step (0X1) 
84 - 1401 POP  
86 - 1402 PUSH 1 (0) 
86 - 1407 = return_value (0X5) 
86 - 1412 POP  
87 - 1413 JUMP 4143 
89 - 1418 PUSH Citizen" (0X8) 
89 - 1423 PUSH 1 (0) 
89 - 1428 PUSH who (0) 
89 - 1433 CALL_EXTERN (train_unit_with_cost) 
89 - 1438 PUSH 0 (0X3) 
89 - 1443 >  
89 - 1444 JUMP_IF_NOT 1455 
89 - 1449 ++ step (0X1) 
89 - 1454 POP  
90 - 1455 PUSH 1 (0) 
90 - 1460 = return_value (0X5) 
90 - 1465 POP  
91 - 1466 JUMP 4143 
93 - 1471 ++ step (0X1) 
93 - 1476 POP  
94 - 1477 PUSH 1 (0) 
94 - 1482 = return_value (0X5) 
94 - 1487 POP  
95 - 1488 JUMP 4143 
97 - 1493 PUSH Barter" (0X14) 
97 - 1498 PUSH who (0) 
97 - 1503 CALL_EXTERN (research_tech_with_cost) 
97 - 1508 POP  
98 - 1509 PUSH Barter" (0X14) 
98 - 1514 PUSH who (0) 
98 - 1519 CALL_EXTERN (researching_tech) 
98 - 1524 JUMP_IF_NOT 1535 
98 - 1529 ++ step (0X1) 
98 - 1534 POP  
99 - 1535 PUSH 1 (0) 
99 - 1540 = return_value (0X5) 
99 - 1545 POP  
100 - 1546 JUMP 4143 
102 - 1551 PUSH who (0) 
102 - 1556 CALL_EXTERN (num_cities) 
102 - 1561 PUSH 2 (0X1) 
102 - 1566 ==  
102 - 1567 JUMP_IF_NOT 1709 
103 - 1572 PUSH 2 (0X1) 
103 - 1577 PUSH who (0) 
103 - 1582 CALL_EXTERN (find_city_with_num) 
103 - 1587 INIT_DECL my_second_city (0XD) anytype
104 - 1593 PUSH my_second_city (0XD) 
104 - 1598 PUSH Woodcutter's Camp" (0X5) 
104 - 1603 PUSH who (0) 
104 - 1608 CALL_EXTERN (place_building_with_cost) 
104 - 1613 PUSH 0 (0X3) 
104 - 1618 >  
104 - 1619 JUMP_IF_NOT 1635 
104 - 1624 ++ step (0X1) 
104 - 1629 POP  
104 - 1630 JUMP 1709 
105 - 1635 PUSH my_capital (0X8) 
105 - 1640 PUSH Woodcutter's Camp" (0X5) 
105 - 1645 PUSH who (0) 
105 - 1650 CALL_EXTERN (place_building_with_cost) 
105 - 1655 PUSH 0 (0X3) 
105 - 1660 >  
105 - 1661 JUMP_IF_NOT 1677 
105 - 1666 ++ step (0X1) 
105 - 1671 POP  
105 - 1672 JUMP 1709 
106 - 1677 PUSH Woodcutter's Camp" (0X5) 
106 - 1682 PUSH who (0) 
106 - 1687 CALL_EXTERN (can_pay_cost) 
106 - 1692 PUSH 0 (0X3) 
106 - 1697 >  
106 - 1698 JUMP_IF_NOT 1709 
106 - 1703 ++ step (0X1) 
106 - 1708 POP  
108 - 1709 PUSH 1 (0) 
108 - 1714 = return_value (0X5) 
108 - 1719 POP  
109 - 1720 JUMP 4143 
111 - 1725 PUSH 2 (0X1) 
111 - 1730 PUSH who (0) 
111 - 1735 CALL_EXTERN (find_city_with_num) 
111 - 1740 = my_second_city (0XD) 
111 - 1745 POP  
112 - 1746 PUSH my_second_city (0XD) 
112 - 1751 PUSH Farm" (0X6) 
112 - 1756 PUSH who (0) 
112 - 1761 CALL_EXTERN (place_building_with_cost) 
112 - 1766 PUSH 0 (0X3) 
112 - 1771 >  
112 - 1772 JUMP_IF_NOT 1783 
112 - 1777 ++ step (0X1) 
112 - 1782 POP  
113 - 1783 PUSH 1 (0) 
113 - 1788 = return_value (0X5) 
113 - 1793 POP  
114 - 1794 JUMP 4143 
116 - 1799 PUSH Citizen" (0X8) 
116 - 1804 PUSH 1 (0) 
116 - 1809 PUSH who (0) 
116 - 1814 CALL_EXTERN (train_unit_with_cost) 
116 - 1819 PUSH 0 (0X3) 
116 - 1824 >  
116 - 1825 JUMP_IF_NOT 1836 
116 - 1830 ++ step (0X1) 
116 - 1835 POP  
117 - 1836 PUSH 1 (0) 
117 - 1841 = return_value (0X5) 
117 - 1846 POP  
118 - 1847 JUMP 4143 
120 - 1852 PUSH Citizen" (0X8) 
120 - 1857 PUSH who (0) 
120 - 1862 CALL_EXTERN (num_type_with_queued) 
120 - 1867 = peas (0XB) 
120 - 1872 POP  
121 - 1873 PUSH peas (0XB) 
121 - 1878 = p (0XC) 
121 - 1883 POP  
121 - 1884 JUMP 1895 
121 - 1889 ++ p (0XC) 
121 - 1894 POP  
121 - 1895 PUSH p (0XC) 
121 - 1900 PUSH 14 (0X15) 
121 - 1905 <  
121 - 1906 JUMP_IF_NOT 1937 
122 - 1911 PUSH Citizen" (0X8) 
122 - 1916 PUSH 1 (0) 
122 - 1921 PUSH who (0) 
122 - 1926 CALL_EXTERN (train_unit_with_cost) 
122 - 1931 POP  
123 - 1932 JUMP 1889 
124 - 1937 PUSH Citizen" (0X8) 
124 - 1942 PUSH who (0) 
124 - 1947 CALL_EXTERN (num_type_with_queued) 
124 - 1952 PUSH 14 (0X15) 
124 - 1957 >=  
124 - 1958 JUMP_IF_NOT 1969 
124 - 1963 ++ step (0X1) 
124 - 1968 POP  
125 - 1969 PUSH 1 (0) 
125 - 1974 = return_value (0X5) 
125 - 1979 POP  
126 - 1980 JUMP 4143 
128 - 1985 PUSH 2 (0X1) 
128 - 1990 PUSH who (0) 
128 - 1995 CALL_EXTERN (find_city_with_num) 
128 - 2000 = my_second_city (0XD) 
128 - 2005 POP  
129 - 2006 PUSH my_second_city (0XD) 
129 - 2011 PUSH Farm" (0X6) 
129 - 2016 PUSH who (0) 
129 - 2021 CALL_EXTERN (place_building_with_cost) 
129 - 2026 PUSH 0 (0X3) 
129 - 2031 >  
129 - 2032 JUMP_IF_NOT 2043 
129 - 2037 ++ step (0X1) 
129 - 2042 POP  
130 - 2043 PUSH 1 (0) 
130 - 2048 = return_value (0X5) 
130 - 2053 POP  
131 - 2054 JUMP 4143 
133 - 2059 PUSH Citizen" (0X8) 
133 - 2064 PUSH who (0) 
133 - 2069 CALL_EXTERN (num_type_with_queued) 
133 - 2074 = peas (0XB) 
133 - 2079 POP  
134 - 2080 PUSH peas (0XB) 
134 - 2085 = p (0XC) 
134 - 2090 POP  
134 - 2091 JUMP 2102 
134 - 2096 ++ p (0XC) 
134 - 2101 POP  
134 - 2102 PUSH p (0XC) 
134 - 2107 PUSH 16 (0X17) 
134 - 2112 <  
134 - 2113 JUMP_IF_NOT 2144 
135 - 2118 PUSH Citizen" (0X8) 
135 - 2123 PUSH 1 (0) 
135 - 2128 PUSH who (0) 
135 - 2133 CALL_EXTERN (train_unit_with_cost) 
135 - 2138 POP  
136 - 2139 JUMP 2096 
137 - 2144 PUSH Citizen" (0X8) 
137 - 2149 PUSH who (0) 
137 - 2154 CALL_EXTERN (num_type_with_queued) 
137 - 2159 PUSH 16 (0X17) 
137 - 2164 >=  
137 - 2165 JUMP_IF_NOT 2176 
137 - 2170 ++ step (0X1) 
137 - 2175 POP  
138 - 2176 PUSH 1 (0) 
138 - 2181 = return_value (0X5) 
138 - 2186 POP  
139 - 2187 JUMP 4143 
141 - 2192 PUSH The Art of War" (0X1C) 
141 - 2197 PUSH who (0) 
141 - 2202 CALL_EXTERN (research_tech_with_cost) 
141 - 2207 POP  
142 - 2208 PUSH The Art of War" (0X1C) 
142 - 2213 PUSH who (0) 
142 - 2218 CALL_EXTERN (researching_tech) 
142 - 2223 JUMP_IF_NOT 2234 
142 - 2228 ++ step (0X1) 
142 - 2233 POP  
143 - 2234 PUSH 1 (0) 
143 - 2239 = return_value (0X5) 
143 - 2244 POP  
144 - 2245 JUMP 4143 
146 - 2250 PUSH my_capital (0X8) 
146 - 2255 PUSH Market" (0X1E) 
146 - 2260 PUSH who (0) 
146 - 2265 CALL_EXTERN (place_building_with_cost) 
146 - 2270 POP  
147 - 2271 PUSH Market" (0X1E) 
147 - 2276 PUSH who (0) 
147 - 2281 CALL_EXTERN (find_inactive_build) 
147 - 2286 JUMP_IF_NOT 2297 
147 - 2291 ++ step (0X1) 
147 - 2296 POP  
148 - 2297 PUSH 1 (0) 
148 - 2302 = return_value (0X5) 
148 - 2307 POP  
149 - 2308 JUMP 4143 
151 - 2313 PUSH Coinage" (0X20) 
151 - 2318 PUSH who (0) 
151 - 2323 CALL_EXTERN (research_tech_with_cost) 
151 - 2328 POP  
152 - 2329 PUSH Coinage" (0X20) 
152 - 2334 PUSH who (0) 
152 - 2339 CALL_EXTERN (researching_tech) 
152 - 2344 JUMP_IF_NOT 2355 
152 - 2349 ++ step (0X1) 
152 - 2354 POP  
153 - 2355 PUSH 1 (0) 
153 - 2360 = return_value (0X5) 
153 - 2365 POP  
154 - 2366 JUMP 4143 
156 - 2371 PUSH Citizen" (0X8) 
156 - 2376 PUSH who (0) 
156 - 2381 CALL_EXTERN (num_type_with_queued) 
156 - 2386 = peas (0XB) 
156 - 2391 POP  
157 - 2392 PUSH peas (0XB) 
157 - 2397 = p (0XC) 
157 - 2402 POP  
157 - 2403 JUMP 2414 
157 - 2408 ++ p (0XC) 
157 - 2413 POP  
157 - 2414 PUSH p (0XC) 
157 - 2419 PUSH 17 (0X18) 
157 - 2424 <  
157 - 2425 JUMP_IF_NOT 2456 
158 - 2430 PUSH Citizen" (0X8) 
158 - 2435 PUSH 1 (0) 
158 - 2440 PUSH who (0) 
158 - 2445 CALL_EXTERN (train_unit_with_cost) 
158 - 2450 POP  
159 - 2451 JUMP 2408 
160 - 2456 PUSH Citizen" (0X8) 
160 - 2461 PUSH who (0) 
160 - 2466 CALL_EXTERN (num_type_with_queued) 
160 - 2471 PUSH 17 (0X18) 
160 - 2476 >=  
160 - 2477 JUMP_IF_NOT 2488 
160 - 2482 ++ step (0X1) 
160 - 2487 POP  
161 - 2488 PUSH 1 (0) 
161 - 2493 = return_value (0X5) 
161 - 2498 POP  
162 - 2499 JUMP 4143 
164 - 2504 PUSH 2 (0X1) 
164 - 2509 PUSH who (0) 
164 - 2514 CALL_EXTERN (find_city_with_num) 
164 - 2519 = my_second_city (0XD) 
164 - 2524 POP  
165 - 2525 PUSH my_second_city (0XD) 
165 - 2530 PUSH Farm" (0X6) 
165 - 2535 PUSH who (0) 
165 - 2540 CALL_EXTERN (place_building_with_cost) 
165 - 2545 PUSH 0 (0X3) 
165 - 2550 >  
165 - 2551 JUMP_IF_NOT 2562 
165 - 2556 ++ step (0X1) 
165 - 2561 POP  
166 - 2562 PUSH 1 (0) 
166 - 2567 = return_value (0X5) 
166 - 2572 POP  
167 - 2573 JUMP 4143 
169 - 2578 PUSH Citizen" (0X8) 
169 - 2583 PUSH who (0) 
169 - 2588 CALL_EXTERN (num_type_with_queued) 
169 - 2593 = peas (0XB) 
169 - 2598 POP  
170 - 2599 PUSH peas (0XB) 
170 - 2604 = p (0XC) 
170 - 2609 POP  
170 - 2610 JUMP 2621 
170 - 2615 ++ p (0XC) 
170 - 2620 POP  
170 - 2621 PUSH p (0XC) 
170 - 2626 PUSH 20 (0X1B) 
170 - 2631 <  
170 - 2632 JUMP_IF_NOT 2663 
171 - 2637 PUSH Citizen" (0X8) 
171 - 2642 PUSH 1 (0) 
171 - 2647 PUSH who (0) 
171 - 2652 CALL_EXTERN (train_unit_with_cost) 
171 - 2657 POP  
172 - 2658 JUMP 2615 
173 - 2663 PUSH Citizen" (0X8) 
173 - 2668 PUSH who (0) 
173 - 2673 CALL_EXTERN (num_type_with_queued) 
173 - 2678 PUSH 20 (0X1B) 
173 - 2683 >=  
173 - 2684 JUMP_IF_NOT 2695 
173 - 2689 ++ step (0X1) 
173 - 2694 POP  
174 - 2695 PUSH 1 (0) 
174 - 2700 = return_value (0X5) 
174 - 2705 POP  
175 - 2706 JUMP 4143 
177 - 2711 PUSH Caravan" (0X25) 
177 - 2716 PUSH 1 (0) 
177 - 2721 PUSH who (0) 
177 - 2726 CALL_EXTERN (train_unit_with_cost) 
177 - 2731 POP  
178 - 2732 PUSH Caravan" (0X25) 
178 - 2737 PUSH who (0) 
178 - 2742 CALL_EXTERN (num_type_with_queued) 
178 - 2747 PUSH 0 (0X3) 
178 - 2752 >  
178 - 2753 JUMP_IF_NOT 2764 
178 - 2758 ++ step (0X1) 
178 - 2763 POP  
179 - 2764 PUSH 1 (0) 
179 - 2769 = return_value (0X5) 
179 - 2774 POP  
180 - 2775 JUMP 4143 
182 - 2780 PUSH 2 (0X1) 
182 - 2785 PUSH who (0) 
182 - 2790 CALL_EXTERN (find_city_with_num) 
182 - 2795 = my_second_city (0XD) 
182 - 2800 POP  
183 - 2801 PUSH my_second_city (0XD) 
183 - 2806 PUSH Woodcutter's Camp" (0X5) 
183 - 2811 PUSH who (0) 
183 - 2816 CALL_EXTERN (place_building_with_cost) 
183 - 2821 PUSH 0 (0X3) 
183 - 2826 >  
183 - 2827 JUMP_IF_NOT 2843 
183 - 2832 ++ step (0X1) 
183 - 2837 POP  
183 - 2838 JUMP 2917 
184 - 2843 PUSH my_capital (0X8) 
184 - 2848 PUSH Woodcutter's Camp" (0X5) 
184 - 2853 PUSH who (0) 
184 - 2858 CALL_EXTERN (place_building_with_cost) 
184 - 2863 PUSH 0 (0X3) 
184 - 2868 >  
184 - 2869 JUMP_IF_NOT 2885 
184 - 2874 ++ step (0X1) 
184 - 2879 POP  
184 - 2880 JUMP 2917 
185 - 2885 PUSH Woodcutter's Camp" (0X5) 
185 - 2890 PUSH who (0) 
185 - 2895 CALL_EXTERN (can_pay_cost) 
185 - 2900 PUSH 0 (0X3) 
185 - 2905 >  
185 - 2906 JUMP_IF_NOT 2917 
185 - 2911 ++ step (0X1) 
185 - 2916 POP  
186 - 2917 PUSH 1 (0) 
186 - 2922 = return_value (0X5) 
186 - 2927 POP  
187 - 2928 JUMP 4143 
189 - 2933 PUSH Citizen" (0X8) 
189 - 2938 PUSH 1 (0) 
189 - 2943 PUSH who (0) 
189 - 2948 CALL_EXTERN (train_unit_with_cost) 
189 - 2953 PUSH 0 (0X3) 
189 - 2958 >  
189 - 2959 JUMP_IF_NOT 2970 
189 - 2964 ++ step (0X1) 
189 - 2969 POP  
190 - 2970 PUSH 1 (0) 
190 - 2975 = return_value (0X5) 
190 - 2980 POP  
191 - 2981 JUMP 4143 
193 - 2986 PUSH 2 (0X1) 
193 - 2991 PUSH who (0) 
193 - 2996 CALL_EXTERN (find_city_with_num) 
193 - 3001 = my_second_city (0XD) 
193 - 3006 POP  
194 - 3007 PUSH my_second_city (0XD) 
194 - 3012 PUSH Farm" (0X6) 
194 - 3017 PUSH who (0) 
194 - 3022 CALL_EXTERN (place_building_with_cost) 
194 - 3027 PUSH 0 (0X3) 
194 - 3032 >  
194 - 3033 JUMP_IF_NOT 3044 
194 - 3038 ++ step (0X1) 
194 - 3043 POP  
195 - 3044 PUSH 1 (0) 
195 - 3049 = return_value (0X5) 
195 - 3054 POP  
196 - 3055 JUMP 4143 
198 - 3060 PUSH Citizen" (0X8) 
198 - 3065 PUSH 1 (0) 
198 - 3070 PUSH who (0) 
198 - 3075 CALL_EXTERN (train_unit_with_cost) 
198 - 3080 PUSH 0 (0X3) 
198 - 3085 >  
198 - 3086 JUMP_IF_NOT 3097 
198 - 3091 ++ step (0X1) 
198 - 3096 POP  
199 - 3097 PUSH 1 (0) 
199 - 3102 = return_value (0X5) 
199 - 3107 POP  
200 - 3108 JUMP 4143 
202 - 3113 PUSH 2 (0X1) 
202 - 3118 PUSH who (0) 
202 - 3123 CALL_EXTERN (find_city_with_num) 
202 - 3128 = my_second_city (0XD) 
202 - 3133 POP  
203 - 3134 PUSH my_second_city (0XD) 
203 - 3139 PUSH Farm" (0X6) 
203 - 3144 PUSH who (0) 
203 - 3149 CALL_EXTERN (place_building_with_cost) 
203 - 3154 PUSH 0 (0X3) 
203 - 3159 >  
203 - 3160 JUMP_IF_NOT 3171 
203 - 3165 ++ step (0X1) 
203 - 3170 POP  
204 - 3171 PUSH 1 (0) 
204 - 3176 = return_value (0X5) 
204 - 3181 POP  
205 - 3182 JUMP 4143 
207 - 3187 PUSH who (0) 
207 - 3192 CALL_EXTERN (find_idle_citizen) 
207 - 3197 INIT_DECL idle (0XE) anytype
208 - 3203 PUSH idle (0XE) 
208 - 3208 PUSH 0 (0X3) 
208 - 3213 !=  
208 - 3214 JUMP_IF_NOT 3691 
210 - 3219 PUSH Woodcutter's Camp" (0X5) 
210 - 3224 PUSH who (0) 
210 - 3229 CALL_EXTERN (num_type) 
210 - 3234 = i (0X7) 
210 - 3239 POP  
210 - 3240 JUMP 3251 
210 - 3245 -- i (0X7) 
210 - 3250 POP  
210 - 3251 PUSH i (0X7) 
210 - 3256 PUSH 0 (0X3) 
210 - 3261 >  
210 - 3262 JUMP_IF_NOT 3361 
211 - 3267 PUSH Woodcutter's Camp" (0X5) 
211 - 3272 PUSH who (0) 
211 - 3277 CALL_EXTERN (find_build) 
211 - 3282 INIT_DECL wood_camp (0XF) anytype
212 - 3288 PUSH wood_camp (0XF) 
212 - 3293 PUSH who (0) 
212 - 3298 CALL_EXTERN (num_workers_at_building) 
212 - 3303 PUSH wood_camp (0XF) 
212 - 3308 PUSH who (0) 
212 - 3313 CALL_EXTERN (max_workers_at_building) 
212 - 3318 <  
212 - 3319 JUMP_IF_NOT 3345 
213 - 3324 PUSH 0 (0X3) 
213 - 3329 INIT_DECL build_new_wood_camp (0X10) anytype
214 - 3335 JUMP 3361 
214 - 3340 JUMP 3356 
217 - 3345 PUSH 1 (0) 
217 - 3350 = build_new_wood_camp (0X10) 
217 - 3355 POP  
219 - 3356 JUMP 3245 
221 - 3361 PUSH build_new_wood_camp (0X10) 
221 - 3366 PUSH 1 (0) 
221 - 3371 ==  
221 - 3372 JUMP_IF_NOT 3549 
223 - 3377 PUSH 2 (0X1) 
223 - 3382 PUSH who (0) 
223 - 3387 CALL_EXTERN (find_city_with_num) 
223 - 3392 = my_second_city (0XD) 
223 - 3397 POP  
224 - 3398 PUSH my_second_city (0XD) 
224 - 3403 PUSH Woodcutter's Camp" (0X5) 
224 - 3408 PUSH who (0) 
224 - 3413 CALL_EXTERN (place_building_with_cost) 
224 - 3418 PUSH 0 (0X3) 
224 - 3423 >  
224 - 3424 JUMP_IF_NOT 3455 
225 - 3429 PUSH Woodcutter's Camp" (0X5) 
225 - 3434 PUSH who (0) 
225 - 3439 CALL_EXTERN (find_inactive_build) 
225 - 3444 = wood_camp (0XF) 
225 - 3449 POP  
225 - 3450 JUMP 3549 
227 - 3455 PUSH my_capital (0X8) 
227 - 3460 PUSH Woodcutter's Camp" (0X5) 
227 - 3465 PUSH who (0) 
227 - 3470 CALL_EXTERN (place_building_with_cost) 
227 - 3475 PUSH 0 (0X3) 
227 - 3480 >  
227 - 3481 JUMP_IF_NOT 3512 
228 - 3486 PUSH Woodcutter's Camp" (0X5) 
228 - 3491 PUSH who (0) 
228 - 3496 CALL_EXTERN (find_inactive_build) 
228 - 3501 = wood_camp (0XF) 
228 - 3506 POP  
228 - 3507 JUMP 3549 
230 - 3512 PUSH Woodcutter's Camp" (0X5) 
230 - 3517 PUSH who (0) 
230 - 3522 CALL_EXTERN (can_pay_cost) 
230 - 3527 PUSH 0 (0X3) 
230 - 3532 >  
230 - 3533 JUMP_IF_NOT 3549 
231 - 3538 PUSH -1 (0X2C) 
231 - 3543 = wood_camp (0XF) 
231 - 3548 POP  
235 - 3549 PUSH wood_camp (0XF) 
235 - 3554 PUSH 0 (0X3) 
235 - 3559 >=  
235 - 3560 JUMP_IF_NOT 3691 
236 - 3565 PUSH wood_camp (0XF) 
236 - 3570 PUSH who (0) 
236 - 3575 CALL_EXTERN (object_position_x) 
236 - 3580 INIT_DECL xpos (0X11) anytype
237 - 3586 PUSH wood_camp (0XF) 
237 - 3591 PUSH who (0) 
237 - 3596 CALL_EXTERN (object_position_y) 
237 - 3601 INIT_DECL ypos (0X12) anytype
239 - 3607 PUSH who (0) 
239 - 3612 CALL_EXTERN (find_idle_citizen) 
239 - 3617 = idle (0XE) 
239 - 3622 POP  
239 - 3623 JUMP 3644 
239 - 3628 PUSH who (0) 
239 - 3633 CALL_EXTERN (find_idle_citizen) 
239 - 3638 = idle (0XE) 
239 - 3643 POP  
239 - 3644 PUSH idle (0XE) 
239 - 3649 PUSH -1 (0X2C) 
239 - 3654 >  
239 - 3655 JUMP_IF_NOT 3691 
240 - 3660 PUSH ypos (0X12) 
240 - 3665 PUSH xpos (0X11) 
240 - 3670 PUSH idle (0XE) 
240 - 3675 PUSH who (0) 
240 - 3680 CALL_EXTERN (unit_move_order) 
240 - 3685 POP  
240 - 3686 JUMP 3628 
243 - 3691 ++ step (0X1) 
243 - 3696 POP  
244 - 3697 PUSH 1 (0) 
244 - 3702 = return_value (0X5) 
244 - 3707 POP  
245 - 3708 JUMP 4143 
247 - 3713 PUSH 2 (0X1) 
247 - 3718 PUSH who (0) 
247 - 3723 CALL_EXTERN (find_city_with_num) 
247 - 3728 = my_second_city (0XD) 
247 - 3733 POP  
248 - 3734 PUSH my_second_city (0XD) 
248 - 3739 PUSH Granary" (0X2E) 
248 - 3744 PUSH who (0) 
248 - 3749 CALL_EXTERN (place_building_with_cost) 
248 - 3754 PUSH 0 (0X3) 
248 - 3759 >  
248 - 3760 JUMP_IF_NOT 3771 
248 - 3765 ++ step (0X1) 
248 - 3770 POP  
249 - 3771 PUSH 1 (0) 
249 - 3776 INIT_DECL return_vale (0X13) anytype
250 - 3782 JUMP 4143 
252 - 3787 PUSH Citizen" (0X8) 
252 - 3792 PUSH who (0) 
252 - 3797 CALL_EXTERN (num_type_with_queued) 
252 - 3802 = peas (0XB) 
252 - 3807 POP  
253 - 3808 PUSH peas (0XB) 
253 - 3813 = p (0XC) 
253 - 3818 POP  
253 - 3819 JUMP 3830 
253 - 3824 ++ p (0XC) 
253 - 3829 POP  
253 - 3830 PUSH p (0XC) 
253 - 3835 PUSH 24 (0X22) 
253 - 3840 <  
253 - 3841 JUMP_IF_NOT 3872 
254 - 3846 PUSH Citizen" (0X8) 
254 - 3851 PUSH 1 (0) 
254 - 3856 PUSH who (0) 
254 - 3861 CALL_EXTERN (train_unit_with_cost) 
254 - 3866 POP  
255 - 3867 JUMP 3824 
256 - 3872 PUSH Citizen" (0X8) 
256 - 3877 PUSH who (0) 
256 - 3882 CALL_EXTERN (num_type_with_queued) 
256 - 3887 PUSH 24 (0X22) 
256 - 3892 >=  
256 - 3893 JUMP_IF_NOT 3904 
256 - 3898 ++ step (0X1) 
256 - 3903 POP  
257 - 3904 PUSH 1 (0) 
257 - 3909 = return_value (0X5) 
257 - 3914 POP  
258 - 3915 JUMP 4143 
260 - 3920 PUSH Merchant" (0X31) 
260 - 3925 PUSH 1 (0) 
260 - 3930 PUSH who (0) 
260 - 3935 CALL_EXTERN (train_unit_with_cost) 
260 - 3940 PUSH 0 (0X3) 
260 - 3945 >  
260 - 3946 JUMP_IF_NOT 3957 
260 - 3951 ++ step (0X1) 
260 - 3956 POP  
261 - 3957 PUSH 1 (0) 
261 - 3962 = return_value (0X5) 
261 - 3967 POP  
262 - 3968 JUMP 4143 
264 - 3973 PUSH Citizen" (0X8) 
264 - 3978 PUSH 1 (0) 
264 - 3983 PUSH who (0) 
264 - 3988 CALL_EXTERN (train_unit_with_cost) 
264 - 3993 PUSH 0 (0X3) 
264 - 3998 >  
264 - 3999 JUMP_IF_NOT 4010 
264 - 4004 ++ step (0X1) 
264 - 4009 POP  
265 - 4010 PUSH 1 (0) 
265 - 4015 = return_value (0X5) 
265 - 4020 POP  
266 - 4021 JUMP 4143 
268 - 4026 PUSH Merchant" (0X31) 
268 - 4031 PUSH 1 (0) 
268 - 4036 PUSH who (0) 
268 - 4041 CALL_EXTERN (train_unit_with_cost) 
268 - 4046 PUSH 0 (0X3) 
268 - 4051 >  
268 - 4052 JUMP_IF_NOT 4063 
268 - 4057 ++ step (0X1) 
268 - 4062 POP  
269 - 4063 PUSH 1 (0) 
269 - 4068 = return_value (0X5) 
269 - 4073 POP  
270 - 4074 JUMP 4143 
272 - 4079 PUSH Classical Age" (0X35) 
272 - 4084 PUSH who (0) 
272 - 4089 CALL_EXTERN (research_tech_with_cost) 
272 - 4094 PUSH 0 (0X3) 
272 - 4099 >  
272 - 4100 JUMP_IF_NOT 4111 
272 - 4105 ++ step (0X1) 
272 - 4110 POP  
273 - 4111 PUSH 1 (0) 
273 - 4116 = return_value (0X5) 
273 - 4121 POP  
274 - 4122 JUMP 4143 
276 - 4127 PUSH 3 (0X2) 
276 - 4132 = return_value (0X5) 
276 - 4137 POP  
277 - 4138 JUMP 4143 
279 - 4143 JUMP 177 
281 - 4148 PUSH return_value (0X5) 
281 - 4153 RETURN  
